[ 2016-05-24T08:59:10+08:00 ] ::1 /lamp/Fanhuawei/
INFO: [ app_init ] --START--
INFO: Run Behavior\BuildLiteBehavior [ RunTime:0.000000s ]
INFO: [ app_init ] --END-- [ RunTime:0.002000s ]
INFO: [ app_begin ] --START--
INFO: Run Behavior\ReadHtmlCacheBehavior [ RunTime:0.002000s ]
INFO: [ app_begin ] --END-- [ RunTime:0.002000s ]
SQL: SHOW COLUMNS FROM `fhw_goods` [ RunTime:0.0040s ]
SQL: SELECT * FROM `fhw_goods` LIMIT 4   [ RunTime:0.0020s ]
SQL: SHOW COLUMNS FROM `fhw_categorys` [ RunTime:0.0030s ]
SQL: SELECT `id` FROM `fhw_categorys` WHERE ( pid=10 )  [ RunTime:0.0010s ]
NOTIC: [8] Undefined variable: pid D:\wamp\www\lamp\Fanhuawei\Application\Home\Controller\IndexController.class.php 第 14 行.
SQL: SELECT * FROM `fhw_goods` WHERE ( cateid in (11,12,13) ) LIMIT 2,6   [ RunTime:0.0020s ]
SQL: SELECT * FROM `fhw_goods` WHERE ( cateid in (11,12,13) ) LIMIT 1   [ RunTime:0.0020s ]
SQL: SELECT `id` FROM `fhw_categorys` WHERE ( pid=15 )  [ RunTime:0.0010s ]
NOTIC: [8] Undefined variable: pdid D:\wamp\www\lamp\Fanhuawei\Application\Home\Controller\IndexController.class.php 第 25 行.
SQL: SELECT * FROM `fhw_goods` WHERE ( cateid in (16,17) ) LIMIT 2,6   [ RunTime:0.0020s ]
SQL: SELECT * FROM `fhw_goods` WHERE ( cateid in (16,17) ) LIMIT 1   [ RunTime:0.0020s ]
SQL: SELECT `id` FROM `fhw_categorys` WHERE ( pid=19 )  [ RunTime:0.0010s ]
NOTIC: [8] Undefined variable: jjid D:\wamp\www\lamp\Fanhuawei\Application\Home\Controller\IndexController.class.php 第 37 行.
SQL: SELECT * FROM `fhw_goods` WHERE ( cateid in (20,21,22) ) LIMIT 2,6   [ RunTime:0.0020s ]
SQL: SELECT * FROM `fhw_goods` WHERE ( cateid in (20,21,22) ) LIMIT 1   [ RunTime:0.0010s ]
SQL: SELECT `id` FROM `fhw_categorys` WHERE ( pid=23 )  [ RunTime:0.0010s ]
NOTIC: [8] Undefined variable: pjid D:\wamp\www\lamp\Fanhuawei\Application\Home\Controller\IndexController.class.php 第 48 行.
SQL: SELECT * FROM `fhw_goods` WHERE ( cateid in (24,26,27) ) LIMIT 2,6   [ RunTime:0.0020s ]
SQL: SELECT * FROM `fhw_goods` WHERE ( cateid in (24,26,27) ) LIMIT 1   [ RunTime:0.0020s ]
SQL: SHOW COLUMNS FROM `fhw_article` [ RunTime:0.0030s ]
SQL: SELECT * FROM `fhw_article` LIMIT 0,5   [ RunTime:0.0050s ]
SQL: SELECT * FROM `fhw_article` LIMIT 6,5   [ RunTime:0.0070s ]
INFO: [ view_parse ] --START--
INFO: [ template_filter ] --START--
INFO: Run Behavior\ContentReplaceBehavior [ RunTime:0.024001s ]
INFO: [ template_filter ] --END-- [ RunTime:0.024001s ]
NOTIC: [8] Use of undefined constant id - assumed 'id' D:\wamp\www\lamp\Fanhuawei\Application\Runtime\Cache\Home\2a94b8bda04ff446dcedd42276fc99ee.php 第 410 行.
NOTIC: [8] Use of undefined constant id - assumed 'id' D:\wamp\www\lamp\Fanhuawei\Application\Runtime\Cache\Home\2a94b8bda04ff446dcedd42276fc99ee.php 第 410 行.
NOTIC: [8] Use of undefined constant id - assumed 'id' D:\wamp\www\lamp\Fanhuawei\Application\Runtime\Cache\Home\2a94b8bda04ff446dcedd42276fc99ee.php 第 410 行.
NOTIC: [8] Use of undefined constant id - assumed 'id' D:\wamp\www\lamp\Fanhuawei\Application\Runtime\Cache\Home\2a94b8bda04ff446dcedd42276fc99ee.php 第 410 行.
NOTIC: [8] Use of undefined constant id - assumed 'id' D:\wamp\www\lamp\Fanhuawei\Application\Runtime\Cache\Home\2a94b8bda04ff446dcedd42276fc99ee.php 第 410 行.
NOTIC: [8] Use of undefined constant id - assumed 'id' D:\wamp\www\lamp\Fanhuawei\Application\Runtime\Cache\Home\2a94b8bda04ff446dcedd42276fc99ee.php 第 413 行.
NOTIC: [8] Use of undefined constant id - assumed 'id' D:\wamp\www\lamp\Fanhuawei\Application\Runtime\Cache\Home\2a94b8bda04ff446dcedd42276fc99ee.php 第 413 行.
NOTIC: [8] Use of undefined constant id - assumed 'id' D:\wamp\www\lamp\Fanhuawei\Application\Runtime\Cache\Home\2a94b8bda04ff446dcedd42276fc99ee.php 第 413 行.
NOTIC: [8] Use of undefined constant id - assumed 'id' D:\wamp\www\lamp\Fanhuawei\Application\Runtime\Cache\Home\2a94b8bda04ff446dcedd42276fc99ee.php 第 413 行.
NOTIC: [8] Use of undefined constant id - assumed 'id' D:\wamp\www\lamp\Fanhuawei\Application\Runtime\Cache\Home\2a94b8bda04ff446dcedd42276fc99ee.php 第 413 行.
NOTIC: [8] Undefined index: id D:\wamp\www\lamp\Fanhuawei\Application\Runtime\Cache\Home\2a94b8bda04ff446dcedd42276fc99ee.php 第 450 行.
INFO: Run Behavior\ParseTemplateBehavior [ RunTime:0.250014s ]
INFO: [ view_parse ] --END-- [ RunTime:0.250014s ]
INFO: [ view_filter ] --START--
INFO: Run Behavior\WriteHtmlCacheBehavior [ RunTime:0.005000s ]
INFO: [ view_filter ] --END-- [ RunTime:0.005000s ]
INFO: [ app_end ] --START--
INFO: Run Behavior\ShowPageTraceBehavior [ RunTime:0.008001s ]
INFO: [ app_end ] --END-- [ RunTime:0.008001s ]

[ 2016-05-24T08:59:11+08:00 ] ::1 /lamp/Fanhuawei/index.php/Home/public/header.html
INFO: [ app_init ] --START--
INFO: Run Behavior\BuildLiteBehavior [ RunTime:0.000000s ]
INFO: [ app_init ] --END-- [ RunTime:0.000000s ]
INFO: [ app_begin ] --START--
INFO: Run Behavior\ReadHtmlCacheBehavior [ RunTime:0.001000s ]
INFO: [ app_begin ] --END-- [ RunTime:0.001000s ]
SQL: SHOW COLUMNS FROM `fhw_categorys` [ RunTime:0.0030s ]
SQL: SELECT * FROM `fhw_categorys` WHERE `pid` = 0 ORDER BY id  [ RunTime:0.0010s ]
SQL: SELECT * FROM `fhw_categorys` WHERE `path` LIKE '0-10' LIMIT 3   [ RunTime:0.0010s ]
SQL: SELECT * FROM `fhw_categorys` WHERE `path` LIKE '0-15' LIMIT 3   [ RunTime:0.0010s ]
SQL: SELECT * FROM `fhw_categorys` WHERE `path` LIKE '0-19' LIMIT 3   [ RunTime:0.0010s ]
SQL: SELECT * FROM `fhw_categorys` WHERE `path` LIKE '0-23' LIMIT 3   [ RunTime:0.0010s ]
SQL: SELECT * FROM `fhw_categorys` WHERE `path` LIKE '0-30' LIMIT 3   [ RunTime:0.0010s ]
SQL: SELECT * FROM `fhw_categorys` WHERE `path` LIKE '0-35' LIMIT 3   [ RunTime:0.0010s ]
INFO: [ app_end ] --START--
INFO: Run Behavior\ShowPageTraceBehavior [ RunTime:0.001000s ]
INFO: [ app_end ] --END-- [ RunTime:0.001000s ]

[ 2016-05-24T08:59:11+08:00 ] ::1 /lamp/Fanhuawei/index.php/Home/public/smallSC.html
INFO: [ app_init ] --START--
INFO: Run Behavior\BuildLiteBehavior [ RunTime:0.000000s ]
INFO: [ app_init ] --END-- [ RunTime:0.001000s ]
INFO: [ app_begin ] --START--
INFO: Run Behavior\ReadHtmlCacheBehavior [ RunTime:0.001000s ]
INFO: [ app_begin ] --END-- [ RunTime:0.001000s ]
NOTIC: [8] Undefined index: user_info D:\wamp\www\lamp\Fanhuawei\Application\Home\Controller\PublicController.class.php 第 77 行.
SQL: SHOW COLUMNS FROM `fhw_shopcar` [ RunTime:0.0020s ]
SQL: SHOW COLUMNS FROM `fhw_shopcar` [ RunTime:0.0030s ]
ERR: 1064:You have an error in your SQL syntax; check the manual that corresponds to your MySQL server version for the right syntax to use near ')' at line 1
 [ SQL语句 ] : SELECT gd.id,gd.image1,gd.intro,gd.price,sc.style,sc.subtotal,sc.num,sc.goodsname FROM fhw_shopcar sc,fhw_goods gd WHERE ( sc.gid=gd.id and sc.uid= ) 
ERR: 1064:You have an error in your SQL syntax; check the manual that corresponds to your MySQL server version for the right syntax to use near ')' at line 1
 [ SQL语句 ] : SELECT gd.id,gd.image1,gd.intro,gd.price,sc.style,sc.subtotal,sc.num,sc.goodsname FROM fhw_shopcar sc,fhw_goods gd WHERE ( sc.gid=gd.id and sc.uid= ) 

[ 2016-05-24T08:59:11+08:00 ] ::1 /lamp/Fanhuawei/index.php/Home/public/naver.html
INFO: [ app_init ] --START--
INFO: Run Behavior\BuildLiteBehavior [ RunTime:0.000000s ]
INFO: [ app_init ] --END-- [ RunTime:0.001000s ]
INFO: [ app_begin ] --START--
INFO: Run Behavior\ReadHtmlCacheBehavior [ RunTime:0.001000s ]
INFO: [ app_begin ] --END-- [ RunTime:0.002000s ]
SQL: SHOW COLUMNS FROM `fhw_categorys` [ RunTime:0.0030s ]
SQL: SELECT * FROM `fhw_categorys` WHERE `pid` = 0 ORDER BY id  [ RunTime:0.0010s ]
INFO: [ app_end ] --START--
INFO: Run Behavior\ShowPageTraceBehavior [ RunTime:0.001000s ]
INFO: [ app_end ] --END-- [ RunTime:0.001000s ]

[ 2016-05-24T08:59:12+08:00 ] ::1 /lamp/Fanhuawei/index.php/Home/public/login.html
INFO: [ app_init ] --START--
INFO: Run Behavior\BuildLiteBehavior [ RunTime:0.000000s ]
INFO: [ app_init ] --END-- [ RunTime:0.000000s ]
INFO: [ app_begin ] --START--
INFO: Run Behavior\ReadHtmlCacheBehavior [ RunTime:0.001000s ]
INFO: [ app_begin ] --END-- [ RunTime:0.001000s ]
NOTIC: [8] Undefined index: user_info D:\wamp\www\lamp\Fanhuawei\Application\Home\Controller\PublicController.class.php 第 59 行.
NOTIC: [8] Undefined variable: user_id D:\wamp\www\lamp\Fanhuawei\Application\Home\Controller\PublicController.class.php 第 69 行.
NOTIC: [8] Undefined variable: user_name D:\wamp\www\lamp\Fanhuawei\Application\Home\Controller\PublicController.class.php 第 70 行.
INFO: [ app_end ] --START--
INFO: Run Behavior\ShowPageTraceBehavior [ RunTime:0.001000s ]
INFO: [ app_end ] --END-- [ RunTime:0.001000s ]

[ 2016-05-24T08:59:12+08:00 ] ::1 /lamp/Fanhuawei/index.php/Home/public/links.html
INFO: [ app_init ] --START--
INFO: Run Behavior\BuildLiteBehavior [ RunTime:0.000000s ]
INFO: [ app_init ] --END-- [ RunTime:0.006000s ]
INFO: [ app_begin ] --START--
INFO: Run Behavior\ReadHtmlCacheBehavior [ RunTime:0.001001s ]
INFO: [ app_begin ] --END-- [ RunTime:0.001001s ]
SQL: SHOW COLUMNS FROM `fhw_blogro` [ RunTime:0.0040s ]
SQL: SELECT * FROM `fhw_blogro` WHERE ( state=1 )  [ RunTime:0.0020s ]
INFO: [ app_end ] --START--
INFO: Run Behavior\ShowPageTraceBehavior [ RunTime:0.001000s ]
INFO: [ app_end ] --END-- [ RunTime:0.002000s ]

[ 2016-05-24T08:59:46+08:00 ] ::1 /lamp/Fanhuawei/index.php/Home/catelist/catelist/cid/10.html
INFO: [ app_init ] --START--
INFO: Run Behavior\BuildLiteBehavior [ RunTime:0.002000s ]
INFO: [ app_init ] --END-- [ RunTime:0.004000s ]
INFO: [ app_begin ] --START--
INFO: Run Behavior\ReadHtmlCacheBehavior [ RunTime:0.001000s ]
INFO: [ app_begin ] --END-- [ RunTime:0.001000s ]
SQL: SHOW COLUMNS FROM `fhw_categorys` [ RunTime:0.0030s ]
SQL: SELECT * FROM `fhw_categorys` WHERE ( id=10 )  [ RunTime:0.0010s ]
SQL: SELECT * FROM `fhw_categorys` WHERE ( pid=10 ) ORDER BY id asc  [ RunTime:0.0020s ]
SQL: SHOW COLUMNS FROM `fhw_goods` [ RunTime:0.0030s ]
SQL: SELECT * FROM `fhw_goods` WHERE `cateid` IN ('11','12','13') ORDER BY id asc  [ RunTime:0.0020s ]
INFO: [ view_parse ] --START--
INFO: [ template_filter ] --START--
INFO: Run Behavior\ContentReplaceBehavior [ RunTime:0.001000s ]
INFO: [ template_filter ] --END-- [ RunTime:0.001000s ]
INFO: Run Behavior\ParseTemplateBehavior [ RunTime:0.097005s ]
INFO: [ view_parse ] --END-- [ RunTime:0.097005s ]
INFO: [ view_filter ] --START--
INFO: Run Behavior\WriteHtmlCacheBehavior [ RunTime:0.001000s ]
INFO: [ view_filter ] --END-- [ RunTime:0.001000s ]
INFO: [ app_end ] --START--
INFO: Run Behavior\ShowPageTraceBehavior [ RunTime:0.001000s ]
INFO: [ app_end ] --END-- [ RunTime:0.001000s ]

[ 2016-05-24T08:59:47+08:00 ] ::1 /lamp/Fanhuawei/index.php/Home/public/header.html
INFO: [ app_init ] --START--
INFO: Run Behavior\BuildLiteBehavior [ RunTime:0.000000s ]
INFO: [ app_init ] --END-- [ RunTime:0.001000s ]
INFO: [ app_begin ] --START--
INFO: Run Behavior\ReadHtmlCacheBehavior [ RunTime:0.000000s ]
INFO: [ app_begin ] --END-- [ RunTime:0.002000s ]
SQL: SHOW COLUMNS FROM `fhw_categorys` [ RunTime:0.0030s ]
SQL: SELECT * FROM `fhw_categorys` WHERE `pid` = 0 ORDER BY id  [ RunTime:0.0010s ]
SQL: SELECT * FROM `fhw_categorys` WHERE `path` LIKE '0-10' LIMIT 3   [ RunTime:0.0030s ]
SQL: SELECT * FROM `fhw_categorys` WHERE `path` LIKE '0-15' LIMIT 3   [ RunTime:0.0010s ]
SQL: SELECT * FROM `fhw_categorys` WHERE `path` LIKE '0-19' LIMIT 3   [ RunTime:0.0020s ]
SQL: SELECT * FROM `fhw_categorys` WHERE `path` LIKE '0-23' LIMIT 3   [ RunTime:0.0010s ]
SQL: SELECT * FROM `fhw_categorys` WHERE `path` LIKE '0-30' LIMIT 3   [ RunTime:0.0010s ]
SQL: SELECT * FROM `fhw_categorys` WHERE `path` LIKE '0-35' LIMIT 3   [ RunTime:0.0010s ]
INFO: [ app_end ] --START--
INFO: Run Behavior\ShowPageTraceBehavior [ RunTime:0.028002s ]
INFO: [ app_end ] --END-- [ RunTime:0.028002s ]

[ 2016-05-24T08:59:47+08:00 ] ::1 /lamp/Fanhuawei/index.php/Home/public/smallSC.html
INFO: [ app_init ] --START--
INFO: Run Behavior\BuildLiteBehavior [ RunTime:0.000000s ]
INFO: [ app_init ] --END-- [ RunTime:0.001000s ]
INFO: [ app_begin ] --START--
INFO: Run Behavior\ReadHtmlCacheBehavior [ RunTime:0.000000s ]
INFO: [ app_begin ] --END-- [ RunTime:0.001000s ]
NOTIC: [8] Undefined index: user_info D:\wamp\www\lamp\Fanhuawei\Application\Home\Controller\PublicController.class.php 第 77 行.
SQL: SHOW COLUMNS FROM `fhw_shopcar` [ RunTime:0.0030s ]
SQL: SHOW COLUMNS FROM `fhw_shopcar` [ RunTime:0.0030s ]
ERR: 1064:You have an error in your SQL syntax; check the manual that corresponds to your MySQL server version for the right syntax to use near ')' at line 1
 [ SQL语句 ] : SELECT gd.id,gd.image1,gd.intro,gd.price,sc.style,sc.subtotal,sc.num,sc.goodsname FROM fhw_shopcar sc,fhw_goods gd WHERE ( sc.gid=gd.id and sc.uid= ) 
ERR: 1064:You have an error in your SQL syntax; check the manual that corresponds to your MySQL server version for the right syntax to use near ')' at line 1
 [ SQL语句 ] : SELECT gd.id,gd.image1,gd.intro,gd.price,sc.style,sc.subtotal,sc.num,sc.goodsname FROM fhw_shopcar sc,fhw_goods gd WHERE ( sc.gid=gd.id and sc.uid= ) 

[ 2016-05-24T08:59:47+08:00 ] ::1 /lamp/Fanhuawei/index.php/Home/public/naver.html
INFO: [ app_init ] --START--
INFO: Run Behavior\BuildLiteBehavior [ RunTime:0.000000s ]
INFO: [ app_init ] --END-- [ RunTime:0.001000s ]
INFO: [ app_begin ] --START--
INFO: Run Behavior\ReadHtmlCacheBehavior [ RunTime:0.001000s ]
INFO: [ app_begin ] --END-- [ RunTime:0.001000s ]
SQL: SHOW COLUMNS FROM `fhw_categorys` [ RunTime:0.0020s ]
SQL: SELECT * FROM `fhw_categorys` WHERE `pid` = 0 ORDER BY id  [ RunTime:0.0010s ]
INFO: [ app_end ] --START--
INFO: Run Behavior\ShowPageTraceBehavior [ RunTime:0.001000s ]
INFO: [ app_end ] --END-- [ RunTime:0.001000s ]

[ 2016-05-24T08:59:47+08:00 ] ::1 /lamp/Fanhuawei/index.php/Home/public/links.html
INFO: [ app_init ] --START--
INFO: Run Behavior\BuildLiteBehavior [ RunTime:0.000000s ]
INFO: [ app_init ] --END-- [ RunTime:0.000000s ]
INFO: [ app_begin ] --START--
INFO: Run Behavior\ReadHtmlCacheBehavior [ RunTime:0.001000s ]
INFO: [ app_begin ] --END-- [ RunTime:0.001000s ]
SQL: SHOW COLUMNS FROM `fhw_blogro` [ RunTime:0.0030s ]
SQL: SELECT * FROM `fhw_blogro` WHERE ( state=1 )  [ RunTime:0.0010s ]
INFO: [ app_end ] --START--
INFO: Run Behavior\ShowPageTraceBehavior [ RunTime:0.001000s ]
INFO: [ app_end ] --END-- [ RunTime:0.001000s ]

[ 2016-05-24T08:59:47+08:00 ] ::1 /lamp/Fanhuawei/index.php/Home/public/login.html
INFO: [ app_init ] --START--
INFO: Run Behavior\BuildLiteBehavior [ RunTime:0.000000s ]
INFO: [ app_init ] --END-- [ RunTime:0.001000s ]
INFO: [ app_begin ] --START--
INFO: Run Behavior\ReadHtmlCacheBehavior [ RunTime:0.001000s ]
INFO: [ app_begin ] --END-- [ RunTime:0.002000s ]
NOTIC: [8] Undefined index: user_info D:\wamp\www\lamp\Fanhuawei\Application\Home\Controller\PublicController.class.php 第 59 行.
NOTIC: [8] Undefined variable: user_id D:\wamp\www\lamp\Fanhuawei\Application\Home\Controller\PublicController.class.php 第 69 行.
NOTIC: [8] Undefined variable: user_name D:\wamp\www\lamp\Fanhuawei\Application\Home\Controller\PublicController.class.php 第 70 行.
INFO: [ app_end ] --START--
INFO: Run Behavior\ShowPageTraceBehavior [ RunTime:0.001000s ]
INFO: [ app_end ] --END-- [ RunTime:0.001000s ]

[ 2016-05-24T08:59:54+08:00 ] ::1 /lamp/Fanhuawei/index.php/Home/catelist/catelist/cid/15.html
INFO: [ app_init ] --START--
INFO: Run Behavior\BuildLiteBehavior [ RunTime:0.000000s ]
INFO: [ app_init ] --END-- [ RunTime:0.001000s ]
INFO: [ app_begin ] --START--
INFO: Run Behavior\ReadHtmlCacheBehavior [ RunTime:0.001000s ]
INFO: [ app_begin ] --END-- [ RunTime:0.001000s ]
SQL: SHOW COLUMNS FROM `fhw_categorys` [ RunTime:0.0030s ]
SQL: SELECT * FROM `fhw_categorys` WHERE ( id=15 )  [ RunTime:0.0010s ]
SQL: SELECT * FROM `fhw_categorys` WHERE ( pid=15 ) ORDER BY id asc  [ RunTime:0.0010s ]
SQL: SHOW COLUMNS FROM `fhw_goods` [ RunTime:0.0030s ]
SQL: SELECT * FROM `fhw_goods` WHERE `cateid` IN ('16','17') ORDER BY id asc  [ RunTime:0.0020s ]
INFO: [ view_parse ] --START--
INFO: [ template_filter ] --START--
INFO: Run Behavior\ContentReplaceBehavior [ RunTime:0.001000s ]
INFO: [ template_filter ] --END-- [ RunTime:0.001000s ]
INFO: Run Behavior\ParseTemplateBehavior [ RunTime:0.053003s ]
INFO: [ view_parse ] --END-- [ RunTime:0.053003s ]
INFO: [ view_filter ] --START--
INFO: Run Behavior\WriteHtmlCacheBehavior [ RunTime:0.000000s ]
INFO: [ view_filter ] --END-- [ RunTime:0.001000s ]
INFO: [ app_end ] --START--
INFO: Run Behavior\ShowPageTraceBehavior [ RunTime:0.001000s ]
INFO: [ app_end ] --END-- [ RunTime:0.001000s ]

[ 2016-05-24T08:59:54+08:00 ] ::1 /lamp/Fanhuawei/index.php/Home/public/smallSC.html
INFO: [ app_init ] --START--
INFO: Run Behavior\BuildLiteBehavior [ RunTime:0.000000s ]
INFO: [ app_init ] --END-- [ RunTime:0.001000s ]
INFO: [ app_begin ] --START--
INFO: Run Behavior\ReadHtmlCacheBehavior [ RunTime:0.001000s ]
INFO: [ app_begin ] --END-- [ RunTime:0.001000s ]
NOTIC: [8] Undefined index: user_info D:\wamp\www\lamp\Fanhuawei\Application\Home\Controller\PublicController.class.php 第 77 行.
SQL: SHOW COLUMNS FROM `fhw_shopcar` [ RunTime:0.0030s ]
SQL: SHOW COLUMNS FROM `fhw_shopcar` [ RunTime:0.0030s ]
ERR: 1064:You have an error in your SQL syntax; check the manual that corresponds to your MySQL server version for the right syntax to use near ')' at line 1
 [ SQL语句 ] : SELECT gd.id,gd.image1,gd.intro,gd.price,sc.style,sc.subtotal,sc.num,sc.goodsname FROM fhw_shopcar sc,fhw_goods gd WHERE ( sc.gid=gd.id and sc.uid= ) 
ERR: 1064:You have an error in your SQL syntax; check the manual that corresponds to your MySQL server version for the right syntax to use near ')' at line 1
 [ SQL语句 ] : SELECT gd.id,gd.image1,gd.intro,gd.price,sc.style,sc.subtotal,sc.num,sc.goodsname FROM fhw_shopcar sc,fhw_goods gd WHERE ( sc.gid=gd.id and sc.uid= ) 

[ 2016-05-24T08:59:54+08:00 ] ::1 /lamp/Fanhuawei/index.php/Home/public/header.html
INFO: [ app_init ] --START--
INFO: Run Behavior\BuildLiteBehavior [ RunTime:0.000000s ]
INFO: [ app_init ] --END-- [ RunTime:0.000000s ]
INFO: [ app_begin ] --START--
INFO: Run Behavior\ReadHtmlCacheBehavior [ RunTime:0.001000s ]
INFO: [ app_begin ] --END-- [ RunTime:0.001000s ]
SQL: SHOW COLUMNS FROM `fhw_categorys` [ RunTime:0.0020s ]
SQL: SELECT * FROM `fhw_categorys` WHERE `pid` = 0 ORDER BY id  [ RunTime:0.0010s ]
SQL: SELECT * FROM `fhw_categorys` WHERE `path` LIKE '0-10' LIMIT 3   [ RunTime:0.0010s ]
SQL: SELECT * FROM `fhw_categorys` WHERE `path` LIKE '0-15' LIMIT 3   [ RunTime:0.0010s ]
SQL: SELECT * FROM `fhw_categorys` WHERE `path` LIKE '0-19' LIMIT 3   [ RunTime:0.0010s ]
SQL: SELECT * FROM `fhw_categorys` WHERE `path` LIKE '0-23' LIMIT 3   [ RunTime:0.0010s ]
SQL: SELECT * FROM `fhw_categorys` WHERE `path` LIKE '0-30' LIMIT 3   [ RunTime:0.0190s ]
SQL: SELECT * FROM `fhw_categorys` WHERE `path` LIKE '0-35' LIMIT 3   [ RunTime:0.0010s ]
INFO: [ app_end ] --START--
INFO: Run Behavior\ShowPageTraceBehavior [ RunTime:0.001000s ]
INFO: [ app_end ] --END-- [ RunTime:0.001000s ]

[ 2016-05-24T08:59:54+08:00 ] ::1 /lamp/Fanhuawei/index.php/Home/public/naver.html
INFO: [ app_init ] --START--
INFO: Run Behavior\BuildLiteBehavior [ RunTime:0.000000s ]
INFO: [ app_init ] --END-- [ RunTime:0.001000s ]
INFO: [ app_begin ] --START--
INFO: Run Behavior\ReadHtmlCacheBehavior [ RunTime:0.000000s ]
INFO: [ app_begin ] --END-- [ RunTime:0.002000s ]
SQL: SHOW COLUMNS FROM `fhw_categorys` [ RunTime:0.0020s ]
SQL: SELECT * FROM `fhw_categorys` WHERE `pid` = 0 ORDER BY id  [ RunTime:0.0010s ]
INFO: [ app_end ] --START--
INFO: Run Behavior\ShowPageTraceBehavior [ RunTime:0.001000s ]
INFO: [ app_end ] --END-- [ RunTime:0.001000s ]

[ 2016-05-24T08:59:54+08:00 ] ::1 /lamp/Fanhuawei/index.php/Home/public/links.html
INFO: [ app_init ] --START--
INFO: Run Behavior\BuildLiteBehavior [ RunTime:0.000000s ]
INFO: [ app_init ] --END-- [ RunTime:0.001000s ]
INFO: [ app_begin ] --START--
INFO: Run Behavior\ReadHtmlCacheBehavior [ RunTime:0.001001s ]
INFO: [ app_begin ] --END-- [ RunTime:0.001001s ]
SQL: SHOW COLUMNS FROM `fhw_blogro` [ RunTime:0.0030s ]
SQL: SELECT * FROM `fhw_blogro` WHERE ( state=1 )  [ RunTime:0.0010s ]
INFO: [ app_end ] --START--
INFO: Run Behavior\ShowPageTraceBehavior [ RunTime:0.001000s ]
INFO: [ app_end ] --END-- [ RunTime:0.001000s ]

[ 2016-05-24T08:59:54+08:00 ] ::1 /lamp/Fanhuawei/index.php/Home/public/login.html
INFO: [ app_init ] --START--
INFO: Run Behavior\BuildLiteBehavior [ RunTime:0.000000s ]
INFO: [ app_init ] --END-- [ RunTime:0.001000s ]
INFO: [ app_begin ] --START--
INFO: Run Behavior\ReadHtmlCacheBehavior [ RunTime:0.001000s ]
INFO: [ app_begin ] --END-- [ RunTime:0.001000s ]
NOTIC: [8] Undefined index: user_info D:\wamp\www\lamp\Fanhuawei\Application\Home\Controller\PublicController.class.php 第 59 行.
NOTIC: [8] Undefined variable: user_id D:\wamp\www\lamp\Fanhuawei\Application\Home\Controller\PublicController.class.php 第 69 行.
NOTIC: [8] Undefined variable: user_name D:\wamp\www\lamp\Fanhuawei\Application\Home\Controller\PublicController.class.php 第 70 行.
INFO: [ app_end ] --START--
INFO: Run Behavior\ShowPageTraceBehavior [ RunTime:0.001000s ]
INFO: [ app_end ] --END-- [ RunTime:0.001000s ]

