[ 2016-05-20T14:36:28+08:00 ] ::1 /lamp/Fanhuawei/
INFO: [ app_init ] --START--
INFO: Run Behavior\BuildLiteBehavior [ RunTime:0.000000s ]
INFO: [ app_init ] --END-- [ RunTime:0.008000s ]
INFO: [ app_begin ] --START--
INFO: Run Behavior\ReadHtmlCacheBehavior [ RunTime:0.001000s ]
INFO: [ app_begin ] --END-- [ RunTime:0.001000s ]
NOTIC: [8] Undefined index: user_info D:\wamp\www\lamp\Fanhuawei\Application\Home\Controller\IndexController.class.php 第 9 行.
INFO: [ view_parse ] --START--
INFO: [ template_filter ] --START--
INFO: Run Behavior\ContentReplaceBehavior [ RunTime:0.001000s ]
INFO: [ template_filter ] --END-- [ RunTime:0.001000s ]
INFO: Run Behavior\ParseTemplateBehavior [ RunTime:0.257014s ]
INFO: [ view_parse ] --END-- [ RunTime:0.257014s ]
INFO: [ view_filter ] --START--
INFO: Run Behavior\WriteHtmlCacheBehavior [ RunTime:0.031002s ]
INFO: [ view_filter ] --END-- [ RunTime:0.032002s ]
INFO: [ app_end ] --START--
INFO: Run Behavior\ShowPageTraceBehavior [ RunTime:0.096006s ]
INFO: [ app_end ] --END-- [ RunTime:0.096006s ]

[ 2016-05-20T14:36:33+08:00 ] ::1 /lamp/Fanhuawei/index.php/Home/public/naver.html
INFO: [ app_init ] --START--
INFO: Run Behavior\BuildLiteBehavior [ RunTime:0.000000s ]
INFO: [ app_init ] --END-- [ RunTime:0.001000s ]
INFO: [ app_begin ] --START--
INFO: Run Behavior\ReadHtmlCacheBehavior [ RunTime:0.001000s ]
INFO: [ app_begin ] --END-- [ RunTime:0.001000s ]
SQL: SHOW COLUMNS FROM `fhw_categorys` [ RunTime:0.0030s ]
SQL: SELECT * FROM `fhw_categorys` WHERE `pid` = 0 ORDER BY id  [ RunTime:0.0010s ]
INFO: [ app_end ] --START--
INFO: Run Behavior\ShowPageTraceBehavior [ RunTime:0.001000s ]
INFO: [ app_end ] --END-- [ RunTime:0.001000s ]

[ 2016-05-20T14:36:33+08:00 ] ::1 /lamp/Fanhuawei/index.php/Home/public/header.html
INFO: [ app_init ] --START--
INFO: Run Behavior\BuildLiteBehavior [ RunTime:0.000000s ]
INFO: [ app_init ] --END-- [ RunTime:0.001000s ]
INFO: [ app_begin ] --START--
INFO: Run Behavior\ReadHtmlCacheBehavior [ RunTime:0.001000s ]
INFO: [ app_begin ] --END-- [ RunTime:0.002000s ]
SQL: SHOW COLUMNS FROM `fhw_categorys` [ RunTime:0.0030s ]
SQL: SELECT * FROM `fhw_categorys` WHERE `pid` = 0 ORDER BY id  [ RunTime:0.0010s ]
SQL: SELECT * FROM `fhw_categorys` WHERE `path` LIKE '0-10'  [ RunTime:0.0010s ]
SQL: SELECT * FROM `fhw_categorys` WHERE `path` LIKE '0-15'  [ RunTime:0.0010s ]
SQL: SELECT * FROM `fhw_categorys` WHERE `path` LIKE '0-19'  [ RunTime:0.0010s ]
SQL: SELECT * FROM `fhw_categorys` WHERE `path` LIKE '0-23'  [ RunTime:0.0010s ]
SQL: SELECT * FROM `fhw_categorys` WHERE `path` LIKE '0-30'  [ RunTime:0.0010s ]
SQL: SELECT * FROM `fhw_categorys` WHERE `path` LIKE '0-35'  [ RunTime:0.0010s ]
INFO: [ app_end ] --START--
INFO: Run Behavior\ShowPageTraceBehavior [ RunTime:0.001000s ]
INFO: [ app_end ] --END-- [ RunTime:0.001000s ]

[ 2016-05-20T14:36:34+08:00 ] ::1 /lamp/Fanhuawei/index.php/Home/public/links.html
INFO: [ app_init ] --START--
INFO: Run Behavior\BuildLiteBehavior [ RunTime:0.000000s ]
INFO: [ app_init ] --END-- [ RunTime:0.001000s ]
INFO: [ app_begin ] --START--
INFO: Run Behavior\ReadHtmlCacheBehavior [ RunTime:0.001000s ]
INFO: [ app_begin ] --END-- [ RunTime:0.001000s ]
SQL: SHOW COLUMNS FROM `fhw_blogro` [ RunTime:0.0030s ]
SQL: SELECT * FROM `fhw_blogro`  [ RunTime:0.0020s ]
INFO: [ app_end ] --START--
INFO: Run Behavior\ShowPageTraceBehavior [ RunTime:0.001000s ]
INFO: [ app_end ] --END-- [ RunTime:0.001000s ]

[ 2016-05-20T14:36:34+08:00 ] ::1 /lamp/Fanhuawei/index.php/Home/public/login.html
INFO: [ app_init ] --START--
INFO: Run Behavior\BuildLiteBehavior [ RunTime:0.000000s ]
INFO: [ app_init ] --END-- [ RunTime:0.001000s ]
INFO: [ app_begin ] --START--
INFO: Run Behavior\ReadHtmlCacheBehavior [ RunTime:0.001000s ]
INFO: [ app_begin ] --END-- [ RunTime:0.001000s ]
NOTIC: [8] Undefined index: user_info D:\wamp\www\lamp\Fanhuawei\Application\Home\Controller\PublicController.class.php 第 59 行.
NOTIC: [8] Undefined variable: user_id D:\wamp\www\lamp\Fanhuawei\Application\Home\Controller\PublicController.class.php 第 69 行.
NOTIC: [8] Undefined variable: user_name D:\wamp\www\lamp\Fanhuawei\Application\Home\Controller\PublicController.class.php 第 70 行.
INFO: [ app_end ] --START--
INFO: Run Behavior\ShowPageTraceBehavior [ RunTime:0.001000s ]
INFO: [ app_end ] --END-- [ RunTime:0.001000s ]

[ 2016-05-20T14:50:59+08:00 ] ::1 /lamp/Fanhuawei/
INFO: [ app_init ] --START--
INFO: Run Behavior\BuildLiteBehavior [ RunTime:0.000000s ]
INFO: [ app_init ] --END-- [ RunTime:0.000000s ]
INFO: [ app_begin ] --START--
INFO: Run Behavior\ReadHtmlCacheBehavior [ RunTime:0.001000s ]
INFO: [ app_begin ] --END-- [ RunTime:0.001000s ]
NOTIC: [8] Undefined index: user_info D:\wamp\www\lamp\Fanhuawei\Application\Home\Controller\IndexController.class.php 第 9 行.
INFO: [ view_parse ] --START--
INFO: [ template_filter ] --START--
INFO: Run Behavior\ContentReplaceBehavior [ RunTime:0.001001s ]
INFO: [ template_filter ] --END-- [ RunTime:0.001001s ]
INFO: Run Behavior\ParseTemplateBehavior [ RunTime:0.047003s ]
INFO: [ view_parse ] --END-- [ RunTime:0.047003s ]
INFO: [ view_filter ] --START--
INFO: Run Behavior\WriteHtmlCacheBehavior [ RunTime:0.001000s ]
INFO: [ view_filter ] --END-- [ RunTime:0.001000s ]
INFO: [ app_end ] --START--
INFO: Run Behavior\ShowPageTraceBehavior [ RunTime:0.001000s ]
INFO: [ app_end ] --END-- [ RunTime:0.002000s ]

[ 2016-05-20T14:51:00+08:00 ] ::1 /lamp/Fanhuawei/index.php/Home/public/naver.html
INFO: [ app_init ] --START--
INFO: Run Behavior\BuildLiteBehavior [ RunTime:0.000000s ]
INFO: [ app_init ] --END-- [ RunTime:0.001001s ]
INFO: [ app_begin ] --START--
INFO: Run Behavior\ReadHtmlCacheBehavior [ RunTime:0.001000s ]
INFO: [ app_begin ] --END-- [ RunTime:0.001000s ]
SQL: SHOW COLUMNS FROM `fhw_categorys` [ RunTime:0.0030s ]
SQL: SELECT * FROM `fhw_categorys` WHERE `pid` = 0 ORDER BY id  [ RunTime:0.0020s ]
INFO: [ app_end ] --START--
INFO: Run Behavior\ShowPageTraceBehavior [ RunTime:0.002000s ]
INFO: [ app_end ] --END-- [ RunTime:0.002000s ]

[ 2016-05-20T14:51:00+08:00 ] ::1 /lamp/Fanhuawei/index.php/Home/public/header.html
INFO: [ app_init ] --START--
INFO: Run Behavior\BuildLiteBehavior [ RunTime:0.000000s ]
INFO: [ app_init ] --END-- [ RunTime:0.001000s ]
INFO: [ app_begin ] --START--
INFO: Run Behavior\ReadHtmlCacheBehavior [ RunTime:0.003001s ]
INFO: [ app_begin ] --END-- [ RunTime:0.003001s ]
SQL: SHOW COLUMNS FROM `fhw_categorys` [ RunTime:0.0040s ]
SQL: SELECT * FROM `fhw_categorys` WHERE `pid` = 0 ORDER BY id  [ RunTime:0.0020s ]
SQL: SELECT * FROM `fhw_categorys` WHERE `path` LIKE '0-10'  [ RunTime:0.0020s ]
SQL: SELECT * FROM `fhw_categorys` WHERE `path` LIKE '0-15'  [ RunTime:0.0020s ]
SQL: SELECT * FROM `fhw_categorys` WHERE `path` LIKE '0-19'  [ RunTime:0.0010s ]
SQL: SELECT * FROM `fhw_categorys` WHERE `path` LIKE '0-23'  [ RunTime:0.0010s ]
SQL: SELECT * FROM `fhw_categorys` WHERE `path` LIKE '0-30'  [ RunTime:0.0020s ]
SQL: SELECT * FROM `fhw_categorys` WHERE `path` LIKE '0-35'  [ RunTime:0.0010s ]
INFO: [ app_end ] --START--
INFO: Run Behavior\ShowPageTraceBehavior [ RunTime:0.002000s ]
INFO: [ app_end ] --END-- [ RunTime:0.002000s ]

[ 2016-05-20T14:51:01+08:00 ] ::1 /lamp/Fanhuawei/index.php/Home/public/links.html
INFO: [ app_init ] --START--
INFO: Run Behavior\BuildLiteBehavior [ RunTime:0.000000s ]
INFO: [ app_init ] --END-- [ RunTime:0.001000s ]
INFO: [ app_begin ] --START--
INFO: Run Behavior\ReadHtmlCacheBehavior [ RunTime:0.001000s ]
INFO: [ app_begin ] --END-- [ RunTime:0.001000s ]
SQL: SHOW COLUMNS FROM `fhw_blogro` [ RunTime:0.0040s ]
SQL: SELECT * FROM `fhw_blogro`  [ RunTime:0.0020s ]
INFO: [ app_end ] --START--
INFO: Run Behavior\ShowPageTraceBehavior [ RunTime:0.003000s ]
INFO: [ app_end ] --END-- [ RunTime:0.003000s ]

[ 2016-05-20T14:51:01+08:00 ] ::1 /lamp/Fanhuawei/index.php/Home/public/login.html
INFO: [ app_init ] --START--
INFO: Run Behavior\BuildLiteBehavior [ RunTime:0.000000s ]
INFO: [ app_init ] --END-- [ RunTime:0.001001s ]
INFO: [ app_begin ] --START--
INFO: Run Behavior\ReadHtmlCacheBehavior [ RunTime:0.001000s ]
INFO: [ app_begin ] --END-- [ RunTime:0.001000s ]
NOTIC: [8] Undefined index: user_info D:\wamp\www\lamp\Fanhuawei\Application\Home\Controller\PublicController.class.php 第 59 行.
NOTIC: [8] Undefined variable: user_id D:\wamp\www\lamp\Fanhuawei\Application\Home\Controller\PublicController.class.php 第 69 行.
NOTIC: [8] Undefined variable: user_name D:\wamp\www\lamp\Fanhuawei\Application\Home\Controller\PublicController.class.php 第 70 行.
INFO: [ app_end ] --START--
INFO: Run Behavior\ShowPageTraceBehavior [ RunTime:0.001000s ]
INFO: [ app_end ] --END-- [ RunTime:0.001000s ]

