[ 2016-05-25T10:31:40+08:00 ] ::1 /lamp/Fanhuawei/
INFO: [ app_init ] --START--
INFO: Run Behavior\BuildLiteBehavior [ RunTime:0.000000s ]
INFO: [ app_init ] --END-- [ RunTime:0.002001s ]
INFO: [ app_begin ] --START--
INFO: Run Behavior\ReadHtmlCacheBehavior [ RunTime:0.003000s ]
INFO: [ app_begin ] --END-- [ RunTime:0.003000s ]
ERR: SQLSTATE[HY000] [2002] ”…”⁄ƒø±Íº∆À„ª˙ª˝º´æ‹æ¯£¨Œﬁ∑®¡¨Ω”°£


[ 2016-05-25T16:05:56+08:00 ] ::1 /lamp/Fanhuawei/
INFO: [ app_init ] --START--
INFO: Run Behavior\BuildLiteBehavior [ RunTime:0.000000s ]
INFO: [ app_init ] --END-- [ RunTime:0.067004s ]
INFO: [ app_begin ] --START--
INFO: Run Behavior\ReadHtmlCacheBehavior [ RunTime:0.029001s ]
INFO: [ app_begin ] --END-- [ RunTime:0.029001s ]
ERR: SQLSTATE[HY000] [2002] ”…”⁄ƒø±Íº∆À„ª˙ª˝º´æ‹æ¯£¨Œﬁ∑®¡¨Ω”°£


[ 2016-05-25T16:06:24+08:00 ] ::1 /lamp/Fanhuawei/
INFO: [ app_init ] --START--
INFO: Run Behavior\BuildLiteBehavior [ RunTime:0.000000s ]
INFO: [ app_init ] --END-- [ RunTime:0.000000s ]
INFO: [ app_begin ] --START--
INFO: Run Behavior\ReadHtmlCacheBehavior [ RunTime:0.000000s ]
INFO: [ app_begin ] --END-- [ RunTime:0.001000s ]
SQL: SHOW COLUMNS FROM `fhw_goods` [ RunTime:0.0690s ]
SQL: SELECT * FROM `fhw_goods` LIMIT 4   [ RunTime:0.0030s ]
SQL: SHOW COLUMNS FROM `fhw_categorys` [ RunTime:0.0480s ]
SQL: SELECT `id` FROM `fhw_categorys` WHERE ( pid=10 )  [ RunTime:0.0010s ]
NOTIC: [8] Undefined variable: pid D:\wamp\www\lamp\Fanhuawei\Application\Home\Controller\IndexController.class.php Á¨¨ 15 Ë°å.
SQL: SELECT * FROM `fhw_goods` WHERE ( cateid in (11,12,13) ) LIMIT 2,6   [ RunTime:0.0130s ]
SQL: SELECT * FROM `fhw_goods` WHERE ( cateid in (11,12,13) ) LIMIT 1   [ RunTime:0.0010s ]
SQL: SELECT `id` FROM `fhw_categorys` WHERE ( pid=15 )  [ RunTime:0.0010s ]
NOTIC: [8] Undefined variable: pdid D:\wamp\www\lamp\Fanhuawei\Application\Home\Controller\IndexController.class.php Á¨¨ 27 Ë°å.
SQL: SELECT * FROM `fhw_goods` WHERE ( cateid in (16,17) ) LIMIT 2,6   [ RunTime:0.0010s ]
SQL: SELECT * FROM `fhw_goods` WHERE ( cateid in (16,17) ) LIMIT 1   [ RunTime:0.0010s ]
SQL: SELECT `id` FROM `fhw_categorys` WHERE ( pid=19 )  [ RunTime:0.0010s ]
NOTIC: [8] Undefined variable: jjid D:\wamp\www\lamp\Fanhuawei\Application\Home\Controller\IndexController.class.php Á¨¨ 40 Ë°å.
SQL: SELECT * FROM `fhw_goods` WHERE ( cateid in (20,21,22) ) LIMIT 2,6   [ RunTime:0.0020s ]
SQL: SELECT * FROM `fhw_goods` WHERE ( cateid in (20,21,22) ) LIMIT 1   [ RunTime:0.0020s ]
SQL: SELECT `id` FROM `fhw_categorys` WHERE ( pid=23 )  [ RunTime:0.0010s ]
NOTIC: [8] Undefined variable: pjid D:\wamp\www\lamp\Fanhuawei\Application\Home\Controller\IndexController.class.php Á¨¨ 52 Ë°å.
SQL: SELECT * FROM `fhw_goods` WHERE ( cateid in (24,26,27) ) LIMIT 2,6   [ RunTime:0.0020s ]
SQL: SELECT * FROM `fhw_goods` WHERE ( cateid in (24,26,27) ) LIMIT 1   [ RunTime:0.0010s ]
SQL: SHOW COLUMNS FROM `fhw_article` [ RunTime:0.0530s ]
SQL: SELECT * FROM `fhw_article` LIMIT 0,5   [ RunTime:0.0200s ]
SQL: SELECT * FROM `fhw_article` LIMIT 6,5   [ RunTime:0.0370s ]
INFO: [ view_parse ] --START--
INFO: [ template_filter ] --START--
INFO: Run Behavior\ContentReplaceBehavior [ RunTime:0.008000s ]
INFO: [ template_filter ] --END-- [ RunTime:0.009000s ]
NOTIC: [8] Use of undefined constant id - assumed 'id' D:\wamp\www\lamp\Fanhuawei\Application\Runtime\Cache\Home\2a94b8bda04ff446dcedd42276fc99ee.php Á¨¨ 416 Ë°å.
NOTIC: [8] Use of undefined constant id - assumed 'id' D:\wamp\www\lamp\Fanhuawei\Application\Runtime\Cache\Home\2a94b8bda04ff446dcedd42276fc99ee.php Á¨¨ 416 Ë°å.
NOTIC: [8] Use of undefined constant id - assumed 'id' D:\wamp\www\lamp\Fanhuawei\Application\Runtime\Cache\Home\2a94b8bda04ff446dcedd42276fc99ee.php Á¨¨ 416 Ë°å.
NOTIC: [8] Use of undefined constant id - assumed 'id' D:\wamp\www\lamp\Fanhuawei\Application\Runtime\Cache\Home\2a94b8bda04ff446dcedd42276fc99ee.php Á¨¨ 416 Ë°å.
NOTIC: [8] Use of undefined constant id - assumed 'id' D:\wamp\www\lamp\Fanhuawei\Application\Runtime\Cache\Home\2a94b8bda04ff446dcedd42276fc99ee.php Á¨¨ 416 Ë°å.
NOTIC: [8] Use of undefined constant id - assumed 'id' D:\wamp\www\lamp\Fanhuawei\Application\Runtime\Cache\Home\2a94b8bda04ff446dcedd42276fc99ee.php Á¨¨ 419 Ë°å.
NOTIC: [8] Use of undefined constant id - assumed 'id' D:\wamp\www\lamp\Fanhuawei\Application\Runtime\Cache\Home\2a94b8bda04ff446dcedd42276fc99ee.php Á¨¨ 419 Ë°å.
NOTIC: [8] Use of undefined constant id - assumed 'id' D:\wamp\www\lamp\Fanhuawei\Application\Runtime\Cache\Home\2a94b8bda04ff446dcedd42276fc99ee.php Á¨¨ 419 Ë°å.
NOTIC: [8] Use of undefined constant id - assumed 'id' D:\wamp\www\lamp\Fanhuawei\Application\Runtime\Cache\Home\2a94b8bda04ff446dcedd42276fc99ee.php Á¨¨ 419 Ë°å.
NOTIC: [8] Use of undefined constant id - assumed 'id' D:\wamp\www\lamp\Fanhuawei\Application\Runtime\Cache\Home\2a94b8bda04ff446dcedd42276fc99ee.php Á¨¨ 419 Ë°å.
NOTIC: [8] Undefined index: id D:\wamp\www\lamp\Fanhuawei\Application\Runtime\Cache\Home\2a94b8bda04ff446dcedd42276fc99ee.php Á¨¨ 456 Ë°å.
INFO: Run Behavior\ParseTemplateBehavior [ RunTime:0.391022s ]
INFO: [ view_parse ] --END-- [ RunTime:0.391022s ]
INFO: [ view_filter ] --START--
INFO: Run Behavior\WriteHtmlCacheBehavior [ RunTime:0.013001s ]
INFO: [ view_filter ] --END-- [ RunTime:0.014001s ]
INFO: [ app_end ] --START--
INFO: Run Behavior\ShowPageTraceBehavior [ RunTime:0.007001s ]
INFO: [ app_end ] --END-- [ RunTime:0.007001s ]

[ 2016-05-25T16:06:28+08:00 ] ::1 /lamp/Fanhuawei/index.php/Home/public/smallSC.html
INFO: [ app_init ] --START--
INFO: Run Behavior\BuildLiteBehavior [ RunTime:0.000000s ]
INFO: [ app_init ] --END-- [ RunTime:0.001000s ]
INFO: [ app_begin ] --START--
INFO: Run Behavior\ReadHtmlCacheBehavior [ RunTime:0.001000s ]
INFO: [ app_begin ] --END-- [ RunTime:0.002000s ]
NOTIC: [8] Undefined index: user_info D:\wamp\www\lamp\Fanhuawei\Application\Home\Controller\PublicController.class.php Á¨¨ 78 Ë°å.
SQL: SHOW COLUMNS FROM `fhw_shopcar` [ RunTime:0.0640s ]
SQL: SHOW COLUMNS FROM `fhw_shopcar` [ RunTime:0.0030s ]
ERR: 1064:You have an error in your SQL syntax; check the manual that corresponds to your MySQL server version for the right syntax to use near ')' at line 1
 [ SQLËØ≠Âè• ] : SELECT gd.id,gd.image1,gd.intro,gd.price,sc.style,sc.subtotal,sc.num,sc.goodsname FROM fhw_shopcar sc,fhw_goods gd WHERE ( sc.gid=gd.id and sc.uid= ) 
ERR: 1064:You have an error in your SQL syntax; check the manual that corresponds to your MySQL server version for the right syntax to use near ')' at line 1
 [ SQLËØ≠Âè• ] : SELECT gd.id,gd.image1,gd.intro,gd.price,sc.style,sc.subtotal,sc.num,sc.goodsname FROM fhw_shopcar sc,fhw_goods gd WHERE ( sc.gid=gd.id and sc.uid= ) 

[ 2016-05-25T16:06:28+08:00 ] ::1 /lamp/Fanhuawei/index.php/Home/public/naver.html
INFO: [ app_init ] --START--
INFO: Run Behavior\BuildLiteBehavior [ RunTime:0.000000s ]
INFO: [ app_init ] --END-- [ RunTime:0.000000s ]
INFO: [ app_begin ] --START--
INFO: Run Behavior\ReadHtmlCacheBehavior [ RunTime:0.001000s ]
INFO: [ app_begin ] --END-- [ RunTime:0.001000s ]
SQL: SHOW COLUMNS FROM `fhw_categorys` [ RunTime:0.0030s ]
SQL: SELECT * FROM `fhw_categorys` WHERE `pid` = 0 ORDER BY id  [ RunTime:0.0010s ]
INFO: [ app_end ] --START--
INFO: Run Behavior\ShowPageTraceBehavior [ RunTime:0.001000s ]
INFO: [ app_end ] --END-- [ RunTime:0.001000s ]

[ 2016-05-25T16:06:28+08:00 ] ::1 /lamp/Fanhuawei/index.php/Home/public/header.html
INFO: [ app_init ] --START--
INFO: Run Behavior\BuildLiteBehavior [ RunTime:0.000000s ]
INFO: [ app_init ] --END-- [ RunTime:0.001000s ]
INFO: [ app_begin ] --START--
INFO: Run Behavior\ReadHtmlCacheBehavior [ RunTime:0.000000s ]
INFO: [ app_begin ] --END-- [ RunTime:0.002000s ]
SQL: SHOW COLUMNS FROM `fhw_categorys` [ RunTime:0.0020s ]
SQL: SELECT * FROM `fhw_categorys` WHERE `pid` = 0 ORDER BY id  [ RunTime:0.0020s ]
SQL: SELECT * FROM `fhw_categorys` WHERE `path` LIKE '0-10' LIMIT 3   [ RunTime:0.0010s ]
SQL: SELECT * FROM `fhw_categorys` WHERE `path` LIKE '0-15' LIMIT 3   [ RunTime:0.0010s ]
SQL: SELECT * FROM `fhw_categorys` WHERE `path` LIKE '0-19' LIMIT 3   [ RunTime:0.0010s ]
SQL: SELECT * FROM `fhw_categorys` WHERE `path` LIKE '0-23' LIMIT 3   [ RunTime:0.0010s ]
SQL: SELECT * FROM `fhw_categorys` WHERE `path` LIKE '0-30' LIMIT 3   [ RunTime:0.0020s ]
SQL: SELECT * FROM `fhw_categorys` WHERE `path` LIKE '0-35' LIMIT 3   [ RunTime:0.0020s ]
INFO: [ app_end ] --START--
INFO: Run Behavior\ShowPageTraceBehavior [ RunTime:0.002001s ]
INFO: [ app_end ] --END-- [ RunTime:0.002001s ]

[ 2016-05-25T16:06:30+08:00 ] ::1 /lamp/Fanhuawei/index.php/Home/public/links.html
INFO: [ app_init ] --START--
INFO: Run Behavior\BuildLiteBehavior [ RunTime:0.000000s ]
INFO: [ app_init ] --END-- [ RunTime:0.001000s ]
INFO: [ app_begin ] --START--
INFO: Run Behavior\ReadHtmlCacheBehavior [ RunTime:0.001000s ]
INFO: [ app_begin ] --END-- [ RunTime:0.001000s ]
SQL: SHOW COLUMNS FROM `fhw_blogro` [ RunTime:0.1250s ]
SQL: SELECT * FROM `fhw_blogro` WHERE ( state=1 )  [ RunTime:0.0010s ]
INFO: [ app_end ] --START--
INFO: Run Behavior\ShowPageTraceBehavior [ RunTime:0.001000s ]
INFO: [ app_end ] --END-- [ RunTime:0.001000s ]

[ 2016-05-25T16:06:30+08:00 ] ::1 /lamp/Fanhuawei/index.php/Home/public/login.html
INFO: [ app_init ] --START--
INFO: Run Behavior\BuildLiteBehavior [ RunTime:0.001000s ]
INFO: [ app_init ] --END-- [ RunTime:0.001000s ]
INFO: [ app_begin ] --START--
INFO: Run Behavior\ReadHtmlCacheBehavior [ RunTime:0.001000s ]
INFO: [ app_begin ] --END-- [ RunTime:0.001000s ]
NOTIC: [8] Undefined index: user_info D:\wamp\www\lamp\Fanhuawei\Application\Home\Controller\PublicController.class.php Á¨¨ 60 Ë°å.
NOTIC: [8] Undefined variable: user_id D:\wamp\www\lamp\Fanhuawei\Application\Home\Controller\PublicController.class.php Á¨¨ 70 Ë°å.
NOTIC: [8] Undefined variable: user_name D:\wamp\www\lamp\Fanhuawei\Application\Home\Controller\PublicController.class.php Á¨¨ 71 Ë°å.
INFO: [ app_end ] --START--
INFO: Run Behavior\ShowPageTraceBehavior [ RunTime:0.001000s ]
INFO: [ app_end ] --END-- [ RunTime:0.001000s ]

[ 2016-05-25T16:07:43+08:00 ] ::1 /lamp/Fanhuawei/index.php/Home/catelist/catelist/cid/10.html
INFO: [ app_init ] --START--
INFO: Run Behavior\BuildLiteBehavior [ RunTime:0.000000s ]
INFO: [ app_init ] --END-- [ RunTime:0.001000s ]
INFO: [ app_begin ] --START--
INFO: Run Behavior\ReadHtmlCacheBehavior [ RunTime:0.002000s ]
INFO: [ app_begin ] --END-- [ RunTime:0.002000s ]
SQL: SHOW COLUMNS FROM `fhw_categorys` [ RunTime:0.0030s ]
SQL: SELECT * FROM `fhw_categorys` WHERE ( id=10 )  [ RunTime:0.0020s ]
SQL: SELECT * FROM `fhw_categorys` WHERE ( pid=10 ) ORDER BY id asc  [ RunTime:0.0010s ]
SQL: SHOW COLUMNS FROM `fhw_goods` [ RunTime:0.0020s ]
SQL: SELECT * FROM `fhw_goods` WHERE `cateid` IN ('11','12','13') ORDER BY id asc  [ RunTime:0.0020s ]
INFO: [ view_parse ] --START--
INFO: [ template_filter ] --START--
INFO: Run Behavior\ContentReplaceBehavior [ RunTime:0.000000s ]
INFO: [ template_filter ] --END-- [ RunTime:0.001000s ]
INFO: Run Behavior\ParseTemplateBehavior [ RunTime:0.137008s ]
INFO: [ view_parse ] --END-- [ RunTime:0.138008s ]
INFO: [ view_filter ] --START--
INFO: Run Behavior\WriteHtmlCacheBehavior [ RunTime:0.001000s ]
INFO: [ view_filter ] --END-- [ RunTime:0.001000s ]
INFO: [ app_end ] --START--
INFO: Run Behavior\ShowPageTraceBehavior [ RunTime:0.001001s ]
INFO: [ app_end ] --END-- [ RunTime:0.002001s ]

[ 2016-05-25T16:07:44+08:00 ] ::1 /lamp/Fanhuawei/index.php/Home/public/smallSC.html
INFO: [ app_init ] --START--
INFO: Run Behavior\BuildLiteBehavior [ RunTime:0.000000s ]
INFO: [ app_init ] --END-- [ RunTime:0.001000s ]
INFO: [ app_begin ] --START--
INFO: Run Behavior\ReadHtmlCacheBehavior [ RunTime:0.002000s ]
INFO: [ app_begin ] --END-- [ RunTime:0.002000s ]
NOTIC: [8] Undefined index: user_info D:\wamp\www\lamp\Fanhuawei\Application\Home\Controller\PublicController.class.php Á¨¨ 78 Ë°å.
SQL: SHOW COLUMNS FROM `fhw_shopcar` [ RunTime:0.0030s ]
SQL: SHOW COLUMNS FROM `fhw_shopcar` [ RunTime:0.0020s ]
ERR: 1064:You have an error in your SQL syntax; check the manual that corresponds to your MySQL server version for the right syntax to use near ')' at line 1
 [ SQLËØ≠Âè• ] : SELECT gd.id,gd.image1,gd.intro,gd.price,sc.style,sc.subtotal,sc.num,sc.goodsname FROM fhw_shopcar sc,fhw_goods gd WHERE ( sc.gid=gd.id and sc.uid= ) 
ERR: 1064:You have an error in your SQL syntax; check the manual that corresponds to your MySQL server version for the right syntax to use near ')' at line 1
 [ SQLËØ≠Âè• ] : SELECT gd.id,gd.image1,gd.intro,gd.price,sc.style,sc.subtotal,sc.num,sc.goodsname FROM fhw_shopcar sc,fhw_goods gd WHERE ( sc.gid=gd.id and sc.uid= ) 

[ 2016-05-25T16:07:44+08:00 ] ::1 /lamp/Fanhuawei/index.php/Home/public/header.html
INFO: [ app_init ] --START--
INFO: Run Behavior\BuildLiteBehavior [ RunTime:0.000000s ]
INFO: [ app_init ] --END-- [ RunTime:0.001001s ]
INFO: [ app_begin ] --START--
INFO: Run Behavior\ReadHtmlCacheBehavior [ RunTime:0.001000s ]
INFO: [ app_begin ] --END-- [ RunTime:0.003001s ]
SQL: SHOW COLUMNS FROM `fhw_categorys` [ RunTime:0.0030s ]
SQL: SELECT * FROM `fhw_categorys` WHERE `pid` = 0 ORDER BY id  [ RunTime:0.0010s ]
SQL: SELECT * FROM `fhw_categorys` WHERE `path` LIKE '0-10' LIMIT 3   [ RunTime:0.0000s ]
SQL: SELECT * FROM `fhw_categorys` WHERE `path` LIKE '0-15' LIMIT 3   [ RunTime:0.0010s ]
SQL: SELECT * FROM `fhw_categorys` WHERE `path` LIKE '0-19' LIMIT 3   [ RunTime:0.0010s ]
SQL: SELECT * FROM `fhw_categorys` WHERE `path` LIKE '0-23' LIMIT 3   [ RunTime:0.0010s ]
SQL: SELECT * FROM `fhw_categorys` WHERE `path` LIKE '0-30' LIMIT 3   [ RunTime:0.0010s ]
SQL: SELECT * FROM `fhw_categorys` WHERE `path` LIKE '0-35' LIMIT 3   [ RunTime:0.0030s ]
INFO: [ app_end ] --START--
INFO: Run Behavior\ShowPageTraceBehavior [ RunTime:0.001000s ]
INFO: [ app_end ] --END-- [ RunTime:0.002000s ]

[ 2016-05-25T16:07:44+08:00 ] ::1 /lamp/Fanhuawei/index.php/Home/public/naver.html
INFO: [ app_init ] --START--
INFO: Run Behavior\BuildLiteBehavior [ RunTime:0.001000s ]
INFO: [ app_init ] --END-- [ RunTime:0.001000s ]
INFO: [ app_begin ] --START--
INFO: Run Behavior\ReadHtmlCacheBehavior [ RunTime:0.003000s ]
INFO: [ app_begin ] --END-- [ RunTime:0.003000s ]
SQL: SHOW COLUMNS FROM `fhw_categorys` [ RunTime:0.0380s ]
SQL: SELECT * FROM `fhw_categorys` WHERE `pid` = 0 ORDER BY id  [ RunTime:0.0050s ]
INFO: [ app_end ] --START--
INFO: Run Behavior\ShowPageTraceBehavior [ RunTime:0.002000s ]
INFO: [ app_end ] --END-- [ RunTime:0.002000s ]

[ 2016-05-25T16:07:44+08:00 ] ::1 /lamp/Fanhuawei/index.php/Home/public/links.html
INFO: [ app_init ] --START--
INFO: Run Behavior\BuildLiteBehavior [ RunTime:0.000000s ]
INFO: [ app_init ] --END-- [ RunTime:0.001000s ]
INFO: [ app_begin ] --START--
INFO: Run Behavior\ReadHtmlCacheBehavior [ RunTime:0.001000s ]
INFO: [ app_begin ] --END-- [ RunTime:0.002000s ]
SQL: SHOW COLUMNS FROM `fhw_blogro` [ RunTime:0.0020s ]
SQL: SELECT * FROM `fhw_blogro` WHERE ( state=1 )  [ RunTime:0.0010s ]
INFO: [ app_end ] --START--
INFO: Run Behavior\ShowPageTraceBehavior [ RunTime:0.002000s ]
INFO: [ app_end ] --END-- [ RunTime:0.002000s ]

[ 2016-05-25T16:07:44+08:00 ] ::1 /lamp/Fanhuawei/index.php/Home/public/login.html
INFO: [ app_init ] --START--
INFO: Run Behavior\BuildLiteBehavior [ RunTime:0.000000s ]
INFO: [ app_init ] --END-- [ RunTime:0.001000s ]
INFO: [ app_begin ] --START--
INFO: Run Behavior\ReadHtmlCacheBehavior [ RunTime:0.002000s ]
INFO: [ app_begin ] --END-- [ RunTime:0.002000s ]
NOTIC: [8] Undefined index: user_info D:\wamp\www\lamp\Fanhuawei\Application\Home\Controller\PublicController.class.php Á¨¨ 60 Ë°å.
NOTIC: [8] Undefined variable: user_id D:\wamp\www\lamp\Fanhuawei\Application\Home\Controller\PublicController.class.php Á¨¨ 70 Ë°å.
NOTIC: [8] Undefined variable: user_name D:\wamp\www\lamp\Fanhuawei\Application\Home\Controller\PublicController.class.php Á¨¨ 71 Ë°å.
INFO: [ app_end ] --START--
INFO: Run Behavior\ShowPageTraceBehavior [ RunTime:0.001000s ]
INFO: [ app_end ] --END-- [ RunTime:0.001000s ]

[ 2016-05-25T16:08:17+08:00 ] ::1 /lamp/Fanhuawei/index.php/Home/detail/particulars/goods_id/22.html
INFO: [ app_init ] --START--
INFO: Run Behavior\BuildLiteBehavior [ RunTime:0.000000s ]
INFO: [ app_init ] --END-- [ RunTime:0.001000s ]
INFO: [ app_begin ] --START--
INFO: Run Behavior\ReadHtmlCacheBehavior [ RunTime:0.004000s ]
INFO: [ app_begin ] --END-- [ RunTime:0.004000s ]
SQL: SHOW COLUMNS FROM `fhw_goods` [ RunTime:0.0030s ]
SQL: SELECT `id`,`name`,`price`,`intro`,`addtime`,`stock`,`image1`,`editorValue` FROM `fhw_goods` WHERE `id` = 22  [ RunTime:0.0010s ]
SQL: SHOW COLUMNS FROM `fhw_attrvalue` [ RunTime:0.0620s ]
SQL: SELECT * FROM `fhw_attrvalue` WHERE `gid` = 22 AND `attrid` = 1  [ RunTime:0.0140s ]
SQL: SELECT * FROM `fhw_attrvalue` WHERE `gid` = 22 AND `attrid` = 2  [ RunTime:0.0020s ]
SQL: SHOW COLUMNS FROM `fhw_goods` [ RunTime:0.0030s ]
SQL: SELECT `id`,`name`,`cateid`,`intro` FROM `fhw_goods` WHERE `id` = 22  [ RunTime:0.0010s ]
SQL: SHOW COLUMNS FROM `fhw_paraattr` [ RunTime:0.0560s ]
SQL: SELECT `pid` FROM `fhw_paraattr` WHERE `cid` = 11  [ RunTime:0.0020s ]
SQL: SHOW COLUMNS FROM `fhw_paracate` [ RunTime:0.0310s ]
SQL: SELECT * FROM `fhw_paracate` WHERE `id` IN ('1','4','5','6','7','8')  [ RunTime:0.0010s ]
SQL: SELECT `attr` FROM `fhw_paraattr` WHERE `cid` = 11  [ RunTime:0.0030s ]
SQL: SELECT * FROM `fhw_paracate` WHERE `id` IN ('9','10','11','12','13','14','22','23','24','20','21','25','26','28','29')  [ RunTime:0.0020s ]
SQL: SHOW COLUMNS FROM `fhw_parapart` [ RunTime:0.0500s ]
SQL: SELECT * FROM `fhw_parapart` WHERE `goodsid` = 22  [ RunTime:0.0020s ]
SQL: SELECT `cateid` FROM `fhw_goods` WHERE `id` = 22  [ RunTime:0.0010s ]
SQL: SHOW COLUMNS FROM `fhw_categorys` [ RunTime:0.0020s ]
SQL: SELECT `id`,`catename`,`pid` FROM `fhw_categorys` WHERE ( id=11 )  [ RunTime:0.0020s ]
SQL: SELECT `id`,`catename`,`pid` FROM `fhw_categorys` WHERE ( id=10 )  [ RunTime:0.0010s ]
SQL: SELECT `id`,`catename`,`pid` FROM `fhw_categorys` WHERE `catename` = 'ÊâãÊú∫'  [ RunTime:0.0020s ]
SQL: SELECT * FROM `fhw_categorys` WHERE ( pid=10 )  [ RunTime:0.0010s ]
SQL: SELECT `id`,`name`,`price`,`image1` FROM `fhw_goods` LIMIT 4   [ RunTime:0.0010s ]
SQL: SHOW COLUMNS FROM `fhw_comment` [ RunTime:0.0590s ]
SQL: SELECT fhw_comment.id,`odid`,`uid`,`gid`,`content`,`addtime`,`grade`,`username`,`avatar` FROM `fhw_comment` INNER JOIN fhw_users ON fhw_comment.uid = fhw_users.id  WHERE `gid` = '22' AND `pid` = 0 AND `del` = 1  [ RunTime:0.0480s ]
SQL: SHOW COLUMNS FROM `fhw_commentimg` [ RunTime:0.0440s ]
SQL: SELECT `img`,`gid`,`cid` FROM `fhw_commentimg` WHERE `gid` = 22  [ RunTime:0.0010s ]
SQL: SELECT * FROM `fhw_comment` WHERE `gid` = 22 AND `status` = 2  [ RunTime:0.0020s ]
INFO: [ view_parse ] --START--
INFO: [ template_filter ] --START--
INFO: Run Behavior\ContentReplaceBehavior [ RunTime:0.001000s ]
INFO: [ template_filter ] --END-- [ RunTime:0.001000s ]
NOTIC: [8] Undefined index: val D:\wamp\www\lamp\Fanhuawei\Application\Runtime\Cache\Home\d4f47c2eb49470312d544b9f3dc764a1.php Á¨¨ 411 Ë°å.
NOTIC: [8] Undefined index: val D:\wamp\www\lamp\Fanhuawei\Application\Runtime\Cache\Home\d4f47c2eb49470312d544b9f3dc764a1.php Á¨¨ 411 Ë°å.
NOTIC: [8] Undefined index: val D:\wamp\www\lamp\Fanhuawei\Application\Runtime\Cache\Home\d4f47c2eb49470312d544b9f3dc764a1.php Á¨¨ 411 Ë°å.
NOTIC: [8] Undefined index: val D:\wamp\www\lamp\Fanhuawei\Application\Runtime\Cache\Home\d4f47c2eb49470312d544b9f3dc764a1.php Á¨¨ 411 Ë°å.
NOTIC: [8] Undefined index: val D:\wamp\www\lamp\Fanhuawei\Application\Runtime\Cache\Home\d4f47c2eb49470312d544b9f3dc764a1.php Á¨¨ 411 Ë°å.
INFO: Run Behavior\ParseTemplateBehavior [ RunTime:0.345020s ]
INFO: [ view_parse ] --END-- [ RunTime:0.345020s ]
INFO: [ view_filter ] --START--
INFO: Run Behavior\WriteHtmlCacheBehavior [ RunTime:0.001000s ]
INFO: [ view_filter ] --END-- [ RunTime:0.002000s ]
INFO: [ app_end ] --START--
INFO: Run Behavior\ShowPageTraceBehavior [ RunTime:0.002000s ]
INFO: [ app_end ] --END-- [ RunTime:0.003000s ]

[ 2016-05-25T16:08:18+08:00 ] ::1 /lamp/Fanhuawei/index.php/Home/public/header.html
INFO: [ app_init ] --START--
INFO: Run Behavior\BuildLiteBehavior [ RunTime:0.000000s ]
INFO: [ app_init ] --END-- [ RunTime:0.001000s ]
INFO: [ app_begin ] --START--
INFO: Run Behavior\ReadHtmlCacheBehavior [ RunTime:0.002000s ]
INFO: [ app_begin ] --END-- [ RunTime:0.046003s ]
SQL: SHOW COLUMNS FROM `fhw_categorys` [ RunTime:0.0020s ]
SQL: SELECT * FROM `fhw_categorys` WHERE `pid` = 0 ORDER BY id  [ RunTime:0.0010s ]
SQL: SELECT * FROM `fhw_categorys` WHERE `path` LIKE '0-10' LIMIT 3   [ RunTime:0.0010s ]
SQL: SELECT * FROM `fhw_categorys` WHERE `path` LIKE '0-15' LIMIT 3   [ RunTime:0.0030s ]
SQL: SELECT * FROM `fhw_categorys` WHERE `path` LIKE '0-19' LIMIT 3   [ RunTime:0.0020s ]
SQL: SELECT * FROM `fhw_categorys` WHERE `path` LIKE '0-23' LIMIT 3   [ RunTime:0.0040s ]
SQL: SELECT * FROM `fhw_categorys` WHERE `path` LIKE '0-30' LIMIT 3   [ RunTime:0.0020s ]
SQL: SELECT * FROM `fhw_categorys` WHERE `path` LIKE '0-35' LIMIT 3   [ RunTime:0.0010s ]
INFO: [ app_end ] --START--
INFO: Run Behavior\ShowPageTraceBehavior [ RunTime:0.001000s ]
INFO: [ app_end ] --END-- [ RunTime:0.002000s ]

[ 2016-05-25T16:08:18+08:00 ] ::1 /lamp/Fanhuawei/index.php/Home/public/naver.html
INFO: [ app_init ] --START--
INFO: Run Behavior\BuildLiteBehavior [ RunTime:0.000000s ]
INFO: [ app_init ] --END-- [ RunTime:0.001000s ]
INFO: [ app_begin ] --START--
INFO: Run Behavior\ReadHtmlCacheBehavior [ RunTime:0.002000s ]
INFO: [ app_begin ] --END-- [ RunTime:0.004000s ]
SQL: SHOW COLUMNS FROM `fhw_categorys` [ RunTime:0.0030s ]
SQL: SELECT * FROM `fhw_categorys` WHERE `pid` = 0 ORDER BY id  [ RunTime:0.0010s ]
INFO: [ app_end ] --START--
INFO: Run Behavior\ShowPageTraceBehavior [ RunTime:0.002000s ]
INFO: [ app_end ] --END-- [ RunTime:0.002000s ]

[ 2016-05-25T16:08:18+08:00 ] ::1 /lamp/Fanhuawei/index.php/Home/public/smallSC.html
INFO: [ app_init ] --START--
INFO: Run Behavior\BuildLiteBehavior [ RunTime:0.000000s ]
INFO: [ app_init ] --END-- [ RunTime:0.001000s ]
INFO: [ app_begin ] --START--
INFO: Run Behavior\ReadHtmlCacheBehavior [ RunTime:0.003001s ]
INFO: [ app_begin ] --END-- [ RunTime:0.003001s ]
NOTIC: [8] Undefined index: user_info D:\wamp\www\lamp\Fanhuawei\Application\Home\Controller\PublicController.class.php Á¨¨ 78 Ë°å.
SQL: SHOW COLUMNS FROM `fhw_shopcar` [ RunTime:0.0030s ]
SQL: SHOW COLUMNS FROM `fhw_shopcar` [ RunTime:0.0020s ]
ERR: 1064:You have an error in your SQL syntax; check the manual that corresponds to your MySQL server version for the right syntax to use near ')' at line 1
 [ SQLËØ≠Âè• ] : SELECT gd.id,gd.image1,gd.intro,gd.price,sc.style,sc.subtotal,sc.num,sc.goodsname FROM fhw_shopcar sc,fhw_goods gd WHERE ( sc.gid=gd.id and sc.uid= ) 
ERR: 1064:You have an error in your SQL syntax; check the manual that corresponds to your MySQL server version for the right syntax to use near ')' at line 1
 [ SQLËØ≠Âè• ] : SELECT gd.id,gd.image1,gd.intro,gd.price,sc.style,sc.subtotal,sc.num,sc.goodsname FROM fhw_shopcar sc,fhw_goods gd WHERE ( sc.gid=gd.id and sc.uid= ) 

[ 2016-05-25T16:08:19+08:00 ] ::1 /lamp/Fanhuawei/index.php/Home/public/links.html
INFO: [ app_init ] --START--
INFO: Run Behavior\BuildLiteBehavior [ RunTime:0.000000s ]
INFO: [ app_init ] --END-- [ RunTime:0.002000s ]
INFO: [ app_begin ] --START--
INFO: Run Behavior\ReadHtmlCacheBehavior [ RunTime:0.002000s ]
INFO: [ app_begin ] --END-- [ RunTime:0.002000s ]
SQL: SHOW COLUMNS FROM `fhw_blogro` [ RunTime:0.0030s ]
SQL: SELECT * FROM `fhw_blogro` WHERE ( state=1 )  [ RunTime:0.0010s ]
INFO: [ app_end ] --START--
INFO: Run Behavior\ShowPageTraceBehavior [ RunTime:0.002000s ]
INFO: [ app_end ] --END-- [ RunTime:0.003000s ]

[ 2016-05-25T16:08:19+08:00 ] ::1 /lamp/Fanhuawei/index.php/Home/public/login.html
INFO: [ app_init ] --START--
INFO: Run Behavior\BuildLiteBehavior [ RunTime:0.000000s ]
INFO: [ app_init ] --END-- [ RunTime:0.005000s ]
INFO: [ app_begin ] --START--
INFO: Run Behavior\ReadHtmlCacheBehavior [ RunTime:0.002000s ]
INFO: [ app_begin ] --END-- [ RunTime:0.002000s ]
NOTIC: [8] Undefined index: user_info D:\wamp\www\lamp\Fanhuawei\Application\Home\Controller\PublicController.class.php Á¨¨ 60 Ë°å.
NOTIC: [8] Undefined variable: user_id D:\wamp\www\lamp\Fanhuawei\Application\Home\Controller\PublicController.class.php Á¨¨ 70 Ë°å.
NOTIC: [8] Undefined variable: user_name D:\wamp\www\lamp\Fanhuawei\Application\Home\Controller\PublicController.class.php Á¨¨ 71 Ë°å.
INFO: [ app_end ] --START--
INFO: Run Behavior\ShowPageTraceBehavior [ RunTime:0.003000s ]
INFO: [ app_end ] --END-- [ RunTime:0.003000s ]

[ 2016-05-25T16:08:23+08:00 ] ::1 /lamp/Fanhuawei/index.php/Home/detail/particulars/goods_id/22.html
INFO: [ app_init ] --START--
INFO: Run Behavior\BuildLiteBehavior [ RunTime:0.000000s ]
INFO: [ app_init ] --END-- [ RunTime:0.001000s ]
INFO: [ app_begin ] --START--
INFO: Run Behavior\ReadHtmlCacheBehavior [ RunTime:0.002000s ]
INFO: [ app_begin ] --END-- [ RunTime:0.002000s ]
SQL: SHOW COLUMNS FROM `fhw_goods` [ RunTime:0.0030s ]
SQL: SHOW COLUMNS FROM `fhw_goods` [ RunTime:0.0030s ]
SQL: SELECT `id`,`name`,`cateid`,`intro` FROM `fhw_goods` WHERE `id` = 22  [ RunTime:0.0030s ]
SQL: SHOW COLUMNS FROM `fhw_paraattr` [ RunTime:0.0030s ]
SQL: SELECT `pid` FROM `fhw_paraattr` WHERE `cid` = 11  [ RunTime:0.0010s ]
SQL: SHOW COLUMNS FROM `fhw_paracate` [ RunTime:0.0020s ]
SQL: SELECT * FROM `fhw_paracate` WHERE `id` IN ('1','4','5','6','7','8')  [ RunTime:0.0010s ]
SQL: SELECT `attr` FROM `fhw_paraattr` WHERE `cid` = 11  [ RunTime:0.0010s ]
SQL: SELECT * FROM `fhw_paracate` WHERE `id` IN ('9','10','11','12','13','14','22','23','24','20','21','25','26','28','29')  [ RunTime:0.0010s ]
SQL: SHOW COLUMNS FROM `fhw_parapart` [ RunTime:0.0020s ]
SQL: SELECT * FROM `fhw_parapart` WHERE `goodsid` = 22  [ RunTime:0.0010s ]
SQL: SELECT `cateid` FROM `fhw_goods` WHERE `id` = 22  [ RunTime:0.0010s ]
SQL: SHOW COLUMNS FROM `fhw_categorys` [ RunTime:0.0020s ]
SQL: SELECT `id`,`catename`,`pid` FROM `fhw_categorys` WHERE ( id=11 )  [ RunTime:0.0010s ]
SQL: SELECT `id`,`catename`,`pid` FROM `fhw_categorys` WHERE ( id=10 )  [ RunTime:0.0010s ]
SQL: SHOW COLUMNS FROM `fhw_comment` [ RunTime:0.0030s ]
SQL: SELECT fhw_comment.id,`odid`,`uid`,`gid`,`content`,`addtime`,`grade`,`username`,`avatar` FROM `fhw_comment` INNER JOIN fhw_users ON fhw_comment.uid = fhw_users.id  WHERE `gid` = '22' AND `pid` = 0 AND `del` = 1  [ RunTime:0.0010s ]
SQL: SHOW COLUMNS FROM `fhw_commentimg` [ RunTime:0.0030s ]
SQL: SELECT `img`,`gid`,`cid` FROM `fhw_commentimg` WHERE `gid` = 22  [ RunTime:0.0010s ]
SQL: SELECT * FROM `fhw_comment` WHERE `gid` = 22 AND `status` = 2  [ RunTime:0.0010s ]
INFO: [ view_parse ] --START--
INFO: [ template_filter ] --START--
INFO: Run Behavior\ContentReplaceBehavior [ RunTime:0.001000s ]
INFO: [ template_filter ] --END-- [ RunTime:0.003000s ]
NOTIC: [8] Undefined index: val D:\wamp\www\lamp\Fanhuawei\Application\Runtime\Cache\Home\d4f47c2eb49470312d544b9f3dc764a1.php Á¨¨ 411 Ë°å.
NOTIC: [8] Undefined index: val D:\wamp\www\lamp\Fanhuawei\Application\Runtime\Cache\Home\d4f47c2eb49470312d544b9f3dc764a1.php Á¨¨ 411 Ë°å.
NOTIC: [8] Undefined index: val D:\wamp\www\lamp\Fanhuawei\Application\Runtime\Cache\Home\d4f47c2eb49470312d544b9f3dc764a1.php Á¨¨ 411 Ë°å.
NOTIC: [8] Undefined index: val D:\wamp\www\lamp\Fanhuawei\Application\Runtime\Cache\Home\d4f47c2eb49470312d544b9f3dc764a1.php Á¨¨ 411 Ë°å.
NOTIC: [8] Undefined index: val D:\wamp\www\lamp\Fanhuawei\Application\Runtime\Cache\Home\d4f47c2eb49470312d544b9f3dc764a1.php Á¨¨ 411 Ë°å.
INFO: Run Behavior\ParseTemplateBehavior [ RunTime:0.204012s ]
INFO: [ view_parse ] --END-- [ RunTime:0.205012s ]
INFO: [ view_filter ] --START--
INFO: Run Behavior\WriteHtmlCacheBehavior [ RunTime:0.001000s ]
INFO: [ view_filter ] --END-- [ RunTime:0.002000s ]
INFO: [ app_end ] --START--
INFO: Run Behavior\ShowPageTraceBehavior [ RunTime:0.002000s ]
INFO: [ app_end ] --END-- [ RunTime:0.004000s ]

[ 2016-05-25T16:08:24+08:00 ] ::1 /lamp/Fanhuawei/index.php/Home/public/naver.html
INFO: [ app_init ] --START--
INFO: Run Behavior\BuildLiteBehavior [ RunTime:0.000000s ]
INFO: [ app_init ] --END-- [ RunTime:0.002000s ]
INFO: [ app_begin ] --START--
INFO: Run Behavior\ReadHtmlCacheBehavior [ RunTime:0.002000s ]
INFO: [ app_begin ] --END-- [ RunTime:0.002000s ]
SQL: SHOW COLUMNS FROM `fhw_categorys` [ RunTime:0.0160s ]
SQL: SELECT * FROM `fhw_categorys` WHERE `pid` = 0 ORDER BY id  [ RunTime:0.0020s ]
INFO: [ app_end ] --START--
INFO: Run Behavior\ShowPageTraceBehavior [ RunTime:0.002000s ]
INFO: [ app_end ] --END-- [ RunTime:0.003000s ]

[ 2016-05-25T16:08:24+08:00 ] ::1 /lamp/Fanhuawei/index.php/Home/public/login.html
INFO: [ app_init ] --START--
INFO: Run Behavior\BuildLiteBehavior [ RunTime:0.000000s ]
INFO: [ app_init ] --END-- [ RunTime:0.002000s ]
INFO: [ app_begin ] --START--
INFO: Run Behavior\ReadHtmlCacheBehavior [ RunTime:0.002000s ]
INFO: [ app_begin ] --END-- [ RunTime:0.002000s ]
NOTIC: [8] Undefined index: user_info D:\wamp\www\lamp\Fanhuawei\Application\Home\Controller\PublicController.class.php Á¨¨ 60 Ë°å.
NOTIC: [8] Undefined variable: user_id D:\wamp\www\lamp\Fanhuawei\Application\Home\Controller\PublicController.class.php Á¨¨ 70 Ë°å.
NOTIC: [8] Undefined variable: user_name D:\wamp\www\lamp\Fanhuawei\Application\Home\Controller\PublicController.class.php Á¨¨ 71 Ë°å.
INFO: [ app_end ] --START--
INFO: Run Behavior\ShowPageTraceBehavior [ RunTime:0.002000s ]
INFO: [ app_end ] --END-- [ RunTime:0.003000s ]

[ 2016-05-25T16:08:24+08:00 ] ::1 /lamp/Fanhuawei/index.php/Home/public/header.html
INFO: [ app_init ] --START--
INFO: Run Behavior\BuildLiteBehavior [ RunTime:0.000000s ]
INFO: [ app_init ] --END-- [ RunTime:0.002000s ]
INFO: [ app_begin ] --START--
INFO: Run Behavior\ReadHtmlCacheBehavior [ RunTime:0.002001s ]
INFO: [ app_begin ] --END-- [ RunTime:0.003001s ]
SQL: SHOW COLUMNS FROM `fhw_categorys` [ RunTime:0.0030s ]
SQL: SELECT * FROM `fhw_categorys` WHERE `pid` = 0 ORDER BY id  [ RunTime:0.0030s ]
SQL: SELECT * FROM `fhw_categorys` WHERE `path` LIKE '0-10' LIMIT 3   [ RunTime:0.0010s ]
SQL: SELECT * FROM `fhw_categorys` WHERE `path` LIKE '0-15' LIMIT 3   [ RunTime:0.0010s ]
SQL: SELECT * FROM `fhw_categorys` WHERE `path` LIKE '0-19' LIMIT 3   [ RunTime:0.0010s ]
SQL: SELECT * FROM `fhw_categorys` WHERE `path` LIKE '0-23' LIMIT 3   [ RunTime:0.0020s ]
SQL: SELECT * FROM `fhw_categorys` WHERE `path` LIKE '0-30' LIMIT 3   [ RunTime:0.0010s ]
SQL: SELECT * FROM `fhw_categorys` WHERE `path` LIKE '0-35' LIMIT 3   [ RunTime:0.0010s ]
INFO: [ app_end ] --START--
INFO: Run Behavior\ShowPageTraceBehavior [ RunTime:0.002000s ]
INFO: [ app_end ] --END-- [ RunTime:0.003000s ]

[ 2016-05-25T16:08:24+08:00 ] ::1 /lamp/Fanhuawei/index.php/Home/public/links.html
INFO: [ app_init ] --START--
INFO: Run Behavior\BuildLiteBehavior [ RunTime:0.000000s ]
INFO: [ app_init ] --END-- [ RunTime:0.002000s ]
INFO: [ app_begin ] --START--
INFO: Run Behavior\ReadHtmlCacheBehavior [ RunTime:0.002000s ]
INFO: [ app_begin ] --END-- [ RunTime:0.003000s ]
SQL: SHOW COLUMNS FROM `fhw_blogro` [ RunTime:0.0030s ]
SQL: SELECT * FROM `fhw_blogro` WHERE ( state=1 )  [ RunTime:0.0010s ]
INFO: [ app_end ] --START--
INFO: Run Behavior\ShowPageTraceBehavior [ RunTime:0.002000s ]
INFO: [ app_end ] --END-- [ RunTime:0.002000s ]

[ 2016-05-25T16:08:24+08:00 ] ::1 /lamp/Fanhuawei/index.php/Home/public/smallSC.html
INFO: [ app_init ] --START--
INFO: Run Behavior\BuildLiteBehavior [ RunTime:0.000000s ]
INFO: [ app_init ] --END-- [ RunTime:0.001000s ]
INFO: [ app_begin ] --START--
INFO: Run Behavior\ReadHtmlCacheBehavior [ RunTime:0.004000s ]
INFO: [ app_begin ] --END-- [ RunTime:0.005000s ]
NOTIC: [8] Undefined index: user_info D:\wamp\www\lamp\Fanhuawei\Application\Home\Controller\PublicController.class.php Á¨¨ 78 Ë°å.
SQL: SHOW COLUMNS FROM `fhw_shopcar` [ RunTime:0.0030s ]
SQL: SHOW COLUMNS FROM `fhw_shopcar` [ RunTime:0.0030s ]
ERR: 1064:You have an error in your SQL syntax; check the manual that corresponds to your MySQL server version for the right syntax to use near ')' at line 1
 [ SQLËØ≠Âè• ] : SELECT gd.id,gd.image1,gd.intro,gd.price,sc.style,sc.subtotal,sc.num,sc.goodsname FROM fhw_shopcar sc,fhw_goods gd WHERE ( sc.gid=gd.id and sc.uid= ) 
ERR: 1064:You have an error in your SQL syntax; check the manual that corresponds to your MySQL server version for the right syntax to use near ')' at line 1
 [ SQLËØ≠Âè• ] : SELECT gd.id,gd.image1,gd.intro,gd.price,sc.style,sc.subtotal,sc.num,sc.goodsname FROM fhw_shopcar sc,fhw_goods gd WHERE ( sc.gid=gd.id and sc.uid= ) 

[ 2016-05-25T16:08:45+08:00 ] ::1 /lamp/Fanhuawei/index.php/Home/login/index.html
INFO: [ app_init ] --START--
INFO: Run Behavior\BuildLiteBehavior [ RunTime:0.001000s ]
INFO: [ app_init ] --END-- [ RunTime:0.001000s ]
INFO: [ app_begin ] --START--
INFO: Run Behavior\ReadHtmlCacheBehavior [ RunTime:0.001000s ]
INFO: [ app_begin ] --END-- [ RunTime:0.002000s ]
INFO: [ view_parse ] --START--
INFO: [ template_filter ] --START--
INFO: Run Behavior\ContentReplaceBehavior [ RunTime:0.000000s ]
INFO: [ template_filter ] --END-- [ RunTime:0.001000s ]
NOTIC: [8] Undefined variable: url D:\wamp\www\lamp\Fanhuawei\Application\Runtime\Cache\Home\5b6adcb62ad2b5dfc2abc2cd5e11dc99.php Á¨¨ 44 Ë°å.
INFO: Run Behavior\ParseTemplateBehavior [ RunTime:0.062003s ]
INFO: [ view_parse ] --END-- [ RunTime:0.062003s ]
INFO: [ view_filter ] --START--
INFO: Run Behavior\WriteHtmlCacheBehavior [ RunTime:0.000000s ]
INFO: [ view_filter ] --END-- [ RunTime:0.001000s ]
INFO: [ app_end ] --START--
INFO: Run Behavior\ShowPageTraceBehavior [ RunTime:0.000000s ]
INFO: [ app_end ] --END-- [ RunTime:0.002001s ]

[ 2016-05-25T16:08:46+08:00 ] ::1 /lamp/Fanhuawei/index.php/Home/Login/verify.html
INFO: [ app_init ] --START--
INFO: Run Behavior\BuildLiteBehavior [ RunTime:0.000000s ]
INFO: [ app_init ] --END-- [ RunTime:0.001000s ]
INFO: [ app_begin ] --START--
INFO: Run Behavior\ReadHtmlCacheBehavior [ RunTime:0.002000s ]
INFO: [ app_begin ] --END-- [ RunTime:0.002000s ]
INFO: [ app_end ] --START--
INFO: Run Behavior\ShowPageTraceBehavior [ RunTime:0.003000s ]
INFO: [ app_end ] --END-- [ RunTime:0.003000s ]

[ 2016-05-25T16:08:52+08:00 ] ::1 /lamp/Fanhuawei/index.php/Home/Login/checkVerify.html?code=tx3v
INFO: [ app_init ] --START--
INFO: Run Behavior\BuildLiteBehavior [ RunTime:0.000000s ]
INFO: [ app_init ] --END-- [ RunTime:0.001000s ]
INFO: [ app_begin ] --START--
INFO: Run Behavior\ReadHtmlCacheBehavior [ RunTime:0.001000s ]
INFO: [ app_begin ] --END-- [ RunTime:0.001000s ]
INFO: [ app_end ] --START--
INFO: Run Behavior\ShowPageTraceBehavior [ RunTime:0.001000s ]
INFO: [ app_end ] --END-- [ RunTime:0.002001s ]

[ 2016-05-25T16:09:01+08:00 ] ::1 /lamp/Fanhuawei/index.php/Home/Login/remoteLogin.html
INFO: [ app_init ] --START--
INFO: Run Behavior\BuildLiteBehavior [ RunTime:0.015600s ]
INFO: [ app_init ] --END-- [ RunTime:0.015600s ]
INFO: [ app_begin ] --START--
INFO: Run Behavior\ReadHtmlCacheBehavior [ RunTime:0.000000s ]
INFO: [ app_begin ] --END-- [ RunTime:0.000000s ]
SQL: SHOW COLUMNS FROM `fhw_users` [ RunTime:0.0156s ]
SQL: SELECT * FROM `fhw_users` WHERE `username` = 'goubi02'  [ RunTime:0.0000s ]
SQL: SHOW COLUMNS FROM `fhw_users` [ RunTime:0.0000s ]
SQL: SELECT `id`,`avatar` FROM `fhw_users` WHERE `username` = 'goubi02'  [ RunTime:0.0000s ]
SQL: SELECT `userpass` FROM `fhw_users` WHERE `username` = 'goubi02' LIMIT 1   [ RunTime:0.0000s ]
NOTIC: [8] Undefined variable: userid D:\wamp\www\lamp\Fanhuawei\Application\Home\Model\UsersModel.class.php Á¨¨ 41 Ë°å.
INFO: [ app_end ] --START--
INFO: Run Behavior\ShowPageTraceBehavior [ RunTime:0.000000s ]
INFO: [ app_end ] --END-- [ RunTime:0.000000s ]

[ 2016-05-25T16:09:01+08:00 ] ::1 /lamp/Fanhuawei/index.php/Home/Index/index.html
INFO: [ app_init ] --START--
INFO: Run Behavior\BuildLiteBehavior [ RunTime:0.000000s ]
INFO: [ app_init ] --END-- [ RunTime:0.015600s ]
INFO: [ app_begin ] --START--
INFO: Run Behavior\ReadHtmlCacheBehavior [ RunTime:0.001000s ]
INFO: [ app_begin ] --END-- [ RunTime:0.001000s ]
SQL: SHOW COLUMNS FROM `fhw_goods` [ RunTime:0.0030s ]
SQL: SELECT * FROM `fhw_goods` LIMIT 4   [ RunTime:0.0020s ]
SQL: SHOW COLUMNS FROM `fhw_categorys` [ RunTime:0.0020s ]
SQL: SELECT `id` FROM `fhw_categorys` WHERE ( pid=10 )  [ RunTime:0.0010s ]
NOTIC: [8] Undefined variable: pid D:\wamp\www\lamp\Fanhuawei\Application\Home\Controller\IndexController.class.php Á¨¨ 15 Ë°å.
SQL: SELECT * FROM `fhw_goods` WHERE ( cateid in (11,12,13) ) LIMIT 2,6   [ RunTime:0.0020s ]
SQL: SELECT * FROM `fhw_goods` WHERE ( cateid in (11,12,13) ) LIMIT 1   [ RunTime:0.0010s ]
SQL: SELECT `id` FROM `fhw_categorys` WHERE ( pid=15 )  [ RunTime:0.0020s ]
NOTIC: [8] Undefined variable: pdid D:\wamp\www\lamp\Fanhuawei\Application\Home\Controller\IndexController.class.php Á¨¨ 27 Ë°å.
SQL: SELECT * FROM `fhw_goods` WHERE ( cateid in (16,17) ) LIMIT 2,6   [ RunTime:0.0020s ]
SQL: SELECT * FROM `fhw_goods` WHERE ( cateid in (16,17) ) LIMIT 1   [ RunTime:0.0010s ]
SQL: SELECT `id` FROM `fhw_categorys` WHERE ( pid=19 )  [ RunTime:0.0010s ]
NOTIC: [8] Undefined variable: jjid D:\wamp\www\lamp\Fanhuawei\Application\Home\Controller\IndexController.class.php Á¨¨ 40 Ë°å.
SQL: SELECT * FROM `fhw_goods` WHERE ( cateid in (20,21,22) ) LIMIT 2,6   [ RunTime:0.0020s ]
SQL: SELECT * FROM `fhw_goods` WHERE ( cateid in (20,21,22) ) LIMIT 1   [ RunTime:0.0010s ]
SQL: SELECT `id` FROM `fhw_categorys` WHERE ( pid=23 )  [ RunTime:0.0010s ]
NOTIC: [8] Undefined variable: pjid D:\wamp\www\lamp\Fanhuawei\Application\Home\Controller\IndexController.class.php Á¨¨ 52 Ë°å.
SQL: SELECT * FROM `fhw_goods` WHERE ( cateid in (24,26,27) ) LIMIT 2,6   [ RunTime:0.0020s ]
SQL: SELECT * FROM `fhw_goods` WHERE ( cateid in (24,26,27) ) LIMIT 1   [ RunTime:0.0010s ]
SQL: SHOW COLUMNS FROM `fhw_article` [ RunTime:0.0030s ]
SQL: SELECT * FROM `fhw_article` LIMIT 0,5   [ RunTime:0.0060s ]
SQL: SELECT * FROM `fhw_article` LIMIT 6,5   [ RunTime:0.0090s ]
INFO: [ view_parse ] --START--
INFO: [ template_filter ] --START--
INFO: Run Behavior\ContentReplaceBehavior [ RunTime:0.000000s ]
INFO: [ template_filter ] --END-- [ RunTime:0.001000s ]
NOTIC: [8] Use of undefined constant id - assumed 'id' D:\wamp\www\lamp\Fanhuawei\Application\Runtime\Cache\Home\2a94b8bda04ff446dcedd42276fc99ee.php Á¨¨ 416 Ë°å.
NOTIC: [8] Use of undefined constant id - assumed 'id' D:\wamp\www\lamp\Fanhuawei\Application\Runtime\Cache\Home\2a94b8bda04ff446dcedd42276fc99ee.php Á¨¨ 416 Ë°å.
NOTIC: [8] Use of undefined constant id - assumed 'id' D:\wamp\www\lamp\Fanhuawei\Application\Runtime\Cache\Home\2a94b8bda04ff446dcedd42276fc99ee.php Á¨¨ 416 Ë°å.
NOTIC: [8] Use of undefined constant id - assumed 'id' D:\wamp\www\lamp\Fanhuawei\Application\Runtime\Cache\Home\2a94b8bda04ff446dcedd42276fc99ee.php Á¨¨ 416 Ë°å.
NOTIC: [8] Use of undefined constant id - assumed 'id' D:\wamp\www\lamp\Fanhuawei\Application\Runtime\Cache\Home\2a94b8bda04ff446dcedd42276fc99ee.php Á¨¨ 416 Ë°å.
NOTIC: [8] Use of undefined constant id - assumed 'id' D:\wamp\www\lamp\Fanhuawei\Application\Runtime\Cache\Home\2a94b8bda04ff446dcedd42276fc99ee.php Á¨¨ 419 Ë°å.
NOTIC: [8] Use of undefined constant id - assumed 'id' D:\wamp\www\lamp\Fanhuawei\Application\Runtime\Cache\Home\2a94b8bda04ff446dcedd42276fc99ee.php Á¨¨ 419 Ë°å.
NOTIC: [8] Use of undefined constant id - assumed 'id' D:\wamp\www\lamp\Fanhuawei\Application\Runtime\Cache\Home\2a94b8bda04ff446dcedd42276fc99ee.php Á¨¨ 419 Ë°å.
NOTIC: [8] Use of undefined constant id - assumed 'id' D:\wamp\www\lamp\Fanhuawei\Application\Runtime\Cache\Home\2a94b8bda04ff446dcedd42276fc99ee.php Á¨¨ 419 Ë°å.
NOTIC: [8] Use of undefined constant id - assumed 'id' D:\wamp\www\lamp\Fanhuawei\Application\Runtime\Cache\Home\2a94b8bda04ff446dcedd42276fc99ee.php Á¨¨ 419 Ë°å.
NOTIC: [8] Undefined index: id D:\wamp\www\lamp\Fanhuawei\Application\Runtime\Cache\Home\2a94b8bda04ff446dcedd42276fc99ee.php Á¨¨ 456 Ë°å.
INFO: Run Behavior\ParseTemplateBehavior [ RunTime:0.171010s ]
INFO: [ view_parse ] --END-- [ RunTime:0.172010s ]
INFO: [ view_filter ] --START--
INFO: Run Behavior\WriteHtmlCacheBehavior [ RunTime:0.001000s ]
INFO: [ view_filter ] --END-- [ RunTime:0.002000s ]
INFO: [ app_end ] --START--
INFO: Run Behavior\ShowPageTraceBehavior [ RunTime:0.002000s ]
INFO: [ app_end ] --END-- [ RunTime:0.002000s ]

[ 2016-05-25T16:09:01+08:00 ] ::1 /lamp/Fanhuawei/index.php/Home/public/smallSC.html
INFO: [ app_init ] --START--
INFO: Run Behavior\BuildLiteBehavior [ RunTime:0.000000s ]
INFO: [ app_init ] --END-- [ RunTime:0.001000s ]
INFO: [ app_begin ] --START--
INFO: Run Behavior\ReadHtmlCacheBehavior [ RunTime:0.001000s ]
INFO: [ app_begin ] --END-- [ RunTime:0.002000s ]
SQL: SHOW COLUMNS FROM `fhw_shopcar` [ RunTime:0.0020s ]
SQL: SHOW COLUMNS FROM `fhw_shopcar` [ RunTime:0.0030s ]
SQL: SELECT gd.id,gd.image1,gd.intro,gd.price,sc.style,sc.subtotal,sc.num,sc.goodsname FROM fhw_shopcar sc,fhw_goods gd WHERE ( sc.gid=gd.id and sc.uid=26 )  [ RunTime:0.0010s ]
NOTIC: [8] Undefined variable: totalprice D:\wamp\www\lamp\Fanhuawei\Application\Home\Controller\PublicController.class.php Á¨¨ 86 Ë°å.
INFO: [ app_end ] --START--
INFO: Run Behavior\ShowPageTraceBehavior [ RunTime:0.001000s ]
INFO: [ app_end ] --END-- [ RunTime:0.001000s ]

[ 2016-05-25T16:09:01+08:00 ] ::1 /lamp/Fanhuawei/index.php/Home/public/links.html
INFO: [ app_init ] --START--
INFO: Run Behavior\BuildLiteBehavior [ RunTime:0.000000s ]
INFO: [ app_init ] --END-- [ RunTime:0.001000s ]
INFO: [ app_begin ] --START--
INFO: Run Behavior\ReadHtmlCacheBehavior [ RunTime:0.003000s ]
INFO: [ app_begin ] --END-- [ RunTime:0.004000s ]
SQL: SHOW COLUMNS FROM `fhw_blogro` [ RunTime:0.0030s ]
SQL: SELECT * FROM `fhw_blogro` WHERE ( state=1 )  [ RunTime:0.0010s ]
INFO: [ app_end ] --START--
INFO: Run Behavior\ShowPageTraceBehavior [ RunTime:0.001000s ]
INFO: [ app_end ] --END-- [ RunTime:0.001000s ]

[ 2016-05-25T16:09:01+08:00 ] ::1 /lamp/Fanhuawei/index.php/Home/public/naver.html
INFO: [ app_init ] --START--
INFO: Run Behavior\BuildLiteBehavior [ RunTime:0.000000s ]
INFO: [ app_init ] --END-- [ RunTime:0.001000s ]
INFO: [ app_begin ] --START--
INFO: Run Behavior\ReadHtmlCacheBehavior [ RunTime:0.001000s ]
INFO: [ app_begin ] --END-- [ RunTime:0.003000s ]
SQL: SHOW COLUMNS FROM `fhw_categorys` [ RunTime:0.0030s ]
SQL: SELECT * FROM `fhw_categorys` WHERE `pid` = 0 ORDER BY id  [ RunTime:0.0010s ]
INFO: [ app_end ] --START--
INFO: Run Behavior\ShowPageTraceBehavior [ RunTime:0.001001s ]
INFO: [ app_end ] --END-- [ RunTime:0.001001s ]

[ 2016-05-25T16:09:01+08:00 ] ::1 /lamp/Fanhuawei/index.php/Home/public/login.html
INFO: [ app_init ] --START--
INFO: Run Behavior\BuildLiteBehavior [ RunTime:0.000000s ]
INFO: [ app_init ] --END-- [ RunTime:0.001000s ]
INFO: [ app_begin ] --START--
INFO: Run Behavior\ReadHtmlCacheBehavior [ RunTime:0.001000s ]
INFO: [ app_begin ] --END-- [ RunTime:0.002000s ]
INFO: [ app_end ] --START--
INFO: Run Behavior\ShowPageTraceBehavior [ RunTime:0.001000s ]
INFO: [ app_end ] --END-- [ RunTime:0.001000s ]

[ 2016-05-25T16:09:02+08:00 ] ::1 /lamp/Fanhuawei/index.php/Home/public/header.html
INFO: [ app_init ] --START--
INFO: Run Behavior\BuildLiteBehavior [ RunTime:0.000000s ]
INFO: [ app_init ] --END-- [ RunTime:0.001000s ]
INFO: [ app_begin ] --START--
INFO: Run Behavior\ReadHtmlCacheBehavior [ RunTime:0.001000s ]
INFO: [ app_begin ] --END-- [ RunTime:0.002000s ]
SQL: SHOW COLUMNS FROM `fhw_categorys` [ RunTime:0.0030s ]
SQL: SELECT * FROM `fhw_categorys` WHERE `pid` = 0 ORDER BY id  [ RunTime:0.0010s ]
SQL: SELECT * FROM `fhw_categorys` WHERE `path` LIKE '0-10' LIMIT 3   [ RunTime:0.0010s ]
SQL: SELECT * FROM `fhw_categorys` WHERE `path` LIKE '0-15' LIMIT 3   [ RunTime:0.0010s ]
SQL: SELECT * FROM `fhw_categorys` WHERE `path` LIKE '0-19' LIMIT 3   [ RunTime:0.0010s ]
SQL: SELECT * FROM `fhw_categorys` WHERE `path` LIKE '0-23' LIMIT 3   [ RunTime:0.0010s ]
SQL: SELECT * FROM `fhw_categorys` WHERE `path` LIKE '0-30' LIMIT 3   [ RunTime:0.0010s ]
SQL: SELECT * FROM `fhw_categorys` WHERE `path` LIKE '0-35' LIMIT 3   [ RunTime:0.0010s ]
INFO: [ app_end ] --START--
INFO: Run Behavior\ShowPageTraceBehavior [ RunTime:0.001000s ]
INFO: [ app_end ] --END-- [ RunTime:0.001000s ]

[ 2016-05-25T16:09:04+08:00 ] ::1 /lamp/Fanhuawei/index.php/Home/member/index.html
INFO: [ app_init ] --START--
INFO: Run Behavior\BuildLiteBehavior [ RunTime:0.000000s ]
INFO: [ app_init ] --END-- [ RunTime:0.001000s ]
INFO: [ app_begin ] --START--
INFO: Run Behavior\ReadHtmlCacheBehavior [ RunTime:0.001000s ]
INFO: [ app_begin ] --END-- [ RunTime:0.002000s ]
INFO: [ view_parse ] --START--
INFO: [ template_filter ] --START--
INFO: Run Behavior\ContentReplaceBehavior [ RunTime:0.001000s ]
INFO: [ template_filter ] --END-- [ RunTime:0.002000s ]
INFO: Run Behavior\ParseTemplateBehavior [ RunTime:0.089005s ]
INFO: [ view_parse ] --END-- [ RunTime:0.090005s ]
INFO: [ view_filter ] --START--
INFO: Run Behavior\WriteHtmlCacheBehavior [ RunTime:0.001000s ]
INFO: [ view_filter ] --END-- [ RunTime:0.001000s ]
INFO: [ app_end ] --START--
INFO: Run Behavior\ShowPageTraceBehavior [ RunTime:0.001000s ]
INFO: [ app_end ] --END-- [ RunTime:0.001000s ]

[ 2016-05-25T16:09:04+08:00 ] ::1 /lamp/Fanhuawei/index.php/Home/public/naver.html
INFO: [ app_init ] --START--
INFO: Run Behavior\BuildLiteBehavior [ RunTime:0.000000s ]
INFO: [ app_init ] --END-- [ RunTime:0.001000s ]
INFO: [ app_begin ] --START--
INFO: Run Behavior\ReadHtmlCacheBehavior [ RunTime:0.001000s ]
INFO: [ app_begin ] --END-- [ RunTime:0.002000s ]
SQL: SHOW COLUMNS FROM `fhw_categorys` [ RunTime:0.0030s ]
SQL: SELECT * FROM `fhw_categorys` WHERE `pid` = 0 ORDER BY id  [ RunTime:0.0010s ]
INFO: [ app_end ] --START--
INFO: Run Behavior\ShowPageTraceBehavior [ RunTime:0.001000s ]
INFO: [ app_end ] --END-- [ RunTime:0.002000s ]

[ 2016-05-25T16:09:04+08:00 ] ::1 /lamp/Fanhuawei/index.php/Home/Member/welcome.html
INFO: [ app_init ] --START--
INFO: Run Behavior\BuildLiteBehavior [ RunTime:0.000000s ]
INFO: [ app_init ] --END-- [ RunTime:0.001000s ]
INFO: [ app_begin ] --START--
INFO: Run Behavior\ReadHtmlCacheBehavior [ RunTime:0.001000s ]
INFO: [ app_begin ] --END-- [ RunTime:0.001000s ]
SQL: SHOW COLUMNS FROM `fhw_users` [ RunTime:0.0050s ]
SQL: SELECT `user_points`,`username`,`avatar`,`balance` FROM `fhw_users` WHERE `id` = 26  [ RunTime:0.0020s ]
INFO: [ view_parse ] --START--
INFO: [ template_filter ] --START--
INFO: Run Behavior\ContentReplaceBehavior [ RunTime:0.000000s ]
INFO: [ template_filter ] --END-- [ RunTime:0.001000s ]
NOTIC: [8] Undefined variable: user_level D:\wamp\www\lamp\Fanhuawei\Application\Runtime\Cache\Home\9cff28d567ef96c8840225673c0370c1.php Á¨¨ 26 Ë°å.
INFO: Run Behavior\ParseTemplateBehavior [ RunTime:0.039002s ]
INFO: [ view_parse ] --END-- [ RunTime:0.040002s ]
INFO: [ view_filter ] --START--
INFO: Run Behavior\WriteHtmlCacheBehavior [ RunTime:0.001000s ]
INFO: [ view_filter ] --END-- [ RunTime:0.001000s ]
INFO: [ app_end ] --START--
INFO: Run Behavior\ShowPageTraceBehavior [ RunTime:0.001000s ]
INFO: [ app_end ] --END-- [ RunTime:0.001000s ]

[ 2016-05-25T16:09:04+08:00 ] ::1 /lamp/Fanhuawei/index.php/Home/public/links.html
INFO: [ app_init ] --START--
INFO: Run Behavior\BuildLiteBehavior [ RunTime:0.000000s ]
INFO: [ app_init ] --END-- [ RunTime:0.001000s ]
INFO: [ app_begin ] --START--
INFO: Run Behavior\ReadHtmlCacheBehavior [ RunTime:0.000000s ]
INFO: [ app_begin ] --END-- [ RunTime:0.002000s ]
SQL: SHOW COLUMNS FROM `fhw_blogro` [ RunTime:0.0030s ]
SQL: SELECT * FROM `fhw_blogro` WHERE ( state=1 )  [ RunTime:0.0010s ]
INFO: [ app_end ] --START--
INFO: Run Behavior\ShowPageTraceBehavior [ RunTime:0.001000s ]
INFO: [ app_end ] --END-- [ RunTime:0.002001s ]

[ 2016-05-25T16:09:04+08:00 ] ::1 /lamp/Fanhuawei/index.php/Home/public/smallSC.html
INFO: [ app_init ] --START--
INFO: Run Behavior\BuildLiteBehavior [ RunTime:0.000000s ]
INFO: [ app_init ] --END-- [ RunTime:0.001000s ]
INFO: [ app_begin ] --START--
INFO: Run Behavior\ReadHtmlCacheBehavior [ RunTime:0.002000s ]
INFO: [ app_begin ] --END-- [ RunTime:0.002000s ]
SQL: SHOW COLUMNS FROM `fhw_shopcar` [ RunTime:0.0030s ]
SQL: SHOW COLUMNS FROM `fhw_shopcar` [ RunTime:0.0030s ]
SQL: SELECT gd.id,gd.image1,gd.intro,gd.price,sc.style,sc.subtotal,sc.num,sc.goodsname FROM fhw_shopcar sc,fhw_goods gd WHERE ( sc.gid=gd.id and sc.uid=26 )  [ RunTime:0.0010s ]
NOTIC: [8] Undefined variable: totalprice D:\wamp\www\lamp\Fanhuawei\Application\Home\Controller\PublicController.class.php Á¨¨ 86 Ë°å.
INFO: [ app_end ] --START--
INFO: Run Behavior\ShowPageTraceBehavior [ RunTime:0.001000s ]
INFO: [ app_end ] --END-- [ RunTime:0.001000s ]

[ 2016-05-25T16:09:04+08:00 ] ::1 /lamp/Fanhuawei/index.php/Home/public/header.html
INFO: [ app_init ] --START--
INFO: Run Behavior\BuildLiteBehavior [ RunTime:0.000000s ]
INFO: [ app_init ] --END-- [ RunTime:0.001000s ]
INFO: [ app_begin ] --START--
INFO: Run Behavior\ReadHtmlCacheBehavior [ RunTime:0.001000s ]
INFO: [ app_begin ] --END-- [ RunTime:0.001000s ]
SQL: SHOW COLUMNS FROM `fhw_categorys` [ RunTime:0.0030s ]
SQL: SELECT * FROM `fhw_categorys` WHERE `pid` = 0 ORDER BY id  [ RunTime:0.0010s ]
SQL: SELECT * FROM `fhw_categorys` WHERE `path` LIKE '0-10' LIMIT 3   [ RunTime:0.0050s ]
SQL: SELECT * FROM `fhw_categorys` WHERE `path` LIKE '0-15' LIMIT 3   [ RunTime:0.0010s ]
SQL: SELECT * FROM `fhw_categorys` WHERE `path` LIKE '0-19' LIMIT 3   [ RunTime:0.0020s ]
SQL: SELECT * FROM `fhw_categorys` WHERE `path` LIKE '0-23' LIMIT 3   [ RunTime:0.0010s ]
SQL: SELECT * FROM `fhw_categorys` WHERE `path` LIKE '0-30' LIMIT 3   [ RunTime:0.0010s ]
SQL: SELECT * FROM `fhw_categorys` WHERE `path` LIKE '0-35' LIMIT 3   [ RunTime:0.0020s ]
INFO: [ app_end ] --START--
INFO: Run Behavior\ShowPageTraceBehavior [ RunTime:0.000000s ]
INFO: [ app_end ] --END-- [ RunTime:0.001000s ]

[ 2016-05-25T16:09:05+08:00 ] ::1 /lamp/Fanhuawei/index.php/Home/Email/checkEmail.html
INFO: [ app_init ] --START--
INFO: Run Behavior\BuildLiteBehavior [ RunTime:0.000000s ]
INFO: [ app_init ] --END-- [ RunTime:0.001000s ]
INFO: [ app_begin ] --START--
INFO: Run Behavior\ReadHtmlCacheBehavior [ RunTime:0.001000s ]
INFO: [ app_begin ] --END-- [ RunTime:0.002000s ]
NOTIC: [2048] Declaration of Home\Controller\EmailController::show() should be compatible with Think\Controller::show($content, $charset = '', $contentType = '', $prefix = '') D:\wamp\www\lamp\Fanhuawei\Application\Home\Controller\EmailController.class.php Á¨¨ 69 Ë°å.
SQL: SHOW COLUMNS FROM `fhw_message` [ RunTime:0.1170s ]
SQL: SELECT `statue` FROM `fhw_message` WHERE `recid` = 26 AND `statue` = 0  [ RunTime:0.0060s ]
INFO: [ app_end ] --START--
INFO: Run Behavior\ShowPageTraceBehavior [ RunTime:0.002000s ]
INFO: [ app_end ] --END-- [ RunTime:0.002000s ]

[ 2016-05-25T16:09:05+08:00 ] ::1 /lamp/Fanhuawei/index.php/Home/public/login.html
INFO: [ app_init ] --START--
INFO: Run Behavior\BuildLiteBehavior [ RunTime:0.000000s ]
INFO: [ app_init ] --END-- [ RunTime:0.001000s ]
INFO: [ app_begin ] --START--
INFO: Run Behavior\ReadHtmlCacheBehavior [ RunTime:0.001000s ]
INFO: [ app_begin ] --END-- [ RunTime:0.002000s ]
INFO: [ app_end ] --START--
INFO: Run Behavior\ShowPageTraceBehavior [ RunTime:0.005000s ]
INFO: [ app_end ] --END-- [ RunTime:0.005000s ]

[ 2016-05-25T16:09:10+08:00 ] ::1 /lamp/Fanhuawei/index.php/Home/login/logout.html
INFO: [ app_init ] --START--
INFO: Run Behavior\BuildLiteBehavior [ RunTime:0.000000s ]
INFO: [ app_init ] --END-- [ RunTime:0.015600s ]
INFO: [ app_begin ] --START--
INFO: Run Behavior\ReadHtmlCacheBehavior [ RunTime:0.001000s ]
INFO: [ app_begin ] --END-- [ RunTime:0.001000s ]

[ 2016-05-25T16:09:11+08:00 ] ::1 /lamp/Fanhuawei/index.php/Home/Index/index.html
INFO: [ app_init ] --START--
INFO: Run Behavior\BuildLiteBehavior [ RunTime:0.000000s ]
INFO: [ app_init ] --END-- [ RunTime:0.001001s ]
INFO: [ app_begin ] --START--
INFO: Run Behavior\ReadHtmlCacheBehavior [ RunTime:0.001000s ]
INFO: [ app_begin ] --END-- [ RunTime:0.002000s ]
SQL: SHOW COLUMNS FROM `fhw_goods` [ RunTime:0.0030s ]
SQL: SELECT * FROM `fhw_goods` LIMIT 4   [ RunTime:0.0010s ]
SQL: SHOW COLUMNS FROM `fhw_categorys` [ RunTime:0.0030s ]
SQL: SELECT `id` FROM `fhw_categorys` WHERE ( pid=10 )  [ RunTime:0.0010s ]
NOTIC: [8] Undefined variable: pid D:\wamp\www\lamp\Fanhuawei\Application\Home\Controller\IndexController.class.php Á¨¨ 15 Ë°å.
SQL: SELECT * FROM `fhw_goods` WHERE ( cateid in (11,12,13) ) LIMIT 2,6   [ RunTime:0.0010s ]
SQL: SELECT * FROM `fhw_goods` WHERE ( cateid in (11,12,13) ) LIMIT 1   [ RunTime:0.0010s ]
SQL: SELECT `id` FROM `fhw_categorys` WHERE ( pid=15 )  [ RunTime:0.0010s ]
NOTIC: [8] Undefined variable: pdid D:\wamp\www\lamp\Fanhuawei\Application\Home\Controller\IndexController.class.php Á¨¨ 27 Ë°å.
SQL: SELECT * FROM `fhw_goods` WHERE ( cateid in (16,17) ) LIMIT 2,6   [ RunTime:0.0010s ]
SQL: SELECT * FROM `fhw_goods` WHERE ( cateid in (16,17) ) LIMIT 1   [ RunTime:0.0010s ]
SQL: SELECT `id` FROM `fhw_categorys` WHERE ( pid=19 )  [ RunTime:0.0010s ]
NOTIC: [8] Undefined variable: jjid D:\wamp\www\lamp\Fanhuawei\Application\Home\Controller\IndexController.class.php Á¨¨ 40 Ë°å.
SQL: SELECT * FROM `fhw_goods` WHERE ( cateid in (20,21,22) ) LIMIT 2,6   [ RunTime:0.0020s ]
SQL: SELECT * FROM `fhw_goods` WHERE ( cateid in (20,21,22) ) LIMIT 1   [ RunTime:0.0010s ]
SQL: SELECT `id` FROM `fhw_categorys` WHERE ( pid=23 )  [ RunTime:0.0010s ]
NOTIC: [8] Undefined variable: pjid D:\wamp\www\lamp\Fanhuawei\Application\Home\Controller\IndexController.class.php Á¨¨ 52 Ë°å.
SQL: SELECT * FROM `fhw_goods` WHERE ( cateid in (24,26,27) ) LIMIT 2,6   [ RunTime:0.0020s ]
SQL: SELECT * FROM `fhw_goods` WHERE ( cateid in (24,26,27) ) LIMIT 1   [ RunTime:0.0020s ]
SQL: SHOW COLUMNS FROM `fhw_article` [ RunTime:0.0030s ]
SQL: SELECT * FROM `fhw_article` LIMIT 0,5   [ RunTime:0.0060s ]
SQL: SELECT * FROM `fhw_article` LIMIT 6,5   [ RunTime:0.0080s ]
INFO: [ view_parse ] --START--
INFO: [ template_filter ] --START--
INFO: Run Behavior\ContentReplaceBehavior [ RunTime:0.001000s ]
INFO: [ template_filter ] --END-- [ RunTime:0.001000s ]
NOTIC: [8] Use of undefined constant id - assumed 'id' D:\wamp\www\lamp\Fanhuawei\Application\Runtime\Cache\Home\2a94b8bda04ff446dcedd42276fc99ee.php Á¨¨ 416 Ë°å.
NOTIC: [8] Use of undefined constant id - assumed 'id' D:\wamp\www\lamp\Fanhuawei\Application\Runtime\Cache\Home\2a94b8bda04ff446dcedd42276fc99ee.php Á¨¨ 416 Ë°å.
NOTIC: [8] Use of undefined constant id - assumed 'id' D:\wamp\www\lamp\Fanhuawei\Application\Runtime\Cache\Home\2a94b8bda04ff446dcedd42276fc99ee.php Á¨¨ 416 Ë°å.
NOTIC: [8] Use of undefined constant id - assumed 'id' D:\wamp\www\lamp\Fanhuawei\Application\Runtime\Cache\Home\2a94b8bda04ff446dcedd42276fc99ee.php Á¨¨ 416 Ë°å.
NOTIC: [8] Use of undefined constant id - assumed 'id' D:\wamp\www\lamp\Fanhuawei\Application\Runtime\Cache\Home\2a94b8bda04ff446dcedd42276fc99ee.php Á¨¨ 416 Ë°å.
NOTIC: [8] Use of undefined constant id - assumed 'id' D:\wamp\www\lamp\Fanhuawei\Application\Runtime\Cache\Home\2a94b8bda04ff446dcedd42276fc99ee.php Á¨¨ 419 Ë°å.
NOTIC: [8] Use of undefined constant id - assumed 'id' D:\wamp\www\lamp\Fanhuawei\Application\Runtime\Cache\Home\2a94b8bda04ff446dcedd42276fc99ee.php Á¨¨ 419 Ë°å.
NOTIC: [8] Use of undefined constant id - assumed 'id' D:\wamp\www\lamp\Fanhuawei\Application\Runtime\Cache\Home\2a94b8bda04ff446dcedd42276fc99ee.php Á¨¨ 419 Ë°å.
NOTIC: [8] Use of undefined constant id - assumed 'id' D:\wamp\www\lamp\Fanhuawei\Application\Runtime\Cache\Home\2a94b8bda04ff446dcedd42276fc99ee.php Á¨¨ 419 Ë°å.
NOTIC: [8] Use of undefined constant id - assumed 'id' D:\wamp\www\lamp\Fanhuawei\Application\Runtime\Cache\Home\2a94b8bda04ff446dcedd42276fc99ee.php Á¨¨ 419 Ë°å.
NOTIC: [8] Undefined index: id D:\wamp\www\lamp\Fanhuawei\Application\Runtime\Cache\Home\2a94b8bda04ff446dcedd42276fc99ee.php Á¨¨ 456 Ë°å.
INFO: Run Behavior\ParseTemplateBehavior [ RunTime:0.180010s ]
INFO: [ view_parse ] --END-- [ RunTime:0.181010s ]
INFO: [ view_filter ] --START--
INFO: Run Behavior\WriteHtmlCacheBehavior [ RunTime:0.001000s ]
INFO: [ view_filter ] --END-- [ RunTime:0.002000s ]
INFO: [ app_end ] --START--
INFO: Run Behavior\ShowPageTraceBehavior [ RunTime:0.002000s ]
INFO: [ app_end ] --END-- [ RunTime:0.002000s ]

[ 2016-05-25T16:09:11+08:00 ] ::1 /lamp/Fanhuawei/index.php/Home/public/smallSC.html
INFO: [ app_init ] --START--
INFO: Run Behavior\BuildLiteBehavior [ RunTime:0.000000s ]
INFO: [ app_init ] --END-- [ RunTime:0.000000s ]
INFO: [ app_begin ] --START--
INFO: Run Behavior\ReadHtmlCacheBehavior [ RunTime:0.001000s ]
INFO: [ app_begin ] --END-- [ RunTime:0.001000s ]
NOTIC: [8] Undefined index: user_info D:\wamp\www\lamp\Fanhuawei\Application\Home\Controller\PublicController.class.php Á¨¨ 78 Ë°å.
SQL: SHOW COLUMNS FROM `fhw_shopcar` [ RunTime:0.0020s ]
SQL: SHOW COLUMNS FROM `fhw_shopcar` [ RunTime:0.0030s ]
ERR: 1064:You have an error in your SQL syntax; check the manual that corresponds to your MySQL server version for the right syntax to use near ')' at line 1
 [ SQLËØ≠Âè• ] : SELECT gd.id,gd.image1,gd.intro,gd.price,sc.style,sc.subtotal,sc.num,sc.goodsname FROM fhw_shopcar sc,fhw_goods gd WHERE ( sc.gid=gd.id and sc.uid= ) 
ERR: 1064:You have an error in your SQL syntax; check the manual that corresponds to your MySQL server version for the right syntax to use near ')' at line 1
 [ SQLËØ≠Âè• ] : SELECT gd.id,gd.image1,gd.intro,gd.price,sc.style,sc.subtotal,sc.num,sc.goodsname FROM fhw_shopcar sc,fhw_goods gd WHERE ( sc.gid=gd.id and sc.uid= ) 

[ 2016-05-25T16:09:11+08:00 ] ::1 /lamp/Fanhuawei/index.php/Home/public/login.html
INFO: [ app_init ] --START--
INFO: Run Behavior\BuildLiteBehavior [ RunTime:0.000000s ]
INFO: [ app_init ] --END-- [ RunTime:0.001000s ]
INFO: [ app_begin ] --START--
INFO: Run Behavior\ReadHtmlCacheBehavior [ RunTime:0.001000s ]
INFO: [ app_begin ] --END-- [ RunTime:0.006000s ]
NOTIC: [8] Undefined index: user_info D:\wamp\www\lamp\Fanhuawei\Application\Home\Controller\PublicController.class.php Á¨¨ 60 Ë°å.
NOTIC: [8] Undefined variable: user_id D:\wamp\www\lamp\Fanhuawei\Application\Home\Controller\PublicController.class.php Á¨¨ 70 Ë°å.
NOTIC: [8] Undefined variable: user_name D:\wamp\www\lamp\Fanhuawei\Application\Home\Controller\PublicController.class.php Á¨¨ 71 Ë°å.
INFO: [ app_end ] --START--
INFO: Run Behavior\ShowPageTraceBehavior [ RunTime:0.002000s ]
INFO: [ app_end ] --END-- [ RunTime:0.002000s ]

[ 2016-05-25T16:09:11+08:00 ] ::1 /lamp/Fanhuawei/index.php/Home/public/header.html
INFO: [ app_init ] --START--
INFO: Run Behavior\BuildLiteBehavior [ RunTime:0.000000s ]
INFO: [ app_init ] --END-- [ RunTime:0.002000s ]
INFO: [ app_begin ] --START--
INFO: Run Behavior\ReadHtmlCacheBehavior [ RunTime:0.001000s ]
INFO: [ app_begin ] --END-- [ RunTime:0.001000s ]
SQL: SHOW COLUMNS FROM `fhw_categorys` [ RunTime:0.0030s ]
SQL: SELECT * FROM `fhw_categorys` WHERE `pid` = 0 ORDER BY id  [ RunTime:0.0010s ]
SQL: SELECT * FROM `fhw_categorys` WHERE `path` LIKE '0-10' LIMIT 3   [ RunTime:0.0010s ]
SQL: SELECT * FROM `fhw_categorys` WHERE `path` LIKE '0-15' LIMIT 3   [ RunTime:0.0020s ]
SQL: SELECT * FROM `fhw_categorys` WHERE `path` LIKE '0-19' LIMIT 3   [ RunTime:0.0020s ]
SQL: SELECT * FROM `fhw_categorys` WHERE `path` LIKE '0-23' LIMIT 3   [ RunTime:0.0010s ]
SQL: SELECT * FROM `fhw_categorys` WHERE `path` LIKE '0-30' LIMIT 3   [ RunTime:0.0010s ]
SQL: SELECT * FROM `fhw_categorys` WHERE `path` LIKE '0-35' LIMIT 3   [ RunTime:0.0010s ]
INFO: [ app_end ] --START--
INFO: Run Behavior\ShowPageTraceBehavior [ RunTime:0.001000s ]
INFO: [ app_end ] --END-- [ RunTime:0.001000s ]

[ 2016-05-25T16:09:11+08:00 ] ::1 /lamp/Fanhuawei/index.php/Home/public/links.html
INFO: [ app_init ] --START--
INFO: Run Behavior\BuildLiteBehavior [ RunTime:0.000000s ]
INFO: [ app_init ] --END-- [ RunTime:0.001001s ]
INFO: [ app_begin ] --START--
INFO: Run Behavior\ReadHtmlCacheBehavior [ RunTime:0.001000s ]
INFO: [ app_begin ] --END-- [ RunTime:0.001000s ]
SQL: SHOW COLUMNS FROM `fhw_blogro` [ RunTime:0.0030s ]
SQL: SELECT * FROM `fhw_blogro` WHERE ( state=1 )  [ RunTime:0.0020s ]
INFO: [ app_end ] --START--
INFO: Run Behavior\ShowPageTraceBehavior [ RunTime:0.002000s ]
INFO: [ app_end ] --END-- [ RunTime:0.002000s ]

[ 2016-05-25T16:09:11+08:00 ] ::1 /lamp/Fanhuawei/index.php/Home/public/naver.html
INFO: [ app_init ] --START--
INFO: Run Behavior\BuildLiteBehavior [ RunTime:0.000000s ]
INFO: [ app_init ] --END-- [ RunTime:0.001000s ]
INFO: [ app_begin ] --START--
INFO: Run Behavior\ReadHtmlCacheBehavior [ RunTime:0.001000s ]
INFO: [ app_begin ] --END-- [ RunTime:0.001000s ]
SQL: SHOW COLUMNS FROM `fhw_categorys` [ RunTime:0.0030s ]
SQL: SELECT * FROM `fhw_categorys` WHERE `pid` = 0 ORDER BY id  [ RunTime:0.0010s ]
INFO: [ app_end ] --START--
INFO: Run Behavior\ShowPageTraceBehavior [ RunTime:0.001000s ]
INFO: [ app_end ] --END-- [ RunTime:0.001000s ]

[ 2016-05-25T16:09:12+08:00 ] ::1 /lamp/Fanhuawei/index.php/Home/login/index.html
INFO: [ app_init ] --START--
INFO: Run Behavior\BuildLiteBehavior [ RunTime:0.000000s ]
INFO: [ app_init ] --END-- [ RunTime:0.001000s ]
INFO: [ app_begin ] --START--
INFO: Run Behavior\ReadHtmlCacheBehavior [ RunTime:0.001000s ]
INFO: [ app_begin ] --END-- [ RunTime:0.001000s ]
INFO: [ view_parse ] --START--
INFO: [ template_filter ] --START--
INFO: Run Behavior\ContentReplaceBehavior [ RunTime:0.001000s ]
INFO: [ template_filter ] --END-- [ RunTime:0.001000s ]
NOTIC: [8] Undefined variable: url D:\wamp\www\lamp\Fanhuawei\Application\Runtime\Cache\Home\5b6adcb62ad2b5dfc2abc2cd5e11dc99.php Á¨¨ 44 Ë°å.
INFO: Run Behavior\ParseTemplateBehavior [ RunTime:0.019001s ]
INFO: [ view_parse ] --END-- [ RunTime:0.019001s ]
INFO: [ view_filter ] --START--
INFO: Run Behavior\WriteHtmlCacheBehavior [ RunTime:0.000000s ]
INFO: [ view_filter ] --END-- [ RunTime:0.000000s ]
INFO: [ app_end ] --START--
INFO: Run Behavior\ShowPageTraceBehavior [ RunTime:0.000000s ]
INFO: [ app_end ] --END-- [ RunTime:0.001000s ]

[ 2016-05-25T16:09:12+08:00 ] ::1 /lamp/Fanhuawei/index.php/Home/Login/verify.html
INFO: [ app_init ] --START--
INFO: Run Behavior\BuildLiteBehavior [ RunTime:0.000000s ]
INFO: [ app_init ] --END-- [ RunTime:0.001000s ]
INFO: [ app_begin ] --START--
INFO: Run Behavior\ReadHtmlCacheBehavior [ RunTime:0.001000s ]
INFO: [ app_begin ] --END-- [ RunTime:0.001000s ]
INFO: [ app_end ] --START--
INFO: Run Behavior\ShowPageTraceBehavior [ RunTime:0.001000s ]
INFO: [ app_end ] --END-- [ RunTime:0.001000s ]

[ 2016-05-25T16:09:32+08:00 ] ::1 /lamp/Fanhuawei/index.php/Home/Login/checkVerify.html?code=3fxy
INFO: [ app_init ] --START--
INFO: Run Behavior\BuildLiteBehavior [ RunTime:0.000000s ]
INFO: [ app_init ] --END-- [ RunTime:0.001000s ]
INFO: [ app_begin ] --START--
INFO: Run Behavior\ReadHtmlCacheBehavior [ RunTime:0.000000s ]
INFO: [ app_begin ] --END-- [ RunTime:0.002000s ]
INFO: [ app_end ] --START--
INFO: Run Behavior\ShowPageTraceBehavior [ RunTime:0.000000s ]
INFO: [ app_end ] --END-- [ RunTime:0.000000s ]

[ 2016-05-25T16:09:37+08:00 ] ::1 /lamp/Fanhuawei/index.php/Home/Login/remoteLogin.html
INFO: [ app_init ] --START--
INFO: Run Behavior\BuildLiteBehavior [ RunTime:0.001000s ]
INFO: [ app_init ] --END-- [ RunTime:0.001000s ]
INFO: [ app_begin ] --START--
INFO: Run Behavior\ReadHtmlCacheBehavior [ RunTime:0.001000s ]
INFO: [ app_begin ] --END-- [ RunTime:0.001000s ]
SQL: SHOW COLUMNS FROM `fhw_users` [ RunTime:0.0000s ]
SQL: SELECT * FROM `fhw_users` WHERE `username` = 'lin123'  [ RunTime:0.0000s ]
SQL: SHOW COLUMNS FROM `fhw_users` [ RunTime:0.0000s ]
SQL: SELECT `id`,`avatar` FROM `fhw_users` WHERE `username` = 'lin123'  [ RunTime:0.0000s ]
SQL: SELECT `userpass` FROM `fhw_users` WHERE `username` = 'lin123' LIMIT 1   [ RunTime:0.0156s ]
NOTIC: [8] Undefined variable: userid D:\wamp\www\lamp\Fanhuawei\Application\Home\Model\UsersModel.class.php Á¨¨ 41 Ë°å.
INFO: [ app_end ] --START--
INFO: Run Behavior\ShowPageTraceBehavior [ RunTime:0.000000s ]
INFO: [ app_end ] --END-- [ RunTime:0.000000s ]

[ 2016-05-25T16:09:37+08:00 ] ::1 /lamp/Fanhuawei/index.php/Home/Index/index.html
INFO: [ app_init ] --START--
INFO: Run Behavior\BuildLiteBehavior [ RunTime:0.000000s ]
INFO: [ app_init ] --END-- [ RunTime:0.002001s ]
INFO: [ app_begin ] --START--
INFO: Run Behavior\ReadHtmlCacheBehavior [ RunTime:0.002000s ]
INFO: [ app_begin ] --END-- [ RunTime:0.002000s ]
SQL: SHOW COLUMNS FROM `fhw_goods` [ RunTime:0.0030s ]
SQL: SELECT * FROM `fhw_goods` LIMIT 4   [ RunTime:0.0130s ]
SQL: SHOW COLUMNS FROM `fhw_categorys` [ RunTime:0.0030s ]
SQL: SELECT `id` FROM `fhw_categorys` WHERE ( pid=10 )  [ RunTime:0.0010s ]
NOTIC: [8] Undefined variable: pid D:\wamp\www\lamp\Fanhuawei\Application\Home\Controller\IndexController.class.php Á¨¨ 15 Ë°å.
SQL: SELECT * FROM `fhw_goods` WHERE ( cateid in (11,12,13) ) LIMIT 2,6   [ RunTime:0.0030s ]
SQL: SELECT * FROM `fhw_goods` WHERE ( cateid in (11,12,13) ) LIMIT 1   [ RunTime:0.0010s ]
SQL: SELECT `id` FROM `fhw_categorys` WHERE ( pid=15 )  [ RunTime:0.0010s ]
NOTIC: [8] Undefined variable: pdid D:\wamp\www\lamp\Fanhuawei\Application\Home\Controller\IndexController.class.php Á¨¨ 27 Ë°å.
SQL: SELECT * FROM `fhw_goods` WHERE ( cateid in (16,17) ) LIMIT 2,6   [ RunTime:0.0020s ]
SQL: SELECT * FROM `fhw_goods` WHERE ( cateid in (16,17) ) LIMIT 1   [ RunTime:0.0010s ]
SQL: SELECT `id` FROM `fhw_categorys` WHERE ( pid=19 )  [ RunTime:0.0010s ]
NOTIC: [8] Undefined variable: jjid D:\wamp\www\lamp\Fanhuawei\Application\Home\Controller\IndexController.class.php Á¨¨ 40 Ë°å.
SQL: SELECT * FROM `fhw_goods` WHERE ( cateid in (20,21,22) ) LIMIT 2,6   [ RunTime:0.0020s ]
SQL: SELECT * FROM `fhw_goods` WHERE ( cateid in (20,21,22) ) LIMIT 1   [ RunTime:0.0020s ]
SQL: SELECT `id` FROM `fhw_categorys` WHERE ( pid=23 )  [ RunTime:0.0010s ]
NOTIC: [8] Undefined variable: pjid D:\wamp\www\lamp\Fanhuawei\Application\Home\Controller\IndexController.class.php Á¨¨ 52 Ë°å.
SQL: SELECT * FROM `fhw_goods` WHERE ( cateid in (24,26,27) ) LIMIT 2,6   [ RunTime:0.0030s ]
SQL: SELECT * FROM `fhw_goods` WHERE ( cateid in (24,26,27) ) LIMIT 1   [ RunTime:0.0020s ]
SQL: SHOW COLUMNS FROM `fhw_article` [ RunTime:0.0020s ]
SQL: SELECT * FROM `fhw_article` LIMIT 0,5   [ RunTime:0.0060s ]
SQL: SELECT * FROM `fhw_article` LIMIT 6,5   [ RunTime:0.0070s ]
INFO: [ view_parse ] --START--
INFO: [ template_filter ] --START--
INFO: Run Behavior\ContentReplaceBehavior [ RunTime:0.001000s ]
INFO: [ template_filter ] --END-- [ RunTime:0.002000s ]
NOTIC: [8] Use of undefined constant id - assumed 'id' D:\wamp\www\lamp\Fanhuawei\Application\Runtime\Cache\Home\2a94b8bda04ff446dcedd42276fc99ee.php Á¨¨ 416 Ë°å.
NOTIC: [8] Use of undefined constant id - assumed 'id' D:\wamp\www\lamp\Fanhuawei\Application\Runtime\Cache\Home\2a94b8bda04ff446dcedd42276fc99ee.php Á¨¨ 416 Ë°å.
NOTIC: [8] Use of undefined constant id - assumed 'id' D:\wamp\www\lamp\Fanhuawei\Application\Runtime\Cache\Home\2a94b8bda04ff446dcedd42276fc99ee.php Á¨¨ 416 Ë°å.
NOTIC: [8] Use of undefined constant id - assumed 'id' D:\wamp\www\lamp\Fanhuawei\Application\Runtime\Cache\Home\2a94b8bda04ff446dcedd42276fc99ee.php Á¨¨ 416 Ë°å.
NOTIC: [8] Use of undefined constant id - assumed 'id' D:\wamp\www\lamp\Fanhuawei\Application\Runtime\Cache\Home\2a94b8bda04ff446dcedd42276fc99ee.php Á¨¨ 416 Ë°å.
NOTIC: [8] Use of undefined constant id - assumed 'id' D:\wamp\www\lamp\Fanhuawei\Application\Runtime\Cache\Home\2a94b8bda04ff446dcedd42276fc99ee.php Á¨¨ 419 Ë°å.
NOTIC: [8] Use of undefined constant id - assumed 'id' D:\wamp\www\lamp\Fanhuawei\Application\Runtime\Cache\Home\2a94b8bda04ff446dcedd42276fc99ee.php Á¨¨ 419 Ë°å.
NOTIC: [8] Use of undefined constant id - assumed 'id' D:\wamp\www\lamp\Fanhuawei\Application\Runtime\Cache\Home\2a94b8bda04ff446dcedd42276fc99ee.php Á¨¨ 419 Ë°å.
NOTIC: [8] Use of undefined constant id - assumed 'id' D:\wamp\www\lamp\Fanhuawei\Application\Runtime\Cache\Home\2a94b8bda04ff446dcedd42276fc99ee.php Á¨¨ 419 Ë°å.
NOTIC: [8] Use of undefined constant id - assumed 'id' D:\wamp\www\lamp\Fanhuawei\Application\Runtime\Cache\Home\2a94b8bda04ff446dcedd42276fc99ee.php Á¨¨ 419 Ë°å.
NOTIC: [8] Undefined index: id D:\wamp\www\lamp\Fanhuawei\Application\Runtime\Cache\Home\2a94b8bda04ff446dcedd42276fc99ee.php Á¨¨ 456 Ë°å.
INFO: Run Behavior\ParseTemplateBehavior [ RunTime:0.281016s ]
INFO: [ view_parse ] --END-- [ RunTime:0.282016s ]
INFO: [ view_filter ] --START--
INFO: Run Behavior\WriteHtmlCacheBehavior [ RunTime:0.001000s ]
INFO: [ view_filter ] --END-- [ RunTime:0.002000s ]
INFO: [ app_end ] --START--
INFO: Run Behavior\ShowPageTraceBehavior [ RunTime:0.002000s ]
INFO: [ app_end ] --END-- [ RunTime:0.003000s ]

[ 2016-05-25T16:09:37+08:00 ] ::1 /lamp/Fanhuawei/index.php/Home/public/smallSC.html
INFO: [ app_init ] --START--
INFO: Run Behavior\BuildLiteBehavior [ RunTime:0.000000s ]
INFO: [ app_init ] --END-- [ RunTime:0.001000s ]
INFO: [ app_begin ] --START--
INFO: Run Behavior\ReadHtmlCacheBehavior [ RunTime:0.001000s ]
INFO: [ app_begin ] --END-- [ RunTime:0.002000s ]
SQL: SHOW COLUMNS FROM `fhw_shopcar` [ RunTime:0.0040s ]
SQL: SHOW COLUMNS FROM `fhw_shopcar` [ RunTime:0.0030s ]
SQL: SELECT gd.id,gd.image1,gd.intro,gd.price,sc.style,sc.subtotal,sc.num,sc.goodsname FROM fhw_shopcar sc,fhw_goods gd WHERE ( sc.gid=gd.id and sc.uid=56 )  [ RunTime:0.0020s ]
NOTIC: [8] Undefined variable: totalprice D:\wamp\www\lamp\Fanhuawei\Application\Home\Controller\PublicController.class.php Á¨¨ 91 Ë°å.
INFO: [ app_end ] --START--
INFO: Run Behavior\ShowPageTraceBehavior [ RunTime:0.001000s ]
INFO: [ app_end ] --END-- [ RunTime:0.002000s ]

[ 2016-05-25T16:09:38+08:00 ] ::1 /lamp/Fanhuawei/index.php/Home/public/header.html
INFO: [ app_init ] --START--
INFO: Run Behavior\BuildLiteBehavior [ RunTime:0.000000s ]
INFO: [ app_init ] --END-- [ RunTime:0.002000s ]
INFO: [ app_begin ] --START--
INFO: Run Behavior\ReadHtmlCacheBehavior [ RunTime:0.002000s ]
INFO: [ app_begin ] --END-- [ RunTime:0.002000s ]
SQL: SHOW COLUMNS FROM `fhw_categorys` [ RunTime:0.0060s ]
SQL: SELECT * FROM `fhw_categorys` WHERE `pid` = 0 ORDER BY id  [ RunTime:0.0020s ]
SQL: SELECT * FROM `fhw_categorys` WHERE `path` LIKE '0-10' LIMIT 3   [ RunTime:0.0020s ]
SQL: SELECT * FROM `fhw_categorys` WHERE `path` LIKE '0-15' LIMIT 3   [ RunTime:0.0010s ]
SQL: SELECT * FROM `fhw_categorys` WHERE `path` LIKE '0-19' LIMIT 3   [ RunTime:0.0010s ]
SQL: SELECT * FROM `fhw_categorys` WHERE `path` LIKE '0-23' LIMIT 3   [ RunTime:0.2110s ]
SQL: SELECT * FROM `fhw_categorys` WHERE `path` LIKE '0-30' LIMIT 3   [ RunTime:0.0010s ]
SQL: SELECT * FROM `fhw_categorys` WHERE `path` LIKE '0-35' LIMIT 3   [ RunTime:0.0010s ]
INFO: [ app_end ] --START--
INFO: Run Behavior\ShowPageTraceBehavior [ RunTime:0.002000s ]
INFO: [ app_end ] --END-- [ RunTime:0.002000s ]

[ 2016-05-25T16:09:38+08:00 ] ::1 /lamp/Fanhuawei/index.php/Home/public/links.html
INFO: [ app_init ] --START--
INFO: Run Behavior\BuildLiteBehavior [ RunTime:0.000000s ]
INFO: [ app_init ] --END-- [ RunTime:0.001000s ]
INFO: [ app_begin ] --START--
INFO: Run Behavior\ReadHtmlCacheBehavior [ RunTime:0.002001s ]
INFO: [ app_begin ] --END-- [ RunTime:0.002001s ]
SQL: SHOW COLUMNS FROM `fhw_blogro` [ RunTime:0.0030s ]
SQL: SELECT * FROM `fhw_blogro` WHERE ( state=1 )  [ RunTime:0.0010s ]
INFO: [ app_end ] --START--
INFO: Run Behavior\ShowPageTraceBehavior [ RunTime:0.001000s ]
INFO: [ app_end ] --END-- [ RunTime:0.002000s ]

[ 2016-05-25T16:09:38+08:00 ] ::1 /lamp/Fanhuawei/index.php/Home/public/naver.html
INFO: [ app_init ] --START--
INFO: Run Behavior\BuildLiteBehavior [ RunTime:0.001000s ]
INFO: [ app_init ] --END-- [ RunTime:0.001000s ]
INFO: [ app_begin ] --START--
INFO: Run Behavior\ReadHtmlCacheBehavior [ RunTime:0.001000s ]
INFO: [ app_begin ] --END-- [ RunTime:0.001000s ]
SQL: SHOW COLUMNS FROM `fhw_categorys` [ RunTime:0.0030s ]
SQL: SELECT * FROM `fhw_categorys` WHERE `pid` = 0 ORDER BY id  [ RunTime:0.0010s ]
INFO: [ app_end ] --START--
INFO: Run Behavior\ShowPageTraceBehavior [ RunTime:0.002000s ]
INFO: [ app_end ] --END-- [ RunTime:0.002000s ]

[ 2016-05-25T16:09:38+08:00 ] ::1 /lamp/Fanhuawei/index.php/Home/public/login.html
INFO: [ app_init ] --START--
INFO: Run Behavior\BuildLiteBehavior [ RunTime:0.000000s ]
INFO: [ app_init ] --END-- [ RunTime:0.001000s ]
INFO: [ app_begin ] --START--
INFO: Run Behavior\ReadHtmlCacheBehavior [ RunTime:0.024001s ]
INFO: [ app_begin ] --END-- [ RunTime:0.026001s ]
INFO: [ app_end ] --START--
INFO: Run Behavior\ShowPageTraceBehavior [ RunTime:0.002001s ]
INFO: [ app_end ] --END-- [ RunTime:0.002001s ]

[ 2016-05-25T16:09:40+08:00 ] ::1 /lamp/Fanhuawei/index.php/Home/member/index.html
INFO: [ app_init ] --START--
INFO: Run Behavior\BuildLiteBehavior [ RunTime:0.000000s ]
INFO: [ app_init ] --END-- [ RunTime:0.001001s ]
INFO: [ app_begin ] --START--
INFO: Run Behavior\ReadHtmlCacheBehavior [ RunTime:0.002000s ]
INFO: [ app_begin ] --END-- [ RunTime:0.002000s ]
INFO: [ view_parse ] --START--
INFO: [ template_filter ] --START--
INFO: Run Behavior\ContentReplaceBehavior [ RunTime:0.000000s ]
INFO: [ template_filter ] --END-- [ RunTime:0.001000s ]
INFO: Run Behavior\ParseTemplateBehavior [ RunTime:0.089005s ]
INFO: [ view_parse ] --END-- [ RunTime:0.089005s ]
INFO: [ view_filter ] --START--
INFO: Run Behavior\WriteHtmlCacheBehavior [ RunTime:0.002000s ]
INFO: [ view_filter ] --END-- [ RunTime:0.002000s ]
INFO: [ app_end ] --START--
INFO: Run Behavior\ShowPageTraceBehavior [ RunTime:0.002000s ]
INFO: [ app_end ] --END-- [ RunTime:0.002000s ]

[ 2016-05-25T16:09:40+08:00 ] ::1 /lamp/Fanhuawei/index.php/Home/public/header.html
INFO: [ app_init ] --START--
INFO: Run Behavior\BuildLiteBehavior [ RunTime:0.000000s ]
INFO: [ app_init ] --END-- [ RunTime:0.034002s ]
INFO: [ app_begin ] --START--
INFO: Run Behavior\ReadHtmlCacheBehavior [ RunTime:0.001000s ]
INFO: [ app_begin ] --END-- [ RunTime:0.002000s ]
SQL: SHOW COLUMNS FROM `fhw_categorys` [ RunTime:0.0040s ]
SQL: SELECT * FROM `fhw_categorys` WHERE `pid` = 0 ORDER BY id  [ RunTime:0.0130s ]
SQL: SELECT * FROM `fhw_categorys` WHERE `path` LIKE '0-10' LIMIT 3   [ RunTime:0.0040s ]
SQL: SELECT * FROM `fhw_categorys` WHERE `path` LIKE '0-15' LIMIT 3   [ RunTime:0.0140s ]
SQL: SELECT * FROM `fhw_categorys` WHERE `path` LIKE '0-19' LIMIT 3   [ RunTime:0.0030s ]
SQL: SELECT * FROM `fhw_categorys` WHERE `path` LIKE '0-23' LIMIT 3   [ RunTime:0.0010s ]
SQL: SELECT * FROM `fhw_categorys` WHERE `path` LIKE '0-30' LIMIT 3   [ RunTime:0.0010s ]
SQL: SELECT * FROM `fhw_categorys` WHERE `path` LIKE '0-35' LIMIT 3   [ RunTime:0.0070s ]
INFO: [ app_end ] --START--
INFO: Run Behavior\ShowPageTraceBehavior [ RunTime:0.002000s ]
INFO: [ app_end ] --END-- [ RunTime:0.002000s ]

[ 2016-05-25T16:09:40+08:00 ] ::1 /lamp/Fanhuawei/index.php/Home/public/smallSC.html
INFO: [ app_init ] --START--
INFO: Run Behavior\BuildLiteBehavior [ RunTime:0.000000s ]
INFO: [ app_init ] --END-- [ RunTime:0.001000s ]
INFO: [ app_begin ] --START--
INFO: Run Behavior\ReadHtmlCacheBehavior [ RunTime:0.018001s ]
INFO: [ app_begin ] --END-- [ RunTime:0.036002s ]
SQL: SHOW COLUMNS FROM `fhw_shopcar` [ RunTime:0.0030s ]
SQL: SHOW COLUMNS FROM `fhw_shopcar` [ RunTime:0.0030s ]
SQL: SELECT gd.id,gd.image1,gd.intro,gd.price,sc.style,sc.subtotal,sc.num,sc.goodsname FROM fhw_shopcar sc,fhw_goods gd WHERE ( sc.gid=gd.id and sc.uid=56 )  [ RunTime:0.0010s ]
NOTIC: [8] Undefined variable: totalprice D:\wamp\www\lamp\Fanhuawei\Application\Home\Controller\PublicController.class.php Á¨¨ 91 Ë°å.
INFO: [ app_end ] --START--
INFO: Run Behavior\ShowPageTraceBehavior [ RunTime:0.001000s ]
INFO: [ app_end ] --END-- [ RunTime:0.001000s ]

[ 2016-05-25T16:09:40+08:00 ] ::1 /lamp/Fanhuawei/index.php/Home/public/naver.html
INFO: [ app_init ] --START--
INFO: Run Behavior\BuildLiteBehavior [ RunTime:0.000000s ]
INFO: [ app_init ] --END-- [ RunTime:0.002000s ]
INFO: [ app_begin ] --START--
INFO: Run Behavior\ReadHtmlCacheBehavior [ RunTime:0.001000s ]
INFO: [ app_begin ] --END-- [ RunTime:0.002000s ]
SQL: SHOW COLUMNS FROM `fhw_categorys` [ RunTime:0.0020s ]
SQL: SELECT * FROM `fhw_categorys` WHERE `pid` = 0 ORDER BY id  [ RunTime:0.0010s ]
INFO: [ app_end ] --START--
INFO: Run Behavior\ShowPageTraceBehavior [ RunTime:0.002001s ]
INFO: [ app_end ] --END-- [ RunTime:0.002001s ]

[ 2016-05-25T16:09:40+08:00 ] ::1 /lamp/Fanhuawei/index.php/Home/Member/welcome.html
INFO: [ app_init ] --START--
INFO: Run Behavior\BuildLiteBehavior [ RunTime:0.000000s ]
INFO: [ app_init ] --END-- [ RunTime:0.001000s ]
INFO: [ app_begin ] --START--
INFO: Run Behavior\ReadHtmlCacheBehavior [ RunTime:0.001000s ]
INFO: [ app_begin ] --END-- [ RunTime:0.002000s ]
SQL: SHOW COLUMNS FROM `fhw_users` [ RunTime:0.0050s ]
SQL: SELECT `user_points`,`username`,`avatar`,`balance` FROM `fhw_users` WHERE `id` = 56  [ RunTime:0.0010s ]
INFO: [ view_parse ] --START--
INFO: [ template_filter ] --START--
INFO: Run Behavior\ContentReplaceBehavior [ RunTime:0.001000s ]
INFO: [ template_filter ] --END-- [ RunTime:0.001000s ]
NOTIC: [8] Undefined variable: user_level D:\wamp\www\lamp\Fanhuawei\Application\Runtime\Cache\Home\9cff28d567ef96c8840225673c0370c1.php Á¨¨ 26 Ë°å.
INFO: Run Behavior\ParseTemplateBehavior [ RunTime:0.034001s ]
INFO: [ view_parse ] --END-- [ RunTime:0.035002s ]
INFO: [ view_filter ] --START--
INFO: Run Behavior\WriteHtmlCacheBehavior [ RunTime:0.001000s ]
INFO: [ view_filter ] --END-- [ RunTime:0.002000s ]
INFO: [ app_end ] --START--
INFO: Run Behavior\ShowPageTraceBehavior [ RunTime:0.002000s ]
INFO: [ app_end ] --END-- [ RunTime:0.003000s ]

[ 2016-05-25T16:09:40+08:00 ] ::1 /lamp/Fanhuawei/index.php/Home/public/login.html
INFO: [ app_init ] --START--
INFO: Run Behavior\BuildLiteBehavior [ RunTime:0.000000s ]
INFO: [ app_init ] --END-- [ RunTime:0.001000s ]
INFO: [ app_begin ] --START--
INFO: Run Behavior\ReadHtmlCacheBehavior [ RunTime:0.002001s ]
INFO: [ app_begin ] --END-- [ RunTime:0.002001s ]
INFO: [ app_end ] --START--
INFO: Run Behavior\ShowPageTraceBehavior [ RunTime:0.002000s ]
INFO: [ app_end ] --END-- [ RunTime:0.002000s ]

[ 2016-05-25T16:09:41+08:00 ] ::1 /lamp/Fanhuawei/index.php/Home/Email/checkEmail.html
INFO: [ app_init ] --START--
INFO: Run Behavior\BuildLiteBehavior [ RunTime:0.001000s ]
INFO: [ app_init ] --END-- [ RunTime:0.001000s ]
INFO: [ app_begin ] --START--
INFO: Run Behavior\ReadHtmlCacheBehavior [ RunTime:0.001000s ]
INFO: [ app_begin ] --END-- [ RunTime:0.001000s ]
NOTIC: [2048] Declaration of Home\Controller\EmailController::show() should be compatible with Think\Controller::show($content, $charset = '', $contentType = '', $prefix = '') D:\wamp\www\lamp\Fanhuawei\Application\Home\Controller\EmailController.class.php Á¨¨ 69 Ë°å.
SQL: SHOW COLUMNS FROM `fhw_message` [ RunTime:0.0040s ]
SQL: SELECT `statue` FROM `fhw_message` WHERE `recid` = 56 AND `statue` = 0  [ RunTime:0.0020s ]
INFO: [ app_end ] --START--
INFO: Run Behavior\ShowPageTraceBehavior [ RunTime:0.002000s ]
INFO: [ app_end ] --END-- [ RunTime:0.002000s ]

[ 2016-05-25T16:09:41+08:00 ] ::1 /lamp/Fanhuawei/index.php/Home/public/links.html
INFO: [ app_init ] --START--
INFO: Run Behavior\BuildLiteBehavior [ RunTime:0.000000s ]
INFO: [ app_init ] --END-- [ RunTime:0.001000s ]
INFO: [ app_begin ] --START--
INFO: Run Behavior\ReadHtmlCacheBehavior [ RunTime:0.001000s ]
INFO: [ app_begin ] --END-- [ RunTime:0.001000s ]
SQL: SHOW COLUMNS FROM `fhw_blogro` [ RunTime:0.0040s ]
SQL: SELECT * FROM `fhw_blogro` WHERE ( state=1 )  [ RunTime:0.0020s ]
INFO: [ app_end ] --START--
INFO: Run Behavior\ShowPageTraceBehavior [ RunTime:0.002001s ]
INFO: [ app_end ] --END-- [ RunTime:0.002001s ]

