[ 2016-05-31T23:25:48+08:00 ] ::1 /fhw/Fanhuawei/
INFO: [ app_init ] --START--
INFO: Run Behavior\BuildLiteBehavior [ RunTime:0.000072s ]
INFO: [ app_init ] --END-- [ RunTime:0.040240s ]
INFO: [ app_begin ] --START--
INFO: Run Behavior\ReadHtmlCacheBehavior [ RunTime:0.009868s ]
INFO: [ app_begin ] --END-- [ RunTime:0.010061s ]
SQL: SHOW COLUMNS FROM `fhw_goods` [ RunTime:0.0522s ]
SQL: SELECT * FROM `fhw_goods` LIMIT 4   [ RunTime:0.0020s ]
SQL: SHOW COLUMNS FROM `fhw_categorys` [ RunTime:0.0317s ]
SQL: SELECT `id` FROM `fhw_categorys` WHERE ( pid=10 )  [ RunTime:0.0012s ]
NOTIC: [8] Undefined variable: pid D:\wamp\www\fhw\Fanhuawei\Application\Home\Controller\IndexController.class.php 第 15 行.
SQL: SELECT * FROM `fhw_goods` WHERE ( cateid in (11,12,13) ) LIMIT 2,6   [ RunTime:0.0021s ]
SQL: SELECT * FROM `fhw_goods` WHERE ( cateid in (11,12,13) ) LIMIT 1   [ RunTime:0.0011s ]
SQL: SELECT `id` FROM `fhw_categorys` WHERE ( pid=15 )  [ RunTime:0.0008s ]
NOTIC: [8] Undefined variable: pdid D:\wamp\www\fhw\Fanhuawei\Application\Home\Controller\IndexController.class.php 第 27 行.
SQL: SELECT * FROM `fhw_goods` WHERE ( cateid in (16,17) ) LIMIT 2,6   [ RunTime:0.0017s ]
SQL: SELECT * FROM `fhw_goods` WHERE ( cateid in (16,17) ) LIMIT 1   [ RunTime:0.0014s ]
SQL: SELECT `id` FROM `fhw_categorys` WHERE ( pid=19 )  [ RunTime:0.0009s ]
NOTIC: [8] Undefined variable: jjid D:\wamp\www\fhw\Fanhuawei\Application\Home\Controller\IndexController.class.php 第 40 行.
SQL: SELECT * FROM `fhw_goods` WHERE ( cateid in (20,21,22) ) LIMIT 2,6   [ RunTime:0.0017s ]
SQL: SELECT * FROM `fhw_goods` WHERE ( cateid in (20,21,22) ) LIMIT 1   [ RunTime:0.0011s ]
SQL: SELECT `id` FROM `fhw_categorys` WHERE ( pid=23 )  [ RunTime:0.0009s ]
NOTIC: [8] Undefined variable: pjid D:\wamp\www\fhw\Fanhuawei\Application\Home\Controller\IndexController.class.php 第 52 行.
SQL: SELECT * FROM `fhw_goods` WHERE ( cateid in (24,26,27) ) LIMIT 2,6   [ RunTime:0.0014s ]
SQL: SELECT * FROM `fhw_goods` WHERE ( cateid in (24,26,27) ) LIMIT 1   [ RunTime:0.0012s ]
SQL: SHOW COLUMNS FROM `fhw_article` [ RunTime:0.0213s ]
SQL: SELECT * FROM `fhw_article` LIMIT 0,5   [ RunTime:0.0081s ]
SQL: SELECT * FROM `fhw_article` LIMIT 6,5   [ RunTime:0.0027s ]
INFO: [ view_parse ] --START--
INFO: [ template_filter ] --START--
INFO: Run Behavior\ContentReplaceBehavior [ RunTime:0.011469s ]
INFO: [ template_filter ] --END-- [ RunTime:0.011639s ]
NOTIC: [8] Use of undefined constant id - assumed 'id' D:\wamp\www\fhw\Fanhuawei\Application\Runtime\Cache\Home\2a94b8bda04ff446dcedd42276fc99ee.php 第 416 行.
NOTIC: [8] Use of undefined constant id - assumed 'id' D:\wamp\www\fhw\Fanhuawei\Application\Runtime\Cache\Home\2a94b8bda04ff446dcedd42276fc99ee.php 第 416 行.
NOTIC: [8] Use of undefined constant id - assumed 'id' D:\wamp\www\fhw\Fanhuawei\Application\Runtime\Cache\Home\2a94b8bda04ff446dcedd42276fc99ee.php 第 416 行.
NOTIC: [8] Use of undefined constant id - assumed 'id' D:\wamp\www\fhw\Fanhuawei\Application\Runtime\Cache\Home\2a94b8bda04ff446dcedd42276fc99ee.php 第 416 行.
NOTIC: [8] Use of undefined constant id - assumed 'id' D:\wamp\www\fhw\Fanhuawei\Application\Runtime\Cache\Home\2a94b8bda04ff446dcedd42276fc99ee.php 第 416 行.
NOTIC: [8] Use of undefined constant id - assumed 'id' D:\wamp\www\fhw\Fanhuawei\Application\Runtime\Cache\Home\2a94b8bda04ff446dcedd42276fc99ee.php 第 419 行.
NOTIC: [8] Use of undefined constant id - assumed 'id' D:\wamp\www\fhw\Fanhuawei\Application\Runtime\Cache\Home\2a94b8bda04ff446dcedd42276fc99ee.php 第 419 行.
NOTIC: [8] Use of undefined constant id - assumed 'id' D:\wamp\www\fhw\Fanhuawei\Application\Runtime\Cache\Home\2a94b8bda04ff446dcedd42276fc99ee.php 第 419 行.
NOTIC: [8] Use of undefined constant id - assumed 'id' D:\wamp\www\fhw\Fanhuawei\Application\Runtime\Cache\Home\2a94b8bda04ff446dcedd42276fc99ee.php 第 419 行.
NOTIC: [8] Use of undefined constant id - assumed 'id' D:\wamp\www\fhw\Fanhuawei\Application\Runtime\Cache\Home\2a94b8bda04ff446dcedd42276fc99ee.php 第 419 行.
NOTIC: [8] Undefined index: id D:\wamp\www\fhw\Fanhuawei\Application\Runtime\Cache\Home\2a94b8bda04ff446dcedd42276fc99ee.php 第 456 行.
INFO: Run Behavior\ParseTemplateBehavior [ RunTime:0.194994s ]
INFO: [ view_parse ] --END-- [ RunTime:0.195186s ]
INFO: [ view_filter ] --START--
INFO: Run Behavior\WriteHtmlCacheBehavior [ RunTime:0.022324s ]
INFO: [ view_filter ] --END-- [ RunTime:0.022470s ]
INFO: [ app_end ] --START--
INFO: Run Behavior\ShowPageTraceBehavior [ RunTime:0.006341s ]
INFO: [ app_end ] --END-- [ RunTime:0.006459s ]

[ 2016-05-31T23:25:48+08:00 ] ::1 /fhw/Fanhuawei/index.php/Home/public/header.html
INFO: [ app_init ] --START--
INFO: Run Behavior\BuildLiteBehavior [ RunTime:0.000040s ]
INFO: [ app_init ] --END-- [ RunTime:0.000799s ]
INFO: [ app_begin ] --START--
INFO: Run Behavior\ReadHtmlCacheBehavior [ RunTime:0.001037s ]
INFO: [ app_begin ] --END-- [ RunTime:0.001199s ]
SQL: SHOW COLUMNS FROM `fhw_categorys` [ RunTime:0.0039s ]
SQL: SELECT * FROM `fhw_categorys` WHERE `pid` = 0 ORDER BY id  [ RunTime:0.0004s ]
SQL: SELECT * FROM `fhw_categorys` WHERE `path` LIKE '0-10' LIMIT 3   [ RunTime:0.0003s ]
SQL: SELECT * FROM `fhw_categorys` WHERE `path` LIKE '0-15' LIMIT 3   [ RunTime:0.0004s ]
SQL: SELECT * FROM `fhw_categorys` WHERE `path` LIKE '0-19' LIMIT 3   [ RunTime:0.0003s ]
SQL: SELECT * FROM `fhw_categorys` WHERE `path` LIKE '0-23' LIMIT 3   [ RunTime:0.0005s ]
SQL: SELECT * FROM `fhw_categorys` WHERE `path` LIKE '0-30' LIMIT 3   [ RunTime:0.0006s ]
SQL: SELECT * FROM `fhw_categorys` WHERE `path` LIKE '0-35' LIMIT 3   [ RunTime:0.0004s ]
INFO: [ app_end ] --START--
INFO: Run Behavior\ShowPageTraceBehavior [ RunTime:0.000941s ]
INFO: [ app_end ] --END-- [ RunTime:0.001030s ]

[ 2016-05-31T23:25:50+08:00 ] ::1 /fhw/Fanhuawei/index.php/Home/public/smallSC.html
INFO: [ app_init ] --START--
INFO: Run Behavior\BuildLiteBehavior [ RunTime:0.000041s ]
INFO: [ app_init ] --END-- [ RunTime:0.000857s ]
INFO: [ app_begin ] --START--
INFO: Run Behavior\ReadHtmlCacheBehavior [ RunTime:0.001217s ]
INFO: [ app_begin ] --END-- [ RunTime:0.001389s ]
NOTIC: [8] Undefined index: user_info D:\wamp\www\fhw\Fanhuawei\Application\Home\Controller\PublicController.class.php 第 78 行.
SQL: SHOW COLUMNS FROM `fhw_shopcar` [ RunTime:0.3419s ]
SQL: SHOW COLUMNS FROM `fhw_shopcar` [ RunTime:0.0069s ]
ERR: 1064:You have an error in your SQL syntax; check the manual that corresponds to your MySQL server version for the right syntax to use near ')' at line 1
 [ SQL语句 ] : SELECT gd.id,gd.image1,gd.intro,gd.price,sc.style,sc.subtotal,sc.num,sc.goodsname FROM fhw_shopcar sc,fhw_goods gd WHERE ( sc.gid=gd.id and sc.uid= ) 
ERR: 1064:You have an error in your SQL syntax; check the manual that corresponds to your MySQL server version for the right syntax to use near ')' at line 1
 [ SQL语句 ] : SELECT gd.id,gd.image1,gd.intro,gd.price,sc.style,sc.subtotal,sc.num,sc.goodsname FROM fhw_shopcar sc,fhw_goods gd WHERE ( sc.gid=gd.id and sc.uid= ) 

[ 2016-05-31T23:25:50+08:00 ] ::1 /fhw/Fanhuawei/index.php/Home/public/naver.html
INFO: [ app_init ] --START--
INFO: Run Behavior\BuildLiteBehavior [ RunTime:0.000042s ]
INFO: [ app_init ] --END-- [ RunTime:0.000954s ]
INFO: [ app_begin ] --START--
INFO: Run Behavior\ReadHtmlCacheBehavior [ RunTime:0.001253s ]
INFO: [ app_begin ] --END-- [ RunTime:0.001416s ]
SQL: SHOW COLUMNS FROM `fhw_categorys` [ RunTime:0.0051s ]
SQL: SELECT * FROM `fhw_categorys` WHERE `pid` = 0 ORDER BY id  [ RunTime:0.0004s ]
INFO: [ app_end ] --START--
INFO: Run Behavior\ShowPageTraceBehavior [ RunTime:0.000961s ]
INFO: [ app_end ] --END-- [ RunTime:0.001081s ]

[ 2016-05-31T23:25:50+08:00 ] ::1 /fhw/Fanhuawei/index.php/Home/public/links.html
INFO: [ app_init ] --START--
INFO: Run Behavior\BuildLiteBehavior [ RunTime:0.000040s ]
INFO: [ app_init ] --END-- [ RunTime:0.000994s ]
INFO: [ app_begin ] --START--
INFO: Run Behavior\ReadHtmlCacheBehavior [ RunTime:0.000992s ]
INFO: [ app_begin ] --END-- [ RunTime:0.001101s ]
SQL: SHOW COLUMNS FROM `fhw_blogro` [ RunTime:0.0874s ]
SQL: SELECT * FROM `fhw_blogro` WHERE ( state=1 )  [ RunTime:0.0005s ]
INFO: [ app_end ] --START--
INFO: Run Behavior\ShowPageTraceBehavior [ RunTime:0.000898s ]
INFO: [ app_end ] --END-- [ RunTime:0.000989s ]

[ 2016-05-31T23:25:50+08:00 ] ::1 /fhw/Fanhuawei/index.php/Home/public/login.html
INFO: [ app_init ] --START--
INFO: Run Behavior\BuildLiteBehavior [ RunTime:0.000040s ]
INFO: [ app_init ] --END-- [ RunTime:0.000921s ]
INFO: [ app_begin ] --START--
INFO: Run Behavior\ReadHtmlCacheBehavior [ RunTime:0.001470s ]
INFO: [ app_begin ] --END-- [ RunTime:0.001619s ]
NOTIC: [8] Undefined index: user_info D:\wamp\www\fhw\Fanhuawei\Application\Home\Controller\PublicController.class.php 第 60 行.
NOTIC: [8] Undefined variable: user_id D:\wamp\www\fhw\Fanhuawei\Application\Home\Controller\PublicController.class.php 第 70 行.
NOTIC: [8] Undefined variable: user_name D:\wamp\www\fhw\Fanhuawei\Application\Home\Controller\PublicController.class.php 第 71 行.
INFO: [ app_end ] --START--
INFO: Run Behavior\ShowPageTraceBehavior [ RunTime:0.001020s ]
INFO: [ app_end ] --END-- [ RunTime:0.001143s ]

[ 2016-05-31T23:25:54+08:00 ] ::1 /fhw/Fanhuawei/index.php/Home/detail/particulars/goods_id/22.html
INFO: [ app_init ] --START--
INFO: Run Behavior\BuildLiteBehavior [ RunTime:0.000031s ]
INFO: [ app_init ] --END-- [ RunTime:0.000656s ]
INFO: [ app_begin ] --START--
INFO: Run Behavior\ReadHtmlCacheBehavior [ RunTime:0.000828s ]
INFO: [ app_begin ] --END-- [ RunTime:0.000939s ]
SQL: SHOW COLUMNS FROM `fhw_goods` [ RunTime:0.0039s ]
ERR: 系统不支持:memcache

[ 2016-05-31T23:25:56+08:00 ] ::1 /fhw/Fanhuawei/index.php/Home/public/header.html
INFO: [ app_init ] --START--
INFO: Run Behavior\BuildLiteBehavior [ RunTime:0.000029s ]
INFO: [ app_init ] --END-- [ RunTime:0.000561s ]
INFO: [ app_begin ] --START--
INFO: Run Behavior\ReadHtmlCacheBehavior [ RunTime:0.000660s ]
INFO: [ app_begin ] --END-- [ RunTime:0.000754s ]
SQL: SHOW COLUMNS FROM `fhw_categorys` [ RunTime:0.0043s ]
SQL: SELECT * FROM `fhw_categorys` WHERE `pid` = 0 ORDER BY id  [ RunTime:0.0009s ]
SQL: SELECT * FROM `fhw_categorys` WHERE `path` LIKE '0-10' LIMIT 3   [ RunTime:0.0004s ]
SQL: SELECT * FROM `fhw_categorys` WHERE `path` LIKE '0-15' LIMIT 3   [ RunTime:0.0004s ]
SQL: SELECT * FROM `fhw_categorys` WHERE `path` LIKE '0-19' LIMIT 3   [ RunTime:0.0004s ]
SQL: SELECT * FROM `fhw_categorys` WHERE `path` LIKE '0-23' LIMIT 3   [ RunTime:0.0004s ]
SQL: SELECT * FROM `fhw_categorys` WHERE `path` LIKE '0-30' LIMIT 3   [ RunTime:0.0004s ]
SQL: SELECT * FROM `fhw_categorys` WHERE `path` LIKE '0-35' LIMIT 3   [ RunTime:0.0004s ]
INFO: [ app_end ] --START--
INFO: Run Behavior\ShowPageTraceBehavior [ RunTime:0.001269s ]
INFO: [ app_end ] --END-- [ RunTime:0.001397s ]

[ 2016-05-31T23:25:56+08:00 ] ::1 /fhw/Fanhuawei/index.php/Home/public/smallSC.html
INFO: [ app_init ] --START--
INFO: Run Behavior\BuildLiteBehavior [ RunTime:0.000049s ]
INFO: [ app_init ] --END-- [ RunTime:0.001096s ]
INFO: [ app_begin ] --START--
INFO: Run Behavior\ReadHtmlCacheBehavior [ RunTime:0.001091s ]
INFO: [ app_begin ] --END-- [ RunTime:0.001285s ]
NOTIC: [8] Undefined index: user_info D:\wamp\www\fhw\Fanhuawei\Application\Home\Controller\PublicController.class.php 第 78 行.
SQL: SHOW COLUMNS FROM `fhw_shopcar` [ RunTime:0.0061s ]
SQL: SHOW COLUMNS FROM `fhw_shopcar` [ RunTime:0.0095s ]
ERR: 1064:You have an error in your SQL syntax; check the manual that corresponds to your MySQL server version for the right syntax to use near ')' at line 1
 [ SQL语句 ] : SELECT gd.id,gd.image1,gd.intro,gd.price,sc.style,sc.subtotal,sc.num,sc.goodsname FROM fhw_shopcar sc,fhw_goods gd WHERE ( sc.gid=gd.id and sc.uid= ) 
ERR: 1064:You have an error in your SQL syntax; check the manual that corresponds to your MySQL server version for the right syntax to use near ')' at line 1
 [ SQL语句 ] : SELECT gd.id,gd.image1,gd.intro,gd.price,sc.style,sc.subtotal,sc.num,sc.goodsname FROM fhw_shopcar sc,fhw_goods gd WHERE ( sc.gid=gd.id and sc.uid= ) 

[ 2016-05-31T23:25:56+08:00 ] ::1 /fhw/Fanhuawei/index.php/Home/public/naver.html
INFO: [ app_init ] --START--
INFO: Run Behavior\BuildLiteBehavior [ RunTime:0.000045s ]
INFO: [ app_init ] --END-- [ RunTime:0.000875s ]
INFO: [ app_begin ] --START--
INFO: Run Behavior\ReadHtmlCacheBehavior [ RunTime:0.001022s ]
INFO: [ app_begin ] --END-- [ RunTime:0.001192s ]
SQL: SHOW COLUMNS FROM `fhw_categorys` [ RunTime:0.0041s ]
SQL: SELECT * FROM `fhw_categorys` WHERE `pid` = 0 ORDER BY id  [ RunTime:0.0004s ]
INFO: [ app_end ] --START--
INFO: Run Behavior\ShowPageTraceBehavior [ RunTime:0.001241s ]
INFO: [ app_end ] --END-- [ RunTime:0.001392s ]

[ 2016-05-31T23:25:56+08:00 ] ::1 /fhw/Fanhuawei/index.php/Home/public/links.html
INFO: [ app_init ] --START--
INFO: Run Behavior\BuildLiteBehavior [ RunTime:0.000041s ]
INFO: [ app_init ] --END-- [ RunTime:0.000895s ]
INFO: [ app_begin ] --START--
INFO: Run Behavior\ReadHtmlCacheBehavior [ RunTime:0.001264s ]
INFO: [ app_begin ] --END-- [ RunTime:0.001509s ]
SQL: SHOW COLUMNS FROM `fhw_blogro` [ RunTime:0.0036s ]
SQL: SELECT * FROM `fhw_blogro` WHERE ( state=1 )  [ RunTime:0.0004s ]
INFO: [ app_end ] --START--
INFO: Run Behavior\ShowPageTraceBehavior [ RunTime:0.000846s ]
INFO: [ app_end ] --END-- [ RunTime:0.000935s ]

[ 2016-05-31T23:25:56+08:00 ] ::1 /fhw/Fanhuawei/index.php/Home/public/login.html
INFO: [ app_init ] --START--
INFO: Run Behavior\BuildLiteBehavior [ RunTime:0.000050s ]
INFO: [ app_init ] --END-- [ RunTime:0.000919s ]
INFO: [ app_begin ] --START--
INFO: Run Behavior\ReadHtmlCacheBehavior [ RunTime:0.001039s ]
INFO: [ app_begin ] --END-- [ RunTime:0.001191s ]
NOTIC: [8] Undefined index: user_info D:\wamp\www\fhw\Fanhuawei\Application\Home\Controller\PublicController.class.php 第 60 行.
NOTIC: [8] Undefined variable: user_id D:\wamp\www\fhw\Fanhuawei\Application\Home\Controller\PublicController.class.php 第 70 行.
NOTIC: [8] Undefined variable: user_name D:\wamp\www\fhw\Fanhuawei\Application\Home\Controller\PublicController.class.php 第 71 行.
INFO: [ app_end ] --START--
INFO: Run Behavior\ShowPageTraceBehavior [ RunTime:0.001507s ]
INFO: [ app_end ] --END-- [ RunTime:0.001697s ]

[ 2016-05-31T23:26:08+08:00 ] ::1 /fhw/Fanhuawei/index.php/Home/detail/particulars/goods_id/22.html
INFO: [ app_init ] --START--
INFO: Run Behavior\BuildLiteBehavior [ RunTime:0.000034s ]
INFO: [ app_init ] --END-- [ RunTime:0.000729s ]
INFO: [ app_begin ] --START--
INFO: Run Behavior\ReadHtmlCacheBehavior [ RunTime:0.000875s ]
INFO: [ app_begin ] --END-- [ RunTime:0.001013s ]
SQL: SHOW COLUMNS FROM `fhw_goods` [ RunTime:0.0043s ]
ERR: 系统不支持:memcache

[ 2016-05-31T23:26:46+08:00 ] ::1 /fhw/Fanhuawei/index.php/Home/detail/particulars/goods_id/22.html
INFO: [ app_init ] --START--
INFO: Run Behavior\BuildLiteBehavior [ RunTime:0.000029s ]
INFO: [ app_init ] --END-- [ RunTime:0.000584s ]
INFO: [ app_begin ] --START--
INFO: Run Behavior\ReadHtmlCacheBehavior [ RunTime:0.000668s ]
INFO: [ app_begin ] --END-- [ RunTime:0.000775s ]
SQL: SHOW COLUMNS FROM `fhw_goods` [ RunTime:0.0043s ]
ERR: 系统不支持:memcache

[ 2016-05-31T23:26:47+08:00 ] ::1 /fhw/Fanhuawei/index.php/Home/detail/particulars/goods_id/22.html
INFO: [ app_init ] --START--
INFO: Run Behavior\BuildLiteBehavior [ RunTime:0.000031s ]
INFO: [ app_init ] --END-- [ RunTime:0.000618s ]
INFO: [ app_begin ] --START--
INFO: Run Behavior\ReadHtmlCacheBehavior [ RunTime:0.000671s ]
INFO: [ app_begin ] --END-- [ RunTime:0.000786s ]
SQL: SHOW COLUMNS FROM `fhw_goods` [ RunTime:0.0040s ]
ERR: 系统不支持:memcache

[ 2016-05-31T23:26:49+08:00 ] ::1 /fhw/Fanhuawei/index.php/Home/public/naver.html
INFO: [ app_init ] --START--
INFO: Run Behavior\BuildLiteBehavior [ RunTime:0.000044s ]
INFO: [ app_init ] --END-- [ RunTime:0.002508s ]
INFO: [ app_begin ] --START--
INFO: Run Behavior\ReadHtmlCacheBehavior [ RunTime:0.001340s ]
INFO: [ app_begin ] --END-- [ RunTime:0.001532s ]
SQL: SHOW COLUMNS FROM `fhw_categorys` [ RunTime:0.0038s ]
SQL: SELECT * FROM `fhw_categorys` WHERE `pid` = 0 ORDER BY id  [ RunTime:0.0005s ]
INFO: [ app_end ] --START--
INFO: Run Behavior\ShowPageTraceBehavior [ RunTime:0.001055s ]
INFO: [ app_end ] --END-- [ RunTime:0.001191s ]

[ 2016-05-31T23:26:49+08:00 ] ::1 /fhw/Fanhuawei/index.php/Home/public/header.html
INFO: [ app_init ] --START--
INFO: Run Behavior\BuildLiteBehavior [ RunTime:0.000043s ]
INFO: [ app_init ] --END-- [ RunTime:0.000737s ]
INFO: [ app_begin ] --START--
INFO: Run Behavior\ReadHtmlCacheBehavior [ RunTime:0.001115s ]
INFO: [ app_begin ] --END-- [ RunTime:0.001291s ]
SQL: SHOW COLUMNS FROM `fhw_categorys` [ RunTime:0.0069s ]
SQL: SELECT * FROM `fhw_categorys` WHERE `pid` = 0 ORDER BY id  [ RunTime:0.0006s ]
SQL: SELECT * FROM `fhw_categorys` WHERE `path` LIKE '0-10' LIMIT 3   [ RunTime:0.0006s ]
SQL: SELECT * FROM `fhw_categorys` WHERE `path` LIKE '0-15' LIMIT 3   [ RunTime:0.0005s ]
SQL: SELECT * FROM `fhw_categorys` WHERE `path` LIKE '0-19' LIMIT 3   [ RunTime:0.0005s ]
SQL: SELECT * FROM `fhw_categorys` WHERE `path` LIKE '0-23' LIMIT 3   [ RunTime:0.0007s ]
SQL: SELECT * FROM `fhw_categorys` WHERE `path` LIKE '0-30' LIMIT 3   [ RunTime:0.0004s ]
SQL: SELECT * FROM `fhw_categorys` WHERE `path` LIKE '0-35' LIMIT 3   [ RunTime:0.0003s ]
INFO: [ app_end ] --START--
INFO: Run Behavior\ShowPageTraceBehavior [ RunTime:0.000988s ]
INFO: [ app_end ] --END-- [ RunTime:0.001149s ]

[ 2016-05-31T23:26:49+08:00 ] ::1 /fhw/Fanhuawei/index.php/Home/public/smallSC.html
INFO: [ app_init ] --START--
INFO: Run Behavior\BuildLiteBehavior [ RunTime:0.000041s ]
INFO: [ app_init ] --END-- [ RunTime:0.000835s ]
INFO: [ app_begin ] --START--
INFO: Run Behavior\ReadHtmlCacheBehavior [ RunTime:0.001219s ]
INFO: [ app_begin ] --END-- [ RunTime:0.001542s ]
NOTIC: [8] Undefined index: user_info D:\wamp\www\fhw\Fanhuawei\Application\Home\Controller\PublicController.class.php 第 78 行.
SQL: SHOW COLUMNS FROM `fhw_shopcar` [ RunTime:0.0045s ]
SQL: SHOW COLUMNS FROM `fhw_shopcar` [ RunTime:0.0042s ]
ERR: 1064:You have an error in your SQL syntax; check the manual that corresponds to your MySQL server version for the right syntax to use near ')' at line 1
 [ SQL语句 ] : SELECT gd.id,gd.image1,gd.intro,gd.price,sc.style,sc.subtotal,sc.num,sc.goodsname FROM fhw_shopcar sc,fhw_goods gd WHERE ( sc.gid=gd.id and sc.uid= ) 
ERR: 1064:You have an error in your SQL syntax; check the manual that corresponds to your MySQL server version for the right syntax to use near ')' at line 1
 [ SQL语句 ] : SELECT gd.id,gd.image1,gd.intro,gd.price,sc.style,sc.subtotal,sc.num,sc.goodsname FROM fhw_shopcar sc,fhw_goods gd WHERE ( sc.gid=gd.id and sc.uid= ) 

[ 2016-05-31T23:26:49+08:00 ] ::1 /fhw/Fanhuawei/index.php/Home/public/links.html
INFO: [ app_init ] --START--
INFO: Run Behavior\BuildLiteBehavior [ RunTime:0.000056s ]
INFO: [ app_init ] --END-- [ RunTime:0.001053s ]
INFO: [ app_begin ] --START--
INFO: Run Behavior\ReadHtmlCacheBehavior [ RunTime:0.001406s ]
INFO: [ app_begin ] --END-- [ RunTime:0.001572s ]
SQL: SHOW COLUMNS FROM `fhw_blogro` [ RunTime:0.0042s ]
SQL: SELECT * FROM `fhw_blogro` WHERE ( state=1 )  [ RunTime:0.0004s ]
INFO: [ app_end ] --START--
INFO: Run Behavior\ShowPageTraceBehavior [ RunTime:0.001097s ]
INFO: [ app_end ] --END-- [ RunTime:0.001211s ]

[ 2016-05-31T23:26:49+08:00 ] ::1 /fhw/Fanhuawei/index.php/Home/public/login.html
INFO: [ app_init ] --START--
INFO: Run Behavior\BuildLiteBehavior [ RunTime:0.000039s ]
INFO: [ app_init ] --END-- [ RunTime:0.000834s ]
INFO: [ app_begin ] --START--
INFO: Run Behavior\ReadHtmlCacheBehavior [ RunTime:0.000999s ]
INFO: [ app_begin ] --END-- [ RunTime:0.001154s ]
NOTIC: [8] Undefined index: user_info D:\wamp\www\fhw\Fanhuawei\Application\Home\Controller\PublicController.class.php 第 60 行.
NOTIC: [8] Undefined variable: user_id D:\wamp\www\fhw\Fanhuawei\Application\Home\Controller\PublicController.class.php 第 70 行.
NOTIC: [8] Undefined variable: user_name D:\wamp\www\fhw\Fanhuawei\Application\Home\Controller\PublicController.class.php 第 71 行.
INFO: [ app_end ] --START--
INFO: Run Behavior\ShowPageTraceBehavior [ RunTime:0.001344s ]
INFO: [ app_end ] --END-- [ RunTime:0.001481s ]

[ 2016-05-31T23:26:49+08:00 ] ::1 /fhw/Fanhuawei/
INFO: [ app_init ] --START--
INFO: Run Behavior\BuildLiteBehavior [ RunTime:0.000030s ]
INFO: [ app_init ] --END-- [ RunTime:0.000615s ]
INFO: [ app_begin ] --START--
INFO: Run Behavior\ReadHtmlCacheBehavior [ RunTime:0.000731s ]
INFO: [ app_begin ] --END-- [ RunTime:0.000862s ]
SQL: SHOW COLUMNS FROM `fhw_goods` [ RunTime:0.0041s ]
SQL: SELECT * FROM `fhw_goods` LIMIT 4   [ RunTime:0.0004s ]
SQL: SHOW COLUMNS FROM `fhw_categorys` [ RunTime:0.0034s ]
SQL: SELECT `id` FROM `fhw_categorys` WHERE ( pid=10 )  [ RunTime:0.0003s ]
NOTIC: [8] Undefined variable: pid D:\wamp\www\fhw\Fanhuawei\Application\Home\Controller\IndexController.class.php 第 15 行.
SQL: SELECT * FROM `fhw_goods` WHERE ( cateid in (11,12,13) ) LIMIT 2,6   [ RunTime:0.0003s ]
SQL: SELECT * FROM `fhw_goods` WHERE ( cateid in (11,12,13) ) LIMIT 1   [ RunTime:0.0002s ]
SQL: SELECT `id` FROM `fhw_categorys` WHERE ( pid=15 )  [ RunTime:0.0002s ]
NOTIC: [8] Undefined variable: pdid D:\wamp\www\fhw\Fanhuawei\Application\Home\Controller\IndexController.class.php 第 27 行.
SQL: SELECT * FROM `fhw_goods` WHERE ( cateid in (16,17) ) LIMIT 2,6   [ RunTime:0.0004s ]
SQL: SELECT * FROM `fhw_goods` WHERE ( cateid in (16,17) ) LIMIT 1   [ RunTime:0.0002s ]
SQL: SELECT `id` FROM `fhw_categorys` WHERE ( pid=19 )  [ RunTime:0.0002s ]
NOTIC: [8] Undefined variable: jjid D:\wamp\www\fhw\Fanhuawei\Application\Home\Controller\IndexController.class.php 第 40 行.
SQL: SELECT * FROM `fhw_goods` WHERE ( cateid in (20,21,22) ) LIMIT 2,6   [ RunTime:0.0003s ]
SQL: SELECT * FROM `fhw_goods` WHERE ( cateid in (20,21,22) ) LIMIT 1   [ RunTime:0.0002s ]
SQL: SELECT `id` FROM `fhw_categorys` WHERE ( pid=23 )  [ RunTime:0.0002s ]
NOTIC: [8] Undefined variable: pjid D:\wamp\www\fhw\Fanhuawei\Application\Home\Controller\IndexController.class.php 第 52 行.
SQL: SELECT * FROM `fhw_goods` WHERE ( cateid in (24,26,27) ) LIMIT 2,6   [ RunTime:0.0003s ]
SQL: SELECT * FROM `fhw_goods` WHERE ( cateid in (24,26,27) ) LIMIT 1   [ RunTime:0.0002s ]
SQL: SHOW COLUMNS FROM `fhw_article` [ RunTime:0.0038s ]
SQL: SELECT * FROM `fhw_article` LIMIT 0,5   [ RunTime:0.0006s ]
SQL: SELECT * FROM `fhw_article` LIMIT 6,5   [ RunTime:0.0007s ]
INFO: [ view_parse ] --START--
INFO: [ template_filter ] --START--
INFO: Run Behavior\ContentReplaceBehavior [ RunTime:0.000536s ]
INFO: [ template_filter ] --END-- [ RunTime:0.000661s ]
NOTIC: [8] Use of undefined constant id - assumed 'id' D:\wamp\www\fhw\Fanhuawei\Application\Runtime\Cache\Home\2a94b8bda04ff446dcedd42276fc99ee.php 第 416 行.
NOTIC: [8] Use of undefined constant id - assumed 'id' D:\wamp\www\fhw\Fanhuawei\Application\Runtime\Cache\Home\2a94b8bda04ff446dcedd42276fc99ee.php 第 416 行.
NOTIC: [8] Use of undefined constant id - assumed 'id' D:\wamp\www\fhw\Fanhuawei\Application\Runtime\Cache\Home\2a94b8bda04ff446dcedd42276fc99ee.php 第 416 行.
NOTIC: [8] Use of undefined constant id - assumed 'id' D:\wamp\www\fhw\Fanhuawei\Application\Runtime\Cache\Home\2a94b8bda04ff446dcedd42276fc99ee.php 第 416 行.
NOTIC: [8] Use of undefined constant id - assumed 'id' D:\wamp\www\fhw\Fanhuawei\Application\Runtime\Cache\Home\2a94b8bda04ff446dcedd42276fc99ee.php 第 416 行.
NOTIC: [8] Use of undefined constant id - assumed 'id' D:\wamp\www\fhw\Fanhuawei\Application\Runtime\Cache\Home\2a94b8bda04ff446dcedd42276fc99ee.php 第 419 行.
NOTIC: [8] Use of undefined constant id - assumed 'id' D:\wamp\www\fhw\Fanhuawei\Application\Runtime\Cache\Home\2a94b8bda04ff446dcedd42276fc99ee.php 第 419 行.
NOTIC: [8] Use of undefined constant id - assumed 'id' D:\wamp\www\fhw\Fanhuawei\Application\Runtime\Cache\Home\2a94b8bda04ff446dcedd42276fc99ee.php 第 419 行.
NOTIC: [8] Use of undefined constant id - assumed 'id' D:\wamp\www\fhw\Fanhuawei\Application\Runtime\Cache\Home\2a94b8bda04ff446dcedd42276fc99ee.php 第 419 行.
NOTIC: [8] Use of undefined constant id - assumed 'id' D:\wamp\www\fhw\Fanhuawei\Application\Runtime\Cache\Home\2a94b8bda04ff446dcedd42276fc99ee.php 第 419 行.
NOTIC: [8] Undefined index: id D:\wamp\www\fhw\Fanhuawei\Application\Runtime\Cache\Home\2a94b8bda04ff446dcedd42276fc99ee.php 第 456 行.
INFO: Run Behavior\ParseTemplateBehavior [ RunTime:0.047963s ]
INFO: [ view_parse ] --END-- [ RunTime:0.048084s ]
INFO: [ view_filter ] --START--
INFO: Run Behavior\WriteHtmlCacheBehavior [ RunTime:0.000618s ]
INFO: [ view_filter ] --END-- [ RunTime:0.000717s ]
INFO: [ app_end ] --START--
INFO: Run Behavior\ShowPageTraceBehavior [ RunTime:0.000944s ]
INFO: [ app_end ] --END-- [ RunTime:0.001084s ]

[ 2016-05-31T23:26:49+08:00 ] ::1 /fhw/Fanhuawei/index.php/Home/public/naver.html
INFO: [ app_init ] --START--
INFO: Run Behavior\BuildLiteBehavior [ RunTime:0.000045s ]
INFO: [ app_init ] --END-- [ RunTime:0.000859s ]
INFO: [ app_begin ] --START--
INFO: Run Behavior\ReadHtmlCacheBehavior [ RunTime:0.001153s ]
INFO: [ app_begin ] --END-- [ RunTime:0.001331s ]
SQL: SHOW COLUMNS FROM `fhw_categorys` [ RunTime:0.0062s ]
SQL: SELECT * FROM `fhw_categorys` WHERE `pid` = 0 ORDER BY id  [ RunTime:0.0006s ]
INFO: [ app_end ] --START--
INFO: Run Behavior\ShowPageTraceBehavior [ RunTime:0.001112s ]
INFO: [ app_end ] --END-- [ RunTime:0.001291s ]

[ 2016-05-31T23:26:49+08:00 ] ::1 /fhw/Fanhuawei/index.php/Home/public/header.html
INFO: [ app_init ] --START--
INFO: Run Behavior\BuildLiteBehavior [ RunTime:0.000042s ]
INFO: [ app_init ] --END-- [ RunTime:0.000917s ]
INFO: [ app_begin ] --START--
INFO: Run Behavior\ReadHtmlCacheBehavior [ RunTime:0.001064s ]
INFO: [ app_begin ] --END-- [ RunTime:0.001238s ]
SQL: SHOW COLUMNS FROM `fhw_categorys` [ RunTime:0.0058s ]
SQL: SELECT * FROM `fhw_categorys` WHERE `pid` = 0 ORDER BY id  [ RunTime:0.0005s ]
SQL: SELECT * FROM `fhw_categorys` WHERE `path` LIKE '0-10' LIMIT 3   [ RunTime:0.0003s ]
SQL: SELECT * FROM `fhw_categorys` WHERE `path` LIKE '0-15' LIMIT 3   [ RunTime:0.0003s ]
SQL: SELECT * FROM `fhw_categorys` WHERE `path` LIKE '0-19' LIMIT 3   [ RunTime:0.0003s ]
SQL: SELECT * FROM `fhw_categorys` WHERE `path` LIKE '0-23' LIMIT 3   [ RunTime:0.0003s ]
SQL: SELECT * FROM `fhw_categorys` WHERE `path` LIKE '0-30' LIMIT 3   [ RunTime:0.0003s ]
SQL: SELECT * FROM `fhw_categorys` WHERE `path` LIKE '0-35' LIMIT 3   [ RunTime:0.0003s ]
INFO: [ app_end ] --START--
INFO: Run Behavior\ShowPageTraceBehavior [ RunTime:0.000856s ]
INFO: [ app_end ] --END-- [ RunTime:0.000962s ]

[ 2016-05-31T23:26:49+08:00 ] ::1 /fhw/Fanhuawei/index.php/Home/public/smallSC.html
INFO: [ app_init ] --START--
INFO: Run Behavior\BuildLiteBehavior [ RunTime:0.000044s ]
INFO: [ app_init ] --END-- [ RunTime:0.001097s ]
INFO: [ app_begin ] --START--
INFO: Run Behavior\ReadHtmlCacheBehavior [ RunTime:0.001274s ]
INFO: [ app_begin ] --END-- [ RunTime:0.001451s ]
NOTIC: [8] Undefined index: user_info D:\wamp\www\fhw\Fanhuawei\Application\Home\Controller\PublicController.class.php 第 78 行.
SQL: SHOW COLUMNS FROM `fhw_shopcar` [ RunTime:0.0049s ]
SQL: SHOW COLUMNS FROM `fhw_shopcar` [ RunTime:0.0049s ]
ERR: 1064:You have an error in your SQL syntax; check the manual that corresponds to your MySQL server version for the right syntax to use near ')' at line 1
 [ SQL语句 ] : SELECT gd.id,gd.image1,gd.intro,gd.price,sc.style,sc.subtotal,sc.num,sc.goodsname FROM fhw_shopcar sc,fhw_goods gd WHERE ( sc.gid=gd.id and sc.uid= ) 
ERR: 1064:You have an error in your SQL syntax; check the manual that corresponds to your MySQL server version for the right syntax to use near ')' at line 1
 [ SQL语句 ] : SELECT gd.id,gd.image1,gd.intro,gd.price,sc.style,sc.subtotal,sc.num,sc.goodsname FROM fhw_shopcar sc,fhw_goods gd WHERE ( sc.gid=gd.id and sc.uid= ) 

[ 2016-05-31T23:26:49+08:00 ] ::1 /fhw/Fanhuawei/index.php/Home/public/links.html
INFO: [ app_init ] --START--
INFO: Run Behavior\BuildLiteBehavior [ RunTime:0.000029s ]
INFO: [ app_init ] --END-- [ RunTime:0.000577s ]
INFO: [ app_begin ] --START--
INFO: Run Behavior\ReadHtmlCacheBehavior [ RunTime:0.001109s ]
INFO: [ app_begin ] --END-- [ RunTime:0.001300s ]
SQL: SHOW COLUMNS FROM `fhw_blogro` [ RunTime:0.0036s ]
SQL: SELECT * FROM `fhw_blogro` WHERE ( state=1 )  [ RunTime:0.0004s ]
INFO: [ app_end ] --START--
INFO: Run Behavior\ShowPageTraceBehavior [ RunTime:0.001041s ]
INFO: [ app_end ] --END-- [ RunTime:0.001146s ]

[ 2016-05-31T23:26:49+08:00 ] ::1 /fhw/Fanhuawei/index.php/Home/public/login.html
INFO: [ app_init ] --START--
INFO: Run Behavior\BuildLiteBehavior [ RunTime:0.000035s ]
INFO: [ app_init ] --END-- [ RunTime:0.000673s ]
INFO: [ app_begin ] --START--
INFO: Run Behavior\ReadHtmlCacheBehavior [ RunTime:0.000793s ]
INFO: [ app_begin ] --END-- [ RunTime:0.000903s ]
NOTIC: [8] Undefined index: user_info D:\wamp\www\fhw\Fanhuawei\Application\Home\Controller\PublicController.class.php 第 60 行.
NOTIC: [8] Undefined variable: user_id D:\wamp\www\fhw\Fanhuawei\Application\Home\Controller\PublicController.class.php 第 70 行.
NOTIC: [8] Undefined variable: user_name D:\wamp\www\fhw\Fanhuawei\Application\Home\Controller\PublicController.class.php 第 71 行.
INFO: [ app_end ] --START--
INFO: Run Behavior\ShowPageTraceBehavior [ RunTime:0.000750s ]
INFO: [ app_end ] --END-- [ RunTime:0.000836s ]

[ 2016-05-31T23:33:40+08:00 ] ::1 /fhw/Fanhuawei/
INFO: [ app_init ] --START--
INFO: Run Behavior\BuildLiteBehavior [ RunTime:0.000063s ]
INFO: [ app_init ] --END-- [ RunTime:0.000781s ]
INFO: [ app_begin ] --START--
INFO: Run Behavior\ReadHtmlCacheBehavior [ RunTime:0.000902s ]
INFO: [ app_begin ] --END-- [ RunTime:0.001024s ]
SQL: SHOW COLUMNS FROM `fhw_goods` [ RunTime:0.0292s ]
SQL: SELECT * FROM `fhw_goods` LIMIT 4   [ RunTime:0.0008s ]
SQL: SHOW COLUMNS FROM `fhw_categorys` [ RunTime:0.0148s ]
SQL: SELECT `id` FROM `fhw_categorys` WHERE ( pid=10 )  [ RunTime:0.0004s ]
NOTIC: [8] Undefined variable: pid D:\wamp\www\fhw\Fanhuawei\Application\Home\Controller\IndexController.class.php 第 15 行.
SQL: SELECT * FROM `fhw_goods` WHERE ( cateid in (11,12,13) ) LIMIT 2,6   [ RunTime:0.0007s ]
SQL: SELECT * FROM `fhw_goods` WHERE ( cateid in (11,12,13) ) LIMIT 1   [ RunTime:0.0004s ]
SQL: SELECT `id` FROM `fhw_categorys` WHERE ( pid=15 )  [ RunTime:0.0003s ]
NOTIC: [8] Undefined variable: pdid D:\wamp\www\fhw\Fanhuawei\Application\Home\Controller\IndexController.class.php 第 27 行.
SQL: SELECT * FROM `fhw_goods` WHERE ( cateid in (16,17) ) LIMIT 2,6   [ RunTime:0.0008s ]
SQL: SELECT * FROM `fhw_goods` WHERE ( cateid in (16,17) ) LIMIT 1   [ RunTime:0.0004s ]
SQL: SELECT `id` FROM `fhw_categorys` WHERE ( pid=19 )  [ RunTime:0.0003s ]
NOTIC: [8] Undefined variable: jjid D:\wamp\www\fhw\Fanhuawei\Application\Home\Controller\IndexController.class.php 第 40 行.
SQL: SELECT * FROM `fhw_goods` WHERE ( cateid in (20,21,22) ) LIMIT 2,6   [ RunTime:0.0006s ]
SQL: SELECT * FROM `fhw_goods` WHERE ( cateid in (20,21,22) ) LIMIT 1   [ RunTime:0.0003s ]
SQL: SELECT `id` FROM `fhw_categorys` WHERE ( pid=23 )  [ RunTime:0.0004s ]
NOTIC: [8] Undefined variable: pjid D:\wamp\www\fhw\Fanhuawei\Application\Home\Controller\IndexController.class.php 第 52 行.
SQL: SELECT * FROM `fhw_goods` WHERE ( cateid in (24,26,27) ) LIMIT 2,6   [ RunTime:0.0005s ]
SQL: SELECT * FROM `fhw_goods` WHERE ( cateid in (24,26,27) ) LIMIT 1   [ RunTime:0.0004s ]
SQL: SHOW COLUMNS FROM `fhw_article` [ RunTime:0.0456s ]
SQL: SELECT * FROM `fhw_article` LIMIT 0,5   [ RunTime:0.0020s ]
SQL: SELECT * FROM `fhw_article` LIMIT 6,5   [ RunTime:0.0024s ]
INFO: [ view_parse ] --START--
INFO: [ template_filter ] --START--
INFO: Run Behavior\ContentReplaceBehavior [ RunTime:0.000417s ]
INFO: [ template_filter ] --END-- [ RunTime:0.000537s ]
NOTIC: [8] Use of undefined constant id - assumed 'id' D:\wamp\www\fhw\Fanhuawei\Application\Runtime\Cache\Home\2a94b8bda04ff446dcedd42276fc99ee.php 第 416 行.
NOTIC: [8] Use of undefined constant id - assumed 'id' D:\wamp\www\fhw\Fanhuawei\Application\Runtime\Cache\Home\2a94b8bda04ff446dcedd42276fc99ee.php 第 416 行.
NOTIC: [8] Use of undefined constant id - assumed 'id' D:\wamp\www\fhw\Fanhuawei\Application\Runtime\Cache\Home\2a94b8bda04ff446dcedd42276fc99ee.php 第 416 行.
NOTIC: [8] Use of undefined constant id - assumed 'id' D:\wamp\www\fhw\Fanhuawei\Application\Runtime\Cache\Home\2a94b8bda04ff446dcedd42276fc99ee.php 第 416 行.
NOTIC: [8] Use of undefined constant id - assumed 'id' D:\wamp\www\fhw\Fanhuawei\Application\Runtime\Cache\Home\2a94b8bda04ff446dcedd42276fc99ee.php 第 416 行.
NOTIC: [8] Use of undefined constant id - assumed 'id' D:\wamp\www\fhw\Fanhuawei\Application\Runtime\Cache\Home\2a94b8bda04ff446dcedd42276fc99ee.php 第 419 行.
NOTIC: [8] Use of undefined constant id - assumed 'id' D:\wamp\www\fhw\Fanhuawei\Application\Runtime\Cache\Home\2a94b8bda04ff446dcedd42276fc99ee.php 第 419 行.
NOTIC: [8] Use of undefined constant id - assumed 'id' D:\wamp\www\fhw\Fanhuawei\Application\Runtime\Cache\Home\2a94b8bda04ff446dcedd42276fc99ee.php 第 419 行.
NOTIC: [8] Use of undefined constant id - assumed 'id' D:\wamp\www\fhw\Fanhuawei\Application\Runtime\Cache\Home\2a94b8bda04ff446dcedd42276fc99ee.php 第 419 行.
NOTIC: [8] Use of undefined constant id - assumed 'id' D:\wamp\www\fhw\Fanhuawei\Application\Runtime\Cache\Home\2a94b8bda04ff446dcedd42276fc99ee.php 第 419 行.
NOTIC: [8] Undefined index: id D:\wamp\www\fhw\Fanhuawei\Application\Runtime\Cache\Home\2a94b8bda04ff446dcedd42276fc99ee.php 第 456 行.
INFO: Run Behavior\ParseTemplateBehavior [ RunTime:0.055208s ]
INFO: [ view_parse ] --END-- [ RunTime:0.055324s ]
INFO: [ view_filter ] --START--
INFO: Run Behavior\WriteHtmlCacheBehavior [ RunTime:0.000619s ]
INFO: [ view_filter ] --END-- [ RunTime:0.000709s ]
INFO: [ app_end ] --START--
INFO: Run Behavior\ShowPageTraceBehavior [ RunTime:0.000738s ]
INFO: [ app_end ] --END-- [ RunTime:0.000830s ]

[ 2016-05-31T23:33:40+08:00 ] ::1 /fhw/Fanhuawei/index.php/Home/public/smallSC.html
INFO: [ app_init ] --START--
INFO: Run Behavior\BuildLiteBehavior [ RunTime:0.000048s ]
INFO: [ app_init ] --END-- [ RunTime:0.001411s ]
INFO: [ app_begin ] --START--
INFO: Run Behavior\ReadHtmlCacheBehavior [ RunTime:0.001315s ]
INFO: [ app_begin ] --END-- [ RunTime:0.001497s ]
NOTIC: [8] Undefined index: user_info D:\wamp\www\fhw\Fanhuawei\Application\Home\Controller\PublicController.class.php 第 78 行.
SQL: SHOW COLUMNS FROM `fhw_shopcar` [ RunTime:0.0284s ]
SQL: SHOW COLUMNS FROM `fhw_shopcar` [ RunTime:0.0060s ]
ERR: 1064:You have an error in your SQL syntax; check the manual that corresponds to your MySQL server version for the right syntax to use near ')' at line 1
 [ SQL语句 ] : SELECT gd.id,gd.image1,gd.intro,gd.price,sc.style,sc.subtotal,sc.num,sc.goodsname FROM fhw_shopcar sc,fhw_goods gd WHERE ( sc.gid=gd.id and sc.uid= ) 
ERR: 1064:You have an error in your SQL syntax; check the manual that corresponds to your MySQL server version for the right syntax to use near ')' at line 1
 [ SQL语句 ] : SELECT gd.id,gd.image1,gd.intro,gd.price,sc.style,sc.subtotal,sc.num,sc.goodsname FROM fhw_shopcar sc,fhw_goods gd WHERE ( sc.gid=gd.id and sc.uid= ) 

[ 2016-05-31T23:33:40+08:00 ] ::1 /fhw/Fanhuawei/index.php/Home/public/naver.html
INFO: [ app_init ] --START--
INFO: Run Behavior\BuildLiteBehavior [ RunTime:0.000045s ]
INFO: [ app_init ] --END-- [ RunTime:0.000961s ]
INFO: [ app_begin ] --START--
INFO: Run Behavior\ReadHtmlCacheBehavior [ RunTime:0.001258s ]
INFO: [ app_begin ] --END-- [ RunTime:0.001433s ]
SQL: SHOW COLUMNS FROM `fhw_categorys` [ RunTime:0.0057s ]
SQL: SELECT * FROM `fhw_categorys` WHERE `pid` = 0 ORDER BY id  [ RunTime:0.0006s ]
INFO: [ app_end ] --START--
INFO: Run Behavior\ShowPageTraceBehavior [ RunTime:0.001153s ]
INFO: [ app_end ] --END-- [ RunTime:0.001332s ]

[ 2016-05-31T23:33:40+08:00 ] ::1 /fhw/Fanhuawei/index.php/Home/public/header.html
INFO: [ app_init ] --START--
INFO: Run Behavior\BuildLiteBehavior [ RunTime:0.000039s ]
INFO: [ app_init ] --END-- [ RunTime:0.001071s ]
INFO: [ app_begin ] --START--
INFO: Run Behavior\ReadHtmlCacheBehavior [ RunTime:0.005187s ]
INFO: [ app_begin ] --END-- [ RunTime:0.005392s ]
SQL: SHOW COLUMNS FROM `fhw_categorys` [ RunTime:0.0058s ]
SQL: SELECT * FROM `fhw_categorys` WHERE `pid` = 0 ORDER BY id  [ RunTime:0.0009s ]
SQL: SELECT * FROM `fhw_categorys` WHERE `path` LIKE '0-10' LIMIT 3   [ RunTime:0.0006s ]
SQL: SELECT * FROM `fhw_categorys` WHERE `path` LIKE '0-15' LIMIT 3   [ RunTime:0.0005s ]
SQL: SELECT * FROM `fhw_categorys` WHERE `path` LIKE '0-19' LIMIT 3   [ RunTime:0.0004s ]
SQL: SELECT * FROM `fhw_categorys` WHERE `path` LIKE '0-23' LIMIT 3   [ RunTime:0.0004s ]
SQL: SELECT * FROM `fhw_categorys` WHERE `path` LIKE '0-30' LIMIT 3   [ RunTime:0.0003s ]
SQL: SELECT * FROM `fhw_categorys` WHERE `path` LIKE '0-35' LIMIT 3   [ RunTime:0.0002s ]
INFO: [ app_end ] --START--
INFO: Run Behavior\ShowPageTraceBehavior [ RunTime:0.001249s ]
INFO: [ app_end ] --END-- [ RunTime:0.001371s ]

[ 2016-05-31T23:33:40+08:00 ] ::1 /fhw/Fanhuawei/index.php/Home/public/links.html
INFO: [ app_init ] --START--
INFO: Run Behavior\BuildLiteBehavior [ RunTime:0.000130s ]
INFO: [ app_init ] --END-- [ RunTime:0.002941s ]
INFO: [ app_begin ] --START--
INFO: Run Behavior\ReadHtmlCacheBehavior [ RunTime:0.001258s ]
INFO: [ app_begin ] --END-- [ RunTime:0.001423s ]
SQL: SHOW COLUMNS FROM `fhw_blogro` [ RunTime:0.0497s ]
SQL: SELECT * FROM `fhw_blogro` WHERE ( state=1 )  [ RunTime:0.0005s ]
INFO: [ app_end ] --START--
INFO: Run Behavior\ShowPageTraceBehavior [ RunTime:0.000885s ]
INFO: [ app_end ] --END-- [ RunTime:0.000980s ]

[ 2016-05-31T23:33:40+08:00 ] ::1 /fhw/Fanhuawei/index.php/Home/public/login.html
INFO: [ app_init ] --START--
INFO: Run Behavior\BuildLiteBehavior [ RunTime:0.000051s ]
INFO: [ app_init ] --END-- [ RunTime:0.000937s ]
INFO: [ app_begin ] --START--
INFO: Run Behavior\ReadHtmlCacheBehavior [ RunTime:0.001042s ]
INFO: [ app_begin ] --END-- [ RunTime:0.001223s ]
NOTIC: [8] Undefined index: user_info D:\wamp\www\fhw\Fanhuawei\Application\Home\Controller\PublicController.class.php 第 60 行.
NOTIC: [8] Undefined variable: user_id D:\wamp\www\fhw\Fanhuawei\Application\Home\Controller\PublicController.class.php 第 70 行.
NOTIC: [8] Undefined variable: user_name D:\wamp\www\fhw\Fanhuawei\Application\Home\Controller\PublicController.class.php 第 71 行.
INFO: [ app_end ] --START--
INFO: Run Behavior\ShowPageTraceBehavior [ RunTime:0.000812s ]
INFO: [ app_end ] --END-- [ RunTime:0.000915s ]

[ 2016-05-31T23:33:41+08:00 ] ::1 /fhw/Fanhuawei/index.php/Home/detail/particulars/goods_id/22.html
INFO: [ app_init ] --START--
INFO: Run Behavior\BuildLiteBehavior [ RunTime:0.000028s ]
INFO: [ app_init ] --END-- [ RunTime:0.000570s ]
INFO: [ app_begin ] --START--
INFO: Run Behavior\ReadHtmlCacheBehavior [ RunTime:0.000711s ]
INFO: [ app_begin ] --END-- [ RunTime:0.000827s ]
SQL: SHOW COLUMNS FROM `fhw_goods` [ RunTime:0.0040s ]
ERR: 系统不支持:memcache

[ 2016-05-31T23:33:44+08:00 ] ::1 /fhw/Fanhuawei/
INFO: [ app_init ] --START--
INFO: Run Behavior\BuildLiteBehavior [ RunTime:0.000028s ]
INFO: [ app_init ] --END-- [ RunTime:0.000599s ]
INFO: [ app_begin ] --START--
INFO: Run Behavior\ReadHtmlCacheBehavior [ RunTime:0.000752s ]
INFO: [ app_begin ] --END-- [ RunTime:0.000892s ]
SQL: SHOW COLUMNS FROM `fhw_goods` [ RunTime:0.0041s ]
SQL: SELECT * FROM `fhw_goods` LIMIT 4   [ RunTime:0.0005s ]
SQL: SHOW COLUMNS FROM `fhw_categorys` [ RunTime:0.0036s ]
SQL: SELECT `id` FROM `fhw_categorys` WHERE ( pid=10 )  [ RunTime:0.0004s ]
NOTIC: [8] Undefined variable: pid D:\wamp\www\fhw\Fanhuawei\Application\Home\Controller\IndexController.class.php 第 15 行.
SQL: SELECT * FROM `fhw_goods` WHERE ( cateid in (11,12,13) ) LIMIT 2,6   [ RunTime:0.0004s ]
SQL: SELECT * FROM `fhw_goods` WHERE ( cateid in (11,12,13) ) LIMIT 1   [ RunTime:0.0003s ]
SQL: SELECT `id` FROM `fhw_categorys` WHERE ( pid=15 )  [ RunTime:0.0003s ]
NOTIC: [8] Undefined variable: pdid D:\wamp\www\fhw\Fanhuawei\Application\Home\Controller\IndexController.class.php 第 27 行.
SQL: SELECT * FROM `fhw_goods` WHERE ( cateid in (16,17) ) LIMIT 2,6   [ RunTime:0.0005s ]
SQL: SELECT * FROM `fhw_goods` WHERE ( cateid in (16,17) ) LIMIT 1   [ RunTime:0.0003s ]
SQL: SELECT `id` FROM `fhw_categorys` WHERE ( pid=19 )  [ RunTime:0.0002s ]
NOTIC: [8] Undefined variable: jjid D:\wamp\www\fhw\Fanhuawei\Application\Home\Controller\IndexController.class.php 第 40 行.
SQL: SELECT * FROM `fhw_goods` WHERE ( cateid in (20,21,22) ) LIMIT 2,6   [ RunTime:0.0004s ]
SQL: SELECT * FROM `fhw_goods` WHERE ( cateid in (20,21,22) ) LIMIT 1   [ RunTime:0.0003s ]
SQL: SELECT `id` FROM `fhw_categorys` WHERE ( pid=23 )  [ RunTime:0.0002s ]
NOTIC: [8] Undefined variable: pjid D:\wamp\www\fhw\Fanhuawei\Application\Home\Controller\IndexController.class.php 第 52 行.
SQL: SELECT * FROM `fhw_goods` WHERE ( cateid in (24,26,27) ) LIMIT 2,6   [ RunTime:0.0004s ]
SQL: SELECT * FROM `fhw_goods` WHERE ( cateid in (24,26,27) ) LIMIT 1   [ RunTime:0.0003s ]
SQL: SHOW COLUMNS FROM `fhw_article` [ RunTime:0.0039s ]
SQL: SELECT * FROM `fhw_article` LIMIT 0,5   [ RunTime:0.0007s ]
SQL: SELECT * FROM `fhw_article` LIMIT 6,5   [ RunTime:0.0007s ]
INFO: [ view_parse ] --START--
INFO: [ template_filter ] --START--
INFO: Run Behavior\ContentReplaceBehavior [ RunTime:0.000619s ]
INFO: [ template_filter ] --END-- [ RunTime:0.000811s ]
NOTIC: [8] Use of undefined constant id - assumed 'id' D:\wamp\www\fhw\Fanhuawei\Application\Runtime\Cache\Home\2a94b8bda04ff446dcedd42276fc99ee.php 第 416 行.
NOTIC: [8] Use of undefined constant id - assumed 'id' D:\wamp\www\fhw\Fanhuawei\Application\Runtime\Cache\Home\2a94b8bda04ff446dcedd42276fc99ee.php 第 416 行.
NOTIC: [8] Use of undefined constant id - assumed 'id' D:\wamp\www\fhw\Fanhuawei\Application\Runtime\Cache\Home\2a94b8bda04ff446dcedd42276fc99ee.php 第 416 行.
NOTIC: [8] Use of undefined constant id - assumed 'id' D:\wamp\www\fhw\Fanhuawei\Application\Runtime\Cache\Home\2a94b8bda04ff446dcedd42276fc99ee.php 第 416 行.
NOTIC: [8] Use of undefined constant id - assumed 'id' D:\wamp\www\fhw\Fanhuawei\Application\Runtime\Cache\Home\2a94b8bda04ff446dcedd42276fc99ee.php 第 416 行.
NOTIC: [8] Use of undefined constant id - assumed 'id' D:\wamp\www\fhw\Fanhuawei\Application\Runtime\Cache\Home\2a94b8bda04ff446dcedd42276fc99ee.php 第 419 行.
NOTIC: [8] Use of undefined constant id - assumed 'id' D:\wamp\www\fhw\Fanhuawei\Application\Runtime\Cache\Home\2a94b8bda04ff446dcedd42276fc99ee.php 第 419 行.
NOTIC: [8] Use of undefined constant id - assumed 'id' D:\wamp\www\fhw\Fanhuawei\Application\Runtime\Cache\Home\2a94b8bda04ff446dcedd42276fc99ee.php 第 419 行.
NOTIC: [8] Use of undefined constant id - assumed 'id' D:\wamp\www\fhw\Fanhuawei\Application\Runtime\Cache\Home\2a94b8bda04ff446dcedd42276fc99ee.php 第 419 行.
NOTIC: [8] Use of undefined constant id - assumed 'id' D:\wamp\www\fhw\Fanhuawei\Application\Runtime\Cache\Home\2a94b8bda04ff446dcedd42276fc99ee.php 第 419 行.
NOTIC: [8] Undefined index: id D:\wamp\www\fhw\Fanhuawei\Application\Runtime\Cache\Home\2a94b8bda04ff446dcedd42276fc99ee.php 第 456 行.
INFO: Run Behavior\ParseTemplateBehavior [ RunTime:0.055037s ]
INFO: [ view_parse ] --END-- [ RunTime:0.055159s ]
INFO: [ view_filter ] --START--
INFO: Run Behavior\WriteHtmlCacheBehavior [ RunTime:0.000667s ]
INFO: [ view_filter ] --END-- [ RunTime:0.000769s ]
INFO: [ app_end ] --START--
INFO: Run Behavior\ShowPageTraceBehavior [ RunTime:0.000685s ]
INFO: [ app_end ] --END-- [ RunTime:0.000788s ]

[ 2016-05-31T23:33:45+08:00 ] ::1 /fhw/Fanhuawei/index.php/Home/public/header.html
INFO: [ app_init ] --START--
INFO: Run Behavior\BuildLiteBehavior [ RunTime:0.000048s ]
INFO: [ app_init ] --END-- [ RunTime:0.000825s ]
INFO: [ app_begin ] --START--
INFO: Run Behavior\ReadHtmlCacheBehavior [ RunTime:0.001128s ]
INFO: [ app_begin ] --END-- [ RunTime:0.001285s ]
SQL: SHOW COLUMNS FROM `fhw_categorys` [ RunTime:0.0054s ]
SQL: SELECT * FROM `fhw_categorys` WHERE `pid` = 0 ORDER BY id  [ RunTime:0.0006s ]
SQL: SELECT * FROM `fhw_categorys` WHERE `path` LIKE '0-10' LIMIT 3   [ RunTime:0.0005s ]
SQL: SELECT * FROM `fhw_categorys` WHERE `path` LIKE '0-15' LIMIT 3   [ RunTime:0.0005s ]
SQL: SELECT * FROM `fhw_categorys` WHERE `path` LIKE '0-19' LIMIT 3   [ RunTime:0.0006s ]
SQL: SELECT * FROM `fhw_categorys` WHERE `path` LIKE '0-23' LIMIT 3   [ RunTime:0.0005s ]
SQL: SELECT * FROM `fhw_categorys` WHERE `path` LIKE '0-30' LIMIT 3   [ RunTime:0.0005s ]
SQL: SELECT * FROM `fhw_categorys` WHERE `path` LIKE '0-35' LIMIT 3   [ RunTime:0.0005s ]
INFO: [ app_end ] --START--
INFO: Run Behavior\ShowPageTraceBehavior [ RunTime:0.001199s ]
INFO: [ app_end ] --END-- [ RunTime:0.001400s ]

[ 2016-05-31T23:33:45+08:00 ] ::1 /fhw/Fanhuawei/index.php/Home/public/smallSC.html
INFO: [ app_init ] --START--
INFO: Run Behavior\BuildLiteBehavior [ RunTime:0.000028s ]
INFO: [ app_init ] --END-- [ RunTime:0.000558s ]
INFO: [ app_begin ] --START--
INFO: Run Behavior\ReadHtmlCacheBehavior [ RunTime:0.001110s ]
INFO: [ app_begin ] --END-- [ RunTime:0.001252s ]
NOTIC: [8] Undefined index: user_info D:\wamp\www\fhw\Fanhuawei\Application\Home\Controller\PublicController.class.php 第 78 行.
SQL: SHOW COLUMNS FROM `fhw_shopcar` [ RunTime:0.0059s ]
SQL: SHOW COLUMNS FROM `fhw_shopcar` [ RunTime:0.0057s ]
ERR: 1064:You have an error in your SQL syntax; check the manual that corresponds to your MySQL server version for the right syntax to use near ')' at line 1
 [ SQL语句 ] : SELECT gd.id,gd.image1,gd.intro,gd.price,sc.style,sc.subtotal,sc.num,sc.goodsname FROM fhw_shopcar sc,fhw_goods gd WHERE ( sc.gid=gd.id and sc.uid= ) 
ERR: 1064:You have an error in your SQL syntax; check the manual that corresponds to your MySQL server version for the right syntax to use near ')' at line 1
 [ SQL语句 ] : SELECT gd.id,gd.image1,gd.intro,gd.price,sc.style,sc.subtotal,sc.num,sc.goodsname FROM fhw_shopcar sc,fhw_goods gd WHERE ( sc.gid=gd.id and sc.uid= ) 

[ 2016-05-31T23:33:45+08:00 ] ::1 /fhw/Fanhuawei/index.php/Home/public/naver.html
INFO: [ app_init ] --START--
INFO: Run Behavior\BuildLiteBehavior [ RunTime:0.000041s ]
INFO: [ app_init ] --END-- [ RunTime:0.000882s ]
INFO: [ app_begin ] --START--
INFO: Run Behavior\ReadHtmlCacheBehavior [ RunTime:0.001051s ]
INFO: [ app_begin ] --END-- [ RunTime:0.001209s ]
SQL: SHOW COLUMNS FROM `fhw_categorys` [ RunTime:0.0062s ]
SQL: SELECT * FROM `fhw_categorys` WHERE `pid` = 0 ORDER BY id  [ RunTime:0.0008s ]
INFO: [ app_end ] --START--
INFO: Run Behavior\ShowPageTraceBehavior [ RunTime:0.001174s ]
INFO: [ app_end ] --END-- [ RunTime:0.001354s ]

[ 2016-05-31T23:33:45+08:00 ] ::1 /fhw/Fanhuawei/index.php/Home/public/links.html
INFO: [ app_init ] --START--
INFO: Run Behavior\BuildLiteBehavior [ RunTime:0.000049s ]
INFO: [ app_init ] --END-- [ RunTime:0.000954s ]
INFO: [ app_begin ] --START--
INFO: Run Behavior\ReadHtmlCacheBehavior [ RunTime:0.001267s ]
INFO: [ app_begin ] --END-- [ RunTime:0.001450s ]
SQL: SHOW COLUMNS FROM `fhw_blogro` [ RunTime:0.0050s ]
SQL: SELECT * FROM `fhw_blogro` WHERE ( state=1 )  [ RunTime:0.0004s ]
INFO: [ app_end ] --START--
INFO: Run Behavior\ShowPageTraceBehavior [ RunTime:0.000845s ]
INFO: [ app_end ] --END-- [ RunTime:0.000943s ]

[ 2016-05-31T23:33:45+08:00 ] ::1 /fhw/Fanhuawei/index.php/Home/public/login.html
INFO: [ app_init ] --START--
INFO: Run Behavior\BuildLiteBehavior [ RunTime:0.000048s ]
INFO: [ app_init ] --END-- [ RunTime:0.000958s ]
INFO: [ app_begin ] --START--
INFO: Run Behavior\ReadHtmlCacheBehavior [ RunTime:0.000905s ]
INFO: [ app_begin ] --END-- [ RunTime:0.001053s ]
NOTIC: [8] Undefined index: user_info D:\wamp\www\fhw\Fanhuawei\Application\Home\Controller\PublicController.class.php 第 60 行.
NOTIC: [8] Undefined variable: user_id D:\wamp\www\fhw\Fanhuawei\Application\Home\Controller\PublicController.class.php 第 70 行.
NOTIC: [8] Undefined variable: user_name D:\wamp\www\fhw\Fanhuawei\Application\Home\Controller\PublicController.class.php 第 71 行.
INFO: [ app_end ] --START--
INFO: Run Behavior\ShowPageTraceBehavior [ RunTime:0.000935s ]
INFO: [ app_end ] --END-- [ RunTime:0.001067s ]

[ 2016-05-31T23:33:45+08:00 ] ::1 /fhw/Fanhuawei/index.php/Home/detail/particulars/goods_id/22.html
INFO: [ app_init ] --START--
INFO: Run Behavior\BuildLiteBehavior [ RunTime:0.000028s ]
INFO: [ app_init ] --END-- [ RunTime:0.000532s ]
INFO: [ app_begin ] --START--
INFO: Run Behavior\ReadHtmlCacheBehavior [ RunTime:0.000678s ]
INFO: [ app_begin ] --END-- [ RunTime:0.000797s ]
SQL: SHOW COLUMNS FROM `fhw_goods` [ RunTime:0.0040s ]
ERR: 系统不支持:memcache

