[ 2016-06-01T15:45:28+08:00 ] ::1 /fhw/Fanhuawei/
INFO: [ app_init ] --START--
INFO: Run Behavior\BuildLiteBehavior [ RunTime:0.000000s ]
INFO: [ app_init ] --END-- [ RunTime:0.020002s ]
INFO: [ app_begin ] --START--
INFO: Run Behavior\ReadHtmlCacheBehavior [ RunTime:0.009000s ]
INFO: [ app_begin ] --END-- [ RunTime:0.009000s ]
ERR: SQLSTATE[HY000] [1045] Access denied for user 'root'@'localhost' (using password: NO)

[ 2016-06-01T15:45:48+08:00 ] ::1 /fhw/Fanhuawei/
INFO: [ app_init ] --START--
INFO: Run Behavior\BuildLiteBehavior [ RunTime:0.000000s ]
INFO: [ app_init ] --END-- [ RunTime:0.001000s ]
INFO: [ app_begin ] --START--
INFO: Run Behavior\ReadHtmlCacheBehavior [ RunTime:0.000000s ]
INFO: [ app_begin ] --END-- [ RunTime:0.001000s ]
ERR: SQLSTATE[HY000] [1045] Access denied for user 'root'@'localhost' (using password: NO)

[ 2016-06-01T15:45:53+08:00 ] ::1 /fhw/Fanhuawei/
INFO: [ app_init ] --START--
INFO: Run Behavior\BuildLiteBehavior [ RunTime:0.000000s ]
INFO: [ app_init ] --END-- [ RunTime:0.000000s ]
INFO: [ app_begin ] --START--
INFO: Run Behavior\ReadHtmlCacheBehavior [ RunTime:0.001000s ]
INFO: [ app_begin ] --END-- [ RunTime:0.001000s ]
ERR: SQLSTATE[HY000] [1045] Access denied for user 'root'@'localhost' (using password: NO)

[ 2016-06-01T15:46:20+08:00 ] ::1 /fhw/Fanhuawei/
INFO: [ app_init ] --START--
INFO: Run Behavior\BuildLiteBehavior [ RunTime:0.000000s ]
INFO: [ app_init ] --END-- [ RunTime:0.000000s ]
INFO: [ app_begin ] --START--
INFO: Run Behavior\ReadHtmlCacheBehavior [ RunTime:0.001000s ]
INFO: [ app_begin ] --END-- [ RunTime:0.001000s ]
SQL: SHOW COLUMNS FROM `fhw_goods` [ RunTime:0.0970s ]
SQL: SELECT * FROM `fhw_goods` LIMIT 4   [ RunTime:0.0010s ]
SQL: SHOW COLUMNS FROM `fhw_categorys` [ RunTime:0.0180s ]
SQL: SELECT `id` FROM `fhw_categorys` WHERE ( pid=10 )  [ RunTime:0.0000s ]
NOTIC: [8] Undefined variable: pid D:\www\fhw\Fanhuawei\Application\Home\Controller\IndexController.class.php 第 15 行.
SQL: SELECT * FROM `fhw_goods` WHERE ( cateid in (11,12,13) ) LIMIT 2,6   [ RunTime:0.0010s ]
SQL: SELECT * FROM `fhw_goods` WHERE ( cateid in (11,12,13) ) LIMIT 1   [ RunTime:0.0000s ]
SQL: SELECT `id` FROM `fhw_categorys` WHERE ( pid=15 )  [ RunTime:0.0000s ]
NOTIC: [8] Undefined variable: pdid D:\www\fhw\Fanhuawei\Application\Home\Controller\IndexController.class.php 第 27 行.
SQL: SELECT * FROM `fhw_goods` WHERE ( cateid in (16,17) ) LIMIT 2,6   [ RunTime:0.0000s ]
SQL: SELECT * FROM `fhw_goods` WHERE ( cateid in (16,17) ) LIMIT 1   [ RunTime:0.0010s ]
SQL: SELECT `id` FROM `fhw_categorys` WHERE ( pid=19 )  [ RunTime:0.0000s ]
NOTIC: [8] Undefined variable: jjid D:\www\fhw\Fanhuawei\Application\Home\Controller\IndexController.class.php 第 40 行.
SQL: SELECT * FROM `fhw_goods` WHERE ( cateid in (20,21,22) ) LIMIT 2,6   [ RunTime:0.0010s ]
SQL: SELECT * FROM `fhw_goods` WHERE ( cateid in (20,21,22) ) LIMIT 1   [ RunTime:0.0000s ]
SQL: SELECT `id` FROM `fhw_categorys` WHERE ( pid=23 )  [ RunTime:0.0000s ]
NOTIC: [8] Undefined variable: pjid D:\www\fhw\Fanhuawei\Application\Home\Controller\IndexController.class.php 第 52 行.
SQL: SELECT * FROM `fhw_goods` WHERE ( cateid in (24,26,27) ) LIMIT 2,6   [ RunTime:0.0010s ]
SQL: SELECT * FROM `fhw_goods` WHERE ( cateid in (24,26,27) ) LIMIT 1   [ RunTime:0.0000s ]
SQL: SHOW COLUMNS FROM `fhw_article` [ RunTime:0.0500s ]
SQL: SELECT * FROM `fhw_article` LIMIT 0,5   [ RunTime:0.0020s ]
SQL: SELECT * FROM `fhw_article` LIMIT 6,5   [ RunTime:0.0030s ]
INFO: [ view_parse ] --START--
INFO: [ template_filter ] --START--
INFO: Run Behavior\ContentReplaceBehavior [ RunTime:0.013001s ]
INFO: [ template_filter ] --END-- [ RunTime:0.013001s ]
NOTIC: [8] Use of undefined constant id - assumed 'id' D:\www\fhw\Fanhuawei\Application\Runtime\Cache\Home\2a94b8bda04ff446dcedd42276fc99ee.php 第 416 行.
NOTIC: [8] Use of undefined constant id - assumed 'id' D:\www\fhw\Fanhuawei\Application\Runtime\Cache\Home\2a94b8bda04ff446dcedd42276fc99ee.php 第 416 行.
NOTIC: [8] Use of undefined constant id - assumed 'id' D:\www\fhw\Fanhuawei\Application\Runtime\Cache\Home\2a94b8bda04ff446dcedd42276fc99ee.php 第 416 行.
NOTIC: [8] Use of undefined constant id - assumed 'id' D:\www\fhw\Fanhuawei\Application\Runtime\Cache\Home\2a94b8bda04ff446dcedd42276fc99ee.php 第 416 行.
NOTIC: [8] Use of undefined constant id - assumed 'id' D:\www\fhw\Fanhuawei\Application\Runtime\Cache\Home\2a94b8bda04ff446dcedd42276fc99ee.php 第 416 行.
NOTIC: [8] Use of undefined constant id - assumed 'id' D:\www\fhw\Fanhuawei\Application\Runtime\Cache\Home\2a94b8bda04ff446dcedd42276fc99ee.php 第 419 行.
NOTIC: [8] Use of undefined constant id - assumed 'id' D:\www\fhw\Fanhuawei\Application\Runtime\Cache\Home\2a94b8bda04ff446dcedd42276fc99ee.php 第 419 行.
NOTIC: [8] Use of undefined constant id - assumed 'id' D:\www\fhw\Fanhuawei\Application\Runtime\Cache\Home\2a94b8bda04ff446dcedd42276fc99ee.php 第 419 行.
NOTIC: [8] Use of undefined constant id - assumed 'id' D:\www\fhw\Fanhuawei\Application\Runtime\Cache\Home\2a94b8bda04ff446dcedd42276fc99ee.php 第 419 行.
NOTIC: [8] Use of undefined constant id - assumed 'id' D:\www\fhw\Fanhuawei\Application\Runtime\Cache\Home\2a94b8bda04ff446dcedd42276fc99ee.php 第 419 行.
NOTIC: [8] Undefined index: id D:\www\fhw\Fanhuawei\Application\Runtime\Cache\Home\2a94b8bda04ff446dcedd42276fc99ee.php 第 456 行.
INFO: Run Behavior\ParseTemplateBehavior [ RunTime:0.152008s ]
INFO: [ view_parse ] --END-- [ RunTime:0.152008s ]
INFO: [ view_filter ] --START--
INFO: Run Behavior\WriteHtmlCacheBehavior [ RunTime:0.019001s ]
INFO: [ view_filter ] --END-- [ RunTime:0.019001s ]
INFO: [ app_end ] --START--
INFO: Run Behavior\ShowPageTraceBehavior [ RunTime:0.002001s ]
INFO: [ app_end ] --END-- [ RunTime:0.002001s ]

[ 2016-06-01T15:46:22+08:00 ] ::1 /fhw/Fanhuawei/index.php/Home/public/smallSC.html
INFO: [ app_init ] --START--
INFO: Run Behavior\BuildLiteBehavior [ RunTime:0.000000s ]
INFO: [ app_init ] --END-- [ RunTime:0.000000s ]
INFO: [ app_begin ] --START--
INFO: Run Behavior\ReadHtmlCacheBehavior [ RunTime:0.000000s ]
INFO: [ app_begin ] --END-- [ RunTime:0.000000s ]
NOTIC: [8] Undefined index: user_info D:\www\fhw\Fanhuawei\Application\Home\Controller\PublicController.class.php 第 78 行.
SQL: SHOW COLUMNS FROM `fhw_shopcar` [ RunTime:0.1150s ]
SQL: SHOW COLUMNS FROM `fhw_shopcar` [ RunTime:0.0040s ]
ERR: 1064:You have an error in your SQL syntax; check the manual that corresponds to your MySQL server version for the right syntax to use near ')' at line 1
 [ SQL语句 ] : SELECT gd.id,gd.image1,gd.intro,gd.price,sc.style,sc.subtotal,sc.num,sc.goodsname FROM fhw_shopcar sc,fhw_goods gd WHERE ( sc.gid=gd.id and sc.uid= ) 
ERR: 1064:You have an error in your SQL syntax; check the manual that corresponds to your MySQL server version for the right syntax to use near ')' at line 1
 [ SQL语句 ] : SELECT gd.id,gd.image1,gd.intro,gd.price,sc.style,sc.subtotal,sc.num,sc.goodsname FROM fhw_shopcar sc,fhw_goods gd WHERE ( sc.gid=gd.id and sc.uid= ) 

[ 2016-06-01T15:46:23+08:00 ] ::1 /fhw/Fanhuawei/index.php/Home/public/naver.html
INFO: [ app_init ] --START--
INFO: Run Behavior\BuildLiteBehavior [ RunTime:0.000000s ]
INFO: [ app_init ] --END-- [ RunTime:0.000000s ]
INFO: [ app_begin ] --START--
INFO: Run Behavior\ReadHtmlCacheBehavior [ RunTime:0.001000s ]
INFO: [ app_begin ] --END-- [ RunTime:0.001000s ]
SQL: SHOW COLUMNS FROM `fhw_categorys` [ RunTime:0.0040s ]
SQL: SELECT * FROM `fhw_categorys` WHERE `pid` = 0 ORDER BY id  [ RunTime:0.0010s ]
INFO: [ app_end ] --START--
INFO: Run Behavior\ShowPageTraceBehavior [ RunTime:0.001000s ]
INFO: [ app_end ] --END-- [ RunTime:0.001000s ]

[ 2016-06-01T15:46:24+08:00 ] ::1 /fhw/Fanhuawei/index.php/Home/public/header.html
INFO: [ app_init ] --START--
INFO: Run Behavior\BuildLiteBehavior [ RunTime:0.000000s ]
INFO: [ app_init ] --END-- [ RunTime:0.000000s ]
INFO: [ app_begin ] --START--
INFO: Run Behavior\ReadHtmlCacheBehavior [ RunTime:0.001000s ]
INFO: [ app_begin ] --END-- [ RunTime:0.001000s ]
SQL: SHOW COLUMNS FROM `fhw_categorys` [ RunTime:0.0030s ]
SQL: SELECT * FROM `fhw_categorys` WHERE `pid` = 0 ORDER BY id  [ RunTime:0.0010s ]
SQL: SELECT * FROM `fhw_categorys` WHERE `path` LIKE '0-10' LIMIT 3   [ RunTime:0.0000s ]
SQL: SELECT * FROM `fhw_categorys` WHERE `path` LIKE '0-15' LIMIT 3   [ RunTime:0.0000s ]
SQL: SELECT * FROM `fhw_categorys` WHERE `path` LIKE '0-19' LIMIT 3   [ RunTime:0.0000s ]
SQL: SELECT * FROM `fhw_categorys` WHERE `path` LIKE '0-23' LIMIT 3   [ RunTime:0.0000s ]
SQL: SELECT * FROM `fhw_categorys` WHERE `path` LIKE '0-30' LIMIT 3   [ RunTime:0.0000s ]
SQL: SELECT * FROM `fhw_categorys` WHERE `path` LIKE '0-35' LIMIT 3   [ RunTime:0.0000s ]
INFO: [ app_end ] --START--
INFO: Run Behavior\ShowPageTraceBehavior [ RunTime:0.001000s ]
INFO: [ app_end ] --END-- [ RunTime:0.001000s ]

[ 2016-06-01T15:46:25+08:00 ] ::1 /fhw/Fanhuawei/index.php/Home/public/links.html
INFO: [ app_init ] --START--
INFO: Run Behavior\BuildLiteBehavior [ RunTime:0.000000s ]
INFO: [ app_init ] --END-- [ RunTime:0.001000s ]
INFO: [ app_begin ] --START--
INFO: Run Behavior\ReadHtmlCacheBehavior [ RunTime:0.001000s ]
INFO: [ app_begin ] --END-- [ RunTime:0.001000s ]
SQL: SHOW COLUMNS FROM `fhw_blogro` [ RunTime:0.0380s ]
SQL: SELECT * FROM `fhw_blogro` WHERE ( state=1 )  [ RunTime:0.0000s ]
INFO: [ app_end ] --START--
INFO: Run Behavior\ShowPageTraceBehavior [ RunTime:0.000000s ]
INFO: [ app_end ] --END-- [ RunTime:0.001000s ]

[ 2016-06-01T15:46:25+08:00 ] ::1 /fhw/Fanhuawei/index.php/Home/public/login.html
INFO: [ app_init ] --START--
INFO: Run Behavior\BuildLiteBehavior [ RunTime:0.000000s ]
INFO: [ app_init ] --END-- [ RunTime:0.000000s ]
INFO: [ app_begin ] --START--
INFO: Run Behavior\ReadHtmlCacheBehavior [ RunTime:0.002000s ]
INFO: [ app_begin ] --END-- [ RunTime:0.003000s ]
NOTIC: [8] Undefined index: user_info D:\www\fhw\Fanhuawei\Application\Home\Controller\PublicController.class.php 第 60 行.
NOTIC: [8] Undefined variable: user_id D:\www\fhw\Fanhuawei\Application\Home\Controller\PublicController.class.php 第 70 行.
NOTIC: [8] Undefined variable: user_name D:\www\fhw\Fanhuawei\Application\Home\Controller\PublicController.class.php 第 71 行.
INFO: [ app_end ] --START--
INFO: Run Behavior\ShowPageTraceBehavior [ RunTime:0.001000s ]
INFO: [ app_end ] --END-- [ RunTime:0.001000s ]

[ 2016-06-01T15:46:26+08:00 ] ::1 /fhw/Fanhuawei/index.php/Home/catelist/catelist/cid/15.html
INFO: [ app_init ] --START--
INFO: Run Behavior\BuildLiteBehavior [ RunTime:0.000000s ]
INFO: [ app_init ] --END-- [ RunTime:0.000000s ]
INFO: [ app_begin ] --START--
INFO: Run Behavior\ReadHtmlCacheBehavior [ RunTime:0.001000s ]
INFO: [ app_begin ] --END-- [ RunTime:0.001000s ]
SQL: SHOW COLUMNS FROM `fhw_categorys` [ RunTime:0.0080s ]
SQL: SELECT * FROM `fhw_categorys` WHERE ( id=15 )  [ RunTime:0.0010s ]
SQL: SELECT * FROM `fhw_categorys` WHERE ( pid=15 ) ORDER BY id asc  [ RunTime:0.0010s ]
SQL: SHOW COLUMNS FROM `fhw_goods` [ RunTime:0.0140s ]
SQL: SELECT * FROM `fhw_goods` WHERE `cateid` IN ('16','17') ORDER BY id asc  [ RunTime:0.0010s ]
INFO: [ view_parse ] --START--
INFO: [ template_filter ] --START--
INFO: Run Behavior\ContentReplaceBehavior [ RunTime:0.000000s ]
INFO: [ template_filter ] --END-- [ RunTime:0.000000s ]
INFO: Run Behavior\ParseTemplateBehavior [ RunTime:0.059003s ]
INFO: [ view_parse ] --END-- [ RunTime:0.059003s ]
INFO: [ view_filter ] --START--
INFO: Run Behavior\WriteHtmlCacheBehavior [ RunTime:0.001000s ]
INFO: [ view_filter ] --END-- [ RunTime:0.001000s ]
INFO: [ app_end ] --START--
INFO: Run Behavior\ShowPageTraceBehavior [ RunTime:0.001000s ]
INFO: [ app_end ] --END-- [ RunTime:0.001000s ]

[ 2016-06-01T15:46:27+08:00 ] ::1 /fhw/Fanhuawei/index.php/Home/catelist/catelist/cid/15.html
INFO: [ app_init ] --START--
INFO: Run Behavior\BuildLiteBehavior [ RunTime:0.000000s ]
INFO: [ app_init ] --END-- [ RunTime:0.000000s ]
INFO: [ app_begin ] --START--
INFO: Run Behavior\ReadHtmlCacheBehavior [ RunTime:0.001000s ]
INFO: [ app_begin ] --END-- [ RunTime:0.001000s ]
SQL: SHOW COLUMNS FROM `fhw_categorys` [ RunTime:0.0040s ]
SQL: SELECT * FROM `fhw_categorys` WHERE ( id=15 )  [ RunTime:0.0000s ]
SQL: SELECT * FROM `fhw_categorys` WHERE ( pid=15 ) ORDER BY id asc  [ RunTime:0.0010s ]
SQL: SHOW COLUMNS FROM `fhw_goods` [ RunTime:0.0040s ]
SQL: SELECT * FROM `fhw_goods` WHERE `cateid` IN ('16','17') ORDER BY id asc  [ RunTime:0.0000s ]
INFO: [ view_parse ] --START--
INFO: [ template_filter ] --START--
INFO: Run Behavior\ContentReplaceBehavior [ RunTime:0.000000s ]
INFO: [ template_filter ] --END-- [ RunTime:0.000000s ]
INFO: Run Behavior\ParseTemplateBehavior [ RunTime:0.025002s ]
INFO: [ view_parse ] --END-- [ RunTime:0.025002s ]
INFO: [ view_filter ] --START--
INFO: Run Behavior\WriteHtmlCacheBehavior [ RunTime:0.000000s ]
INFO: [ view_filter ] --END-- [ RunTime:0.000000s ]
INFO: [ app_end ] --START--
INFO: Run Behavior\ShowPageTraceBehavior [ RunTime:0.001000s ]
INFO: [ app_end ] --END-- [ RunTime:0.001000s ]

[ 2016-06-01T15:46:28+08:00 ] ::1 /fhw/Fanhuawei/index.php/Home/public/smallSC.html
INFO: [ app_init ] --START--
INFO: Run Behavior\BuildLiteBehavior [ RunTime:0.000000s ]
INFO: [ app_init ] --END-- [ RunTime:0.001000s ]
INFO: [ app_begin ] --START--
INFO: Run Behavior\ReadHtmlCacheBehavior [ RunTime:0.001000s ]
INFO: [ app_begin ] --END-- [ RunTime:0.001000s ]
NOTIC: [8] Undefined index: user_info D:\www\fhw\Fanhuawei\Application\Home\Controller\PublicController.class.php 第 78 行.
SQL: SHOW COLUMNS FROM `fhw_shopcar` [ RunTime:0.0040s ]
SQL: SHOW COLUMNS FROM `fhw_shopcar` [ RunTime:0.0050s ]
ERR: 1064:You have an error in your SQL syntax; check the manual that corresponds to your MySQL server version for the right syntax to use near ')' at line 1
 [ SQL语句 ] : SELECT gd.id,gd.image1,gd.intro,gd.price,sc.style,sc.subtotal,sc.num,sc.goodsname FROM fhw_shopcar sc,fhw_goods gd WHERE ( sc.gid=gd.id and sc.uid= ) 
ERR: 1064:You have an error in your SQL syntax; check the manual that corresponds to your MySQL server version for the right syntax to use near ')' at line 1
 [ SQL语句 ] : SELECT gd.id,gd.image1,gd.intro,gd.price,sc.style,sc.subtotal,sc.num,sc.goodsname FROM fhw_shopcar sc,fhw_goods gd WHERE ( sc.gid=gd.id and sc.uid= ) 

[ 2016-06-01T15:46:29+08:00 ] ::1 /fhw/Fanhuawei/index.php/Home/public/header.html
INFO: [ app_init ] --START--
INFO: Run Behavior\BuildLiteBehavior [ RunTime:0.000000s ]
INFO: [ app_init ] --END-- [ RunTime:0.001000s ]
INFO: [ app_begin ] --START--
INFO: Run Behavior\ReadHtmlCacheBehavior [ RunTime:0.001000s ]
INFO: [ app_begin ] --END-- [ RunTime:0.001000s ]
SQL: SHOW COLUMNS FROM `fhw_categorys` [ RunTime:0.0030s ]
SQL: SELECT * FROM `fhw_categorys` WHERE `pid` = 0 ORDER BY id  [ RunTime:0.0000s ]
SQL: SELECT * FROM `fhw_categorys` WHERE `path` LIKE '0-10' LIMIT 3   [ RunTime:0.0000s ]
SQL: SELECT * FROM `fhw_categorys` WHERE `path` LIKE '0-15' LIMIT 3   [ RunTime:0.0000s ]
SQL: SELECT * FROM `fhw_categorys` WHERE `path` LIKE '0-19' LIMIT 3   [ RunTime:0.0000s ]
SQL: SELECT * FROM `fhw_categorys` WHERE `path` LIKE '0-23' LIMIT 3   [ RunTime:0.0000s ]
SQL: SELECT * FROM `fhw_categorys` WHERE `path` LIKE '0-30' LIMIT 3   [ RunTime:0.0000s ]
SQL: SELECT * FROM `fhw_categorys` WHERE `path` LIKE '0-35' LIMIT 3   [ RunTime:0.0000s ]
INFO: [ app_end ] --START--
INFO: Run Behavior\ShowPageTraceBehavior [ RunTime:0.000000s ]
INFO: [ app_end ] --END-- [ RunTime:0.000000s ]

[ 2016-06-01T15:46:30+08:00 ] ::1 /fhw/Fanhuawei/index.php/Home/public/naver.html
INFO: [ app_init ] --START--
INFO: Run Behavior\BuildLiteBehavior [ RunTime:0.000000s ]
INFO: [ app_init ] --END-- [ RunTime:0.001000s ]
INFO: [ app_begin ] --START--
INFO: Run Behavior\ReadHtmlCacheBehavior [ RunTime:0.001001s ]
INFO: [ app_begin ] --END-- [ RunTime:0.001001s ]
SQL: SHOW COLUMNS FROM `fhw_categorys` [ RunTime:0.0040s ]
SQL: SELECT * FROM `fhw_categorys` WHERE `pid` = 0 ORDER BY id  [ RunTime:0.0000s ]
INFO: [ app_end ] --START--
INFO: Run Behavior\ShowPageTraceBehavior [ RunTime:0.000000s ]
INFO: [ app_end ] --END-- [ RunTime:0.000000s ]

[ 2016-06-01T15:46:31+08:00 ] ::1 /fhw/Fanhuawei/index.php/Home/public/links.html
INFO: [ app_init ] --START--
INFO: Run Behavior\BuildLiteBehavior [ RunTime:0.000000s ]
INFO: [ app_init ] --END-- [ RunTime:0.000000s ]
INFO: [ app_begin ] --START--
INFO: Run Behavior\ReadHtmlCacheBehavior [ RunTime:0.000000s ]
INFO: [ app_begin ] --END-- [ RunTime:0.000000s ]
SQL: SHOW COLUMNS FROM `fhw_blogro` [ RunTime:0.0090s ]
SQL: SELECT * FROM `fhw_blogro` WHERE ( state=1 )  [ RunTime:0.0010s ]
INFO: [ app_end ] --START--
INFO: Run Behavior\ShowPageTraceBehavior [ RunTime:0.002000s ]
INFO: [ app_end ] --END-- [ RunTime:0.002000s ]

[ 2016-06-01T15:46:31+08:00 ] ::1 /fhw/Fanhuawei/index.php/Home/public/login.html
INFO: [ app_init ] --START--
INFO: Run Behavior\BuildLiteBehavior [ RunTime:0.000000s ]
INFO: [ app_init ] --END-- [ RunTime:0.000000s ]
INFO: [ app_begin ] --START--
INFO: Run Behavior\ReadHtmlCacheBehavior [ RunTime:0.001000s ]
INFO: [ app_begin ] --END-- [ RunTime:0.001000s ]
NOTIC: [8] Undefined index: user_info D:\www\fhw\Fanhuawei\Application\Home\Controller\PublicController.class.php 第 60 行.
NOTIC: [8] Undefined variable: user_id D:\www\fhw\Fanhuawei\Application\Home\Controller\PublicController.class.php 第 70 行.
NOTIC: [8] Undefined variable: user_name D:\www\fhw\Fanhuawei\Application\Home\Controller\PublicController.class.php 第 71 行.
INFO: [ app_end ] --START--
INFO: Run Behavior\ShowPageTraceBehavior [ RunTime:0.002001s ]
INFO: [ app_end ] --END-- [ RunTime:0.002001s ]

[ 2016-06-01T15:46:32+08:00 ] ::1 /fhw/Fanhuawei/index.php/Home/public/smallSC.html
INFO: [ app_init ] --START--
INFO: Run Behavior\BuildLiteBehavior [ RunTime:0.000000s ]
INFO: [ app_init ] --END-- [ RunTime:0.001000s ]
INFO: [ app_begin ] --START--
INFO: Run Behavior\ReadHtmlCacheBehavior [ RunTime:0.000000s ]
INFO: [ app_begin ] --END-- [ RunTime:0.000000s ]
NOTIC: [8] Undefined index: user_info D:\www\fhw\Fanhuawei\Application\Home\Controller\PublicController.class.php 第 78 行.
SQL: SHOW COLUMNS FROM `fhw_shopcar` [ RunTime:0.0090s ]
SQL: SHOW COLUMNS FROM `fhw_shopcar` [ RunTime:0.0090s ]
ERR: 1064:You have an error in your SQL syntax; check the manual that corresponds to your MySQL server version for the right syntax to use near ')' at line 1
 [ SQL语句 ] : SELECT gd.id,gd.image1,gd.intro,gd.price,sc.style,sc.subtotal,sc.num,sc.goodsname FROM fhw_shopcar sc,fhw_goods gd WHERE ( sc.gid=gd.id and sc.uid= ) 
ERR: 1064:You have an error in your SQL syntax; check the manual that corresponds to your MySQL server version for the right syntax to use near ')' at line 1
 [ SQL语句 ] : SELECT gd.id,gd.image1,gd.intro,gd.price,sc.style,sc.subtotal,sc.num,sc.goodsname FROM fhw_shopcar sc,fhw_goods gd WHERE ( sc.gid=gd.id and sc.uid= ) 

[ 2016-06-01T15:46:33+08:00 ] ::1 /fhw/Fanhuawei/index.php/Home/detail/particulars/goods_id/26.html
INFO: [ app_init ] --START--
INFO: Run Behavior\BuildLiteBehavior [ RunTime:0.000000s ]
INFO: [ app_init ] --END-- [ RunTime:0.001000s ]
INFO: [ app_begin ] --START--
INFO: Run Behavior\ReadHtmlCacheBehavior [ RunTime:0.001000s ]
INFO: [ app_begin ] --END-- [ RunTime:0.001000s ]
SQL: SHOW COLUMNS FROM `fhw_goods` [ RunTime:0.0150s ]
ERR: 系统不支持:memcache

[ 2016-06-01T15:46:34+08:00 ] ::1 /fhw/Fanhuawei/index.php/Home/public/header.html
INFO: [ app_init ] --START--
INFO: Run Behavior\BuildLiteBehavior [ RunTime:0.000000s ]
INFO: [ app_init ] --END-- [ RunTime:0.001000s ]
INFO: [ app_begin ] --START--
INFO: Run Behavior\ReadHtmlCacheBehavior [ RunTime:0.001001s ]
INFO: [ app_begin ] --END-- [ RunTime:0.001001s ]
SQL: SHOW COLUMNS FROM `fhw_categorys` [ RunTime:0.0080s ]
SQL: SELECT * FROM `fhw_categorys` WHERE `pid` = 0 ORDER BY id  [ RunTime:0.0010s ]
SQL: SELECT * FROM `fhw_categorys` WHERE `path` LIKE '0-10' LIMIT 3   [ RunTime:0.0000s ]
SQL: SELECT * FROM `fhw_categorys` WHERE `path` LIKE '0-15' LIMIT 3   [ RunTime:0.0010s ]
SQL: SELECT * FROM `fhw_categorys` WHERE `path` LIKE '0-19' LIMIT 3   [ RunTime:0.0010s ]
SQL: SELECT * FROM `fhw_categorys` WHERE `path` LIKE '0-23' LIMIT 3   [ RunTime:0.0010s ]
SQL: SELECT * FROM `fhw_categorys` WHERE `path` LIKE '0-30' LIMIT 3   [ RunTime:0.0010s ]
SQL: SELECT * FROM `fhw_categorys` WHERE `path` LIKE '0-35' LIMIT 3   [ RunTime:0.0000s ]
INFO: [ app_end ] --START--
INFO: Run Behavior\ShowPageTraceBehavior [ RunTime:0.002000s ]
INFO: [ app_end ] --END-- [ RunTime:0.002000s ]

[ 2016-06-01T15:46:35+08:00 ] ::1 /fhw/Fanhuawei/index.php/Home/public/naver.html
INFO: [ app_init ] --START--
INFO: Run Behavior\BuildLiteBehavior [ RunTime:0.000000s ]
INFO: [ app_init ] --END-- [ RunTime:0.000000s ]
INFO: [ app_begin ] --START--
INFO: Run Behavior\ReadHtmlCacheBehavior [ RunTime:0.001000s ]
INFO: [ app_begin ] --END-- [ RunTime:0.001000s ]
SQL: SHOW COLUMNS FROM `fhw_categorys` [ RunTime:0.0090s ]
SQL: SELECT * FROM `fhw_categorys` WHERE `pid` = 0 ORDER BY id  [ RunTime:0.0010s ]
INFO: [ app_end ] --START--
INFO: Run Behavior\ShowPageTraceBehavior [ RunTime:0.002000s ]
INFO: [ app_end ] --END-- [ RunTime:0.002000s ]

[ 2016-06-01T15:46:36+08:00 ] ::1 /fhw/Fanhuawei/index.php/Home/public/links.html
INFO: [ app_init ] --START--
INFO: Run Behavior\BuildLiteBehavior [ RunTime:0.000000s ]
INFO: [ app_init ] --END-- [ RunTime:0.001000s ]
INFO: [ app_begin ] --START--
INFO: Run Behavior\ReadHtmlCacheBehavior [ RunTime:0.001000s ]
INFO: [ app_begin ] --END-- [ RunTime:0.001000s ]
SQL: SHOW COLUMNS FROM `fhw_blogro` [ RunTime:0.0040s ]
SQL: SELECT * FROM `fhw_blogro` WHERE ( state=1 )  [ RunTime:0.0010s ]
INFO: [ app_end ] --START--
INFO: Run Behavior\ShowPageTraceBehavior [ RunTime:0.001000s ]
INFO: [ app_end ] --END-- [ RunTime:0.001000s ]

[ 2016-06-01T15:46:36+08:00 ] ::1 /fhw/Fanhuawei/index.php/Home/public/login.html
INFO: [ app_init ] --START--
INFO: Run Behavior\BuildLiteBehavior [ RunTime:0.000000s ]
INFO: [ app_init ] --END-- [ RunTime:0.001000s ]
INFO: [ app_begin ] --START--
INFO: Run Behavior\ReadHtmlCacheBehavior [ RunTime:0.001000s ]
INFO: [ app_begin ] --END-- [ RunTime:0.001000s ]
NOTIC: [8] Undefined index: user_info D:\www\fhw\Fanhuawei\Application\Home\Controller\PublicController.class.php 第 60 行.
NOTIC: [8] Undefined variable: user_id D:\www\fhw\Fanhuawei\Application\Home\Controller\PublicController.class.php 第 70 行.
NOTIC: [8] Undefined variable: user_name D:\www\fhw\Fanhuawei\Application\Home\Controller\PublicController.class.php 第 71 行.
INFO: [ app_end ] --START--
INFO: Run Behavior\ShowPageTraceBehavior [ RunTime:0.001000s ]
INFO: [ app_end ] --END-- [ RunTime:0.001000s ]

[ 2016-06-01T15:49:22+08:00 ] 127.0.0.1 /fhw/Fanhuawei/index.php/Home/detail/particulars/goods_id/26.html
INFO: [ app_init ] --START--
INFO: Run Behavior\BuildLiteBehavior [ RunTime:0.000000s ]
INFO: [ app_init ] --END-- [ RunTime:0.000000s ]
INFO: [ app_begin ] --START--
INFO: Run Behavior\ReadHtmlCacheBehavior [ RunTime:0.001000s ]
INFO: [ app_begin ] --END-- [ RunTime:0.001000s ]
SQL: SHOW COLUMNS FROM `fhw_goods` [ RunTime:0.0630s ]
ERR: 系统不支持:memcache

[ 2016-06-01T15:56:17+08:00 ] ::1 /fhw/Fanhuawei/index.php/Home/detail/particulars/goods_id/26.html
INFO: [ app_init ] --START--
INFO: Run Behavior\BuildLiteBehavior [ RunTime:0.000000s ]
INFO: [ app_init ] --END-- [ RunTime:0.004000s ]
INFO: [ app_begin ] --START--
INFO: Run Behavior\ReadHtmlCacheBehavior [ RunTime:0.001000s ]
INFO: [ app_begin ] --END-- [ RunTime:0.001000s ]
SQL: SHOW COLUMNS FROM `fhw_goods` [ RunTime:0.0320s ]
SQL: SELECT `id`,`name`,`price`,`intro`,`addtime`,`stock`,`image1`,`editorValue` FROM `fhw_goods` WHERE `id` = 26  [ RunTime:0.0010s ]
SQL: SHOW COLUMNS FROM `fhw_attrvalue` [ RunTime:0.0260s ]
SQL: SELECT * FROM `fhw_attrvalue` WHERE `gid` = 26 AND `attrid` = 1  [ RunTime:0.0010s ]
SQL: SELECT * FROM `fhw_attrvalue` WHERE `gid` = 26 AND `attrid` = 2  [ RunTime:0.0010s ]
SQL: SHOW COLUMNS FROM `fhw_goods` [ RunTime:0.0030s ]
SQL: SELECT `id`,`name`,`cateid`,`intro` FROM `fhw_goods` WHERE `id` = 26  [ RunTime:0.0010s ]
SQL: SHOW COLUMNS FROM `fhw_paraattr` [ RunTime:0.0190s ]
SQL: SELECT `pid` FROM `fhw_paraattr` WHERE `cid` = 17  [ RunTime:0.0000s ]
SQL: SHOW COLUMNS FROM `fhw_paracate` [ RunTime:0.0040s ]
SQL: SELECT * FROM `fhw_paracate` WHERE `id` IN ('1','2','3')  [ RunTime:0.0000s ]
SQL: SELECT `attr` FROM `fhw_paraattr` WHERE `cid` = 17  [ RunTime:0.0010s ]
SQL: SELECT * FROM `fhw_paracate` WHERE `id` IN ('9','10','11','15','16','17','18','27')  [ RunTime:0.0010s ]
SQL: SHOW COLUMNS FROM `fhw_parapart` [ RunTime:0.0050s ]
SQL: SELECT * FROM `fhw_parapart` WHERE `goodsid` = 26  [ RunTime:0.0010s ]
SQL: SELECT `cateid` FROM `fhw_goods` WHERE `id` = 26  [ RunTime:0.0010s ]
SQL: SHOW COLUMNS FROM `fhw_categorys` [ RunTime:0.0050s ]
SQL: SELECT `id`,`catename`,`pid` FROM `fhw_categorys` WHERE ( id=17 )  [ RunTime:0.0000s ]
SQL: SELECT `id`,`catename`,`pid` FROM `fhw_categorys` WHERE ( id=15 )  [ RunTime:0.0000s ]
SQL: SELECT `id`,`catename`,`pid` FROM `fhw_categorys` WHERE `catename` = '手环/手表'  [ RunTime:0.0000s ]
SQL: SELECT * FROM `fhw_categorys` WHERE ( pid=17 )  [ RunTime:0.0000s ]
SQL: SELECT `id`,`name`,`price`,`image1` FROM `fhw_goods` LIMIT 4   [ RunTime:0.0000s ]
SQL: SHOW COLUMNS FROM `fhw_comment` [ RunTime:0.0300s ]
SQL: SELECT fhw_comment.id,`odid`,`uid`,`gid`,`content`,`addtime`,`grade`,`username`,`avatar` FROM `fhw_comment` INNER JOIN fhw_users ON fhw_comment.uid = fhw_users.id  WHERE `gid` = '26' AND `pid` = 0 AND `del` = 1  [ RunTime:0.0290s ]
SQL: SHOW COLUMNS FROM `fhw_commentimg` [ RunTime:0.0280s ]
SQL: SELECT `img`,`gid`,`cid` FROM `fhw_commentimg` WHERE `gid` = 26  [ RunTime:0.0000s ]
SQL: SELECT * FROM `fhw_comment` WHERE `gid` = 26 AND `status` = 2  [ RunTime:0.0000s ]
INFO: [ view_parse ] --START--
INFO: [ template_filter ] --START--
INFO: Run Behavior\ContentReplaceBehavior [ RunTime:0.012000s ]
INFO: [ template_filter ] --END-- [ RunTime:0.013000s ]
NOTIC: [8] Undefined index: val D:\www\fhw\Fanhuawei\Application\Runtime\Cache\Home\d4f47c2eb49470312d544b9f3dc764a1.php 第 411 行.
NOTIC: [8] Undefined index: val D:\www\fhw\Fanhuawei\Application\Runtime\Cache\Home\d4f47c2eb49470312d544b9f3dc764a1.php 第 411 行.
NOTIC: [8] Undefined index: val D:\www\fhw\Fanhuawei\Application\Runtime\Cache\Home\d4f47c2eb49470312d544b9f3dc764a1.php 第 411 行.
NOTIC: [8] Undefined index: val D:\www\fhw\Fanhuawei\Application\Runtime\Cache\Home\d4f47c2eb49470312d544b9f3dc764a1.php 第 411 行.
NOTIC: [8] Undefined index: val D:\www\fhw\Fanhuawei\Application\Runtime\Cache\Home\d4f47c2eb49470312d544b9f3dc764a1.php 第 411 行.
INFO: Run Behavior\ParseTemplateBehavior [ RunTime:0.102006s ]
INFO: [ view_parse ] --END-- [ RunTime:0.102006s ]
INFO: [ view_filter ] --START--
INFO: Run Behavior\WriteHtmlCacheBehavior [ RunTime:0.000000s ]
INFO: [ view_filter ] --END-- [ RunTime:0.000000s ]
INFO: [ app_end ] --START--
INFO: Run Behavior\ShowPageTraceBehavior [ RunTime:0.001000s ]
INFO: [ app_end ] --END-- [ RunTime:0.001000s ]

[ 2016-06-01T15:56:18+08:00 ] ::1 /fhw/Fanhuawei/index.php/Home/public/smallSC.html
INFO: [ app_init ] --START--
INFO: Run Behavior\BuildLiteBehavior [ RunTime:0.000000s ]
INFO: [ app_init ] --END-- [ RunTime:0.001000s ]
INFO: [ app_begin ] --START--
INFO: Run Behavior\ReadHtmlCacheBehavior [ RunTime:0.001000s ]
INFO: [ app_begin ] --END-- [ RunTime:0.001000s ]
NOTIC: [8] Undefined index: user_info D:\www\fhw\Fanhuawei\Application\Home\Controller\PublicController.class.php 第 78 行.
SQL: SHOW COLUMNS FROM `fhw_shopcar` [ RunTime:0.0350s ]
SQL: SHOW COLUMNS FROM `fhw_shopcar` [ RunTime:0.0030s ]
ERR: 1064:You have an error in your SQL syntax; check the manual that corresponds to your MySQL server version for the right syntax to use near ')' at line 1
 [ SQL语句 ] : SELECT gd.id,gd.image1,gd.intro,gd.price,sc.style,sc.subtotal,sc.num,sc.goodsname FROM fhw_shopcar sc,fhw_goods gd WHERE ( sc.gid=gd.id and sc.uid= ) 
ERR: 1064:You have an error in your SQL syntax; check the manual that corresponds to your MySQL server version for the right syntax to use near ')' at line 1
 [ SQL语句 ] : SELECT gd.id,gd.image1,gd.intro,gd.price,sc.style,sc.subtotal,sc.num,sc.goodsname FROM fhw_shopcar sc,fhw_goods gd WHERE ( sc.gid=gd.id and sc.uid= ) 

[ 2016-06-01T15:56:18+08:00 ] ::1 /fhw/Fanhuawei/index.php/Home/public/login.html
INFO: [ app_init ] --START--
INFO: Run Behavior\BuildLiteBehavior [ RunTime:0.000000s ]
INFO: [ app_init ] --END-- [ RunTime:0.000000s ]
INFO: [ app_begin ] --START--
INFO: Run Behavior\ReadHtmlCacheBehavior [ RunTime:0.001000s ]
INFO: [ app_begin ] --END-- [ RunTime:0.001000s ]
NOTIC: [8] Undefined index: user_info D:\www\fhw\Fanhuawei\Application\Home\Controller\PublicController.class.php 第 60 行.
NOTIC: [8] Undefined variable: user_id D:\www\fhw\Fanhuawei\Application\Home\Controller\PublicController.class.php 第 70 行.
NOTIC: [8] Undefined variable: user_name D:\www\fhw\Fanhuawei\Application\Home\Controller\PublicController.class.php 第 71 行.
INFO: [ app_end ] --START--
INFO: Run Behavior\ShowPageTraceBehavior [ RunTime:0.001000s ]
INFO: [ app_end ] --END-- [ RunTime:0.001000s ]

[ 2016-06-01T15:56:20+08:00 ] ::1 /fhw/Fanhuawei/index.php/Home/public/header.html
INFO: [ app_init ] --START--
INFO: Run Behavior\BuildLiteBehavior [ RunTime:0.000000s ]
INFO: [ app_init ] --END-- [ RunTime:0.001000s ]
INFO: [ app_begin ] --START--
INFO: Run Behavior\ReadHtmlCacheBehavior [ RunTime:0.001000s ]
INFO: [ app_begin ] --END-- [ RunTime:0.001000s ]
SQL: SHOW COLUMNS FROM `fhw_categorys` [ RunTime:0.0040s ]
SQL: SELECT * FROM `fhw_categorys` WHERE `pid` = 0 ORDER BY id  [ RunTime:0.0010s ]
SQL: SELECT * FROM `fhw_categorys` WHERE `path` LIKE '0-10' LIMIT 3   [ RunTime:0.0010s ]
SQL: SELECT * FROM `fhw_categorys` WHERE `path` LIKE '0-15' LIMIT 3   [ RunTime:0.0000s ]
SQL: SELECT * FROM `fhw_categorys` WHERE `path` LIKE '0-19' LIMIT 3   [ RunTime:0.0010s ]
SQL: SELECT * FROM `fhw_categorys` WHERE `path` LIKE '0-23' LIMIT 3   [ RunTime:0.0000s ]
SQL: SELECT * FROM `fhw_categorys` WHERE `path` LIKE '0-30' LIMIT 3   [ RunTime:0.0010s ]
SQL: SELECT * FROM `fhw_categorys` WHERE `path` LIKE '0-35' LIMIT 3   [ RunTime:0.0000s ]
INFO: [ app_end ] --START--
INFO: Run Behavior\ShowPageTraceBehavior [ RunTime:0.001000s ]
INFO: [ app_end ] --END-- [ RunTime:0.001000s ]

[ 2016-06-01T15:56:21+08:00 ] ::1 /fhw/Fanhuawei/index.php/Home/public/naver.html
INFO: [ app_init ] --START--
INFO: Run Behavior\BuildLiteBehavior [ RunTime:0.000000s ]
INFO: [ app_init ] --END-- [ RunTime:0.002000s ]
INFO: [ app_begin ] --START--
INFO: Run Behavior\ReadHtmlCacheBehavior [ RunTime:0.002000s ]
INFO: [ app_begin ] --END-- [ RunTime:0.002000s ]
SQL: SHOW COLUMNS FROM `fhw_categorys` [ RunTime:0.0090s ]
SQL: SELECT * FROM `fhw_categorys` WHERE `pid` = 0 ORDER BY id  [ RunTime:0.0010s ]
INFO: [ app_end ] --START--
INFO: Run Behavior\ShowPageTraceBehavior [ RunTime:0.001000s ]
INFO: [ app_end ] --END-- [ RunTime:0.001000s ]

[ 2016-06-01T15:56:22+08:00 ] ::1 /fhw/Fanhuawei/index.php/Home/public/links.html
INFO: [ app_init ] --START--
INFO: Run Behavior\BuildLiteBehavior [ RunTime:0.000000s ]
INFO: [ app_init ] --END-- [ RunTime:0.001000s ]
INFO: [ app_begin ] --START--
INFO: Run Behavior\ReadHtmlCacheBehavior [ RunTime:0.000000s ]
INFO: [ app_begin ] --END-- [ RunTime:0.001000s ]
SQL: SHOW COLUMNS FROM `fhw_blogro` [ RunTime:0.0240s ]
SQL: SELECT * FROM `fhw_blogro` WHERE ( state=1 )  [ RunTime:0.0010s ]
INFO: [ app_end ] --START--
INFO: Run Behavior\ShowPageTraceBehavior [ RunTime:0.002000s ]
INFO: [ app_end ] --END-- [ RunTime:0.002000s ]

[ 2016-06-01T16:19:53+08:00 ] ::1 /fhw/Fanhuawei/index.php/Home/detail/particulars/goods_id/26.html
INFO: [ app_init ] --START--
INFO: Run Behavior\BuildLiteBehavior [ RunTime:0.000000s ]
INFO: [ app_init ] --END-- [ RunTime:0.000000s ]
INFO: [ app_begin ] --START--
INFO: Run Behavior\ReadHtmlCacheBehavior [ RunTime:0.001001s ]
INFO: [ app_begin ] --END-- [ RunTime:0.001001s ]
SQL: SHOW COLUMNS FROM `fhw_goods` [ RunTime:0.0040s ]
SQL: SHOW COLUMNS FROM `fhw_goods` [ RunTime:0.0030s ]
SQL: SELECT `id`,`name`,`cateid`,`intro` FROM `fhw_goods` WHERE `id` = 26  [ RunTime:0.0010s ]
SQL: SHOW COLUMNS FROM `fhw_paraattr` [ RunTime:0.0040s ]
SQL: SELECT `pid` FROM `fhw_paraattr` WHERE `cid` = 17  [ RunTime:0.0000s ]
SQL: SHOW COLUMNS FROM `fhw_paracate` [ RunTime:0.0030s ]
SQL: SELECT * FROM `fhw_paracate` WHERE `id` IN ('1','2','3')  [ RunTime:0.0000s ]
SQL: SELECT `attr` FROM `fhw_paraattr` WHERE `cid` = 17  [ RunTime:0.0000s ]
SQL: SELECT * FROM `fhw_paracate` WHERE `id` IN ('9','10','11','15','16','17','18','27')  [ RunTime:0.0000s ]
SQL: SHOW COLUMNS FROM `fhw_parapart` [ RunTime:0.0030s ]
SQL: SELECT * FROM `fhw_parapart` WHERE `goodsid` = 26  [ RunTime:0.0000s ]
SQL: SELECT `cateid` FROM `fhw_goods` WHERE `id` = 26  [ RunTime:0.0000s ]
SQL: SHOW COLUMNS FROM `fhw_categorys` [ RunTime:0.0030s ]
SQL: SELECT `id`,`catename`,`pid` FROM `fhw_categorys` WHERE ( id=17 )  [ RunTime:0.0010s ]
SQL: SELECT `id`,`catename`,`pid` FROM `fhw_categorys` WHERE ( id=15 )  [ RunTime:0.0000s ]
SQL: SELECT `id`,`catename`,`pid` FROM `fhw_categorys` WHERE `catename` = '手环/手表'  [ RunTime:0.0000s ]
SQL: SELECT * FROM `fhw_categorys` WHERE ( pid=17 )  [ RunTime:0.0000s ]
SQL: SHOW COLUMNS FROM `fhw_comment` [ RunTime:0.0030s ]
SQL: SELECT fhw_comment.id,`odid`,`uid`,`gid`,`content`,`addtime`,`grade`,`username`,`avatar` FROM `fhw_comment` INNER JOIN fhw_users ON fhw_comment.uid = fhw_users.id  WHERE `gid` = '26' AND `pid` = 0 AND `del` = 1  [ RunTime:0.0000s ]
SQL: SHOW COLUMNS FROM `fhw_commentimg` [ RunTime:0.0030s ]
SQL: SELECT `img`,`gid`,`cid` FROM `fhw_commentimg` WHERE `gid` = 26  [ RunTime:0.0000s ]
SQL: SELECT * FROM `fhw_comment` WHERE `gid` = 26 AND `status` = 2  [ RunTime:0.0000s ]
INFO: [ view_parse ] --START--
INFO: [ template_filter ] --START--
INFO: Run Behavior\ContentReplaceBehavior [ RunTime:0.001000s ]
INFO: [ template_filter ] --END-- [ RunTime:0.001000s ]
NOTIC: [8] Undefined index: val D:\www\fhw\Fanhuawei\Application\Runtime\Cache\Home\d4f47c2eb49470312d544b9f3dc764a1.php 第 411 行.
NOTIC: [8] Undefined index: val D:\www\fhw\Fanhuawei\Application\Runtime\Cache\Home\d4f47c2eb49470312d544b9f3dc764a1.php 第 411 行.
NOTIC: [8] Undefined index: val D:\www\fhw\Fanhuawei\Application\Runtime\Cache\Home\d4f47c2eb49470312d544b9f3dc764a1.php 第 411 行.
NOTIC: [8] Undefined index: val D:\www\fhw\Fanhuawei\Application\Runtime\Cache\Home\d4f47c2eb49470312d544b9f3dc764a1.php 第 411 行.
NOTIC: [8] Undefined index: val D:\www\fhw\Fanhuawei\Application\Runtime\Cache\Home\d4f47c2eb49470312d544b9f3dc764a1.php 第 411 行.
INFO: Run Behavior\ParseTemplateBehavior [ RunTime:0.051003s ]
INFO: [ view_parse ] --END-- [ RunTime:0.051003s ]
INFO: [ view_filter ] --START--
INFO: Run Behavior\WriteHtmlCacheBehavior [ RunTime:0.000000s ]
INFO: [ view_filter ] --END-- [ RunTime:0.000000s ]
INFO: [ app_end ] --START--
INFO: Run Behavior\ShowPageTraceBehavior [ RunTime:0.000000s ]
INFO: [ app_end ] --END-- [ RunTime:0.001000s ]

[ 2016-06-01T16:19:59+08:00 ] ::1 /fhw/Fanhuawei/index.php/Home/public/smallSC.html
INFO: [ app_init ] --START--
INFO: Run Behavior\BuildLiteBehavior [ RunTime:0.000000s ]
INFO: [ app_init ] --END-- [ RunTime:0.001000s ]
INFO: [ app_begin ] --START--
INFO: Run Behavior\ReadHtmlCacheBehavior [ RunTime:0.001000s ]
INFO: [ app_begin ] --END-- [ RunTime:0.001000s ]
NOTIC: [8] Undefined index: user_info D:\www\fhw\Fanhuawei\Application\Home\Controller\PublicController.class.php 第 78 行.
SQL: SHOW COLUMNS FROM `fhw_shopcar` [ RunTime:0.0070s ]
SQL: SHOW COLUMNS FROM `fhw_shopcar` [ RunTime:0.0030s ]
ERR: 1064:You have an error in your SQL syntax; check the manual that corresponds to your MySQL server version for the right syntax to use near ')' at line 1
 [ SQL语句 ] : SELECT gd.id,gd.image1,gd.intro,gd.price,sc.style,sc.subtotal,sc.num,sc.goodsname FROM fhw_shopcar sc,fhw_goods gd WHERE ( sc.gid=gd.id and sc.uid= ) 
ERR: 1064:You have an error in your SQL syntax; check the manual that corresponds to your MySQL server version for the right syntax to use near ')' at line 1
 [ SQL语句 ] : SELECT gd.id,gd.image1,gd.intro,gd.price,sc.style,sc.subtotal,sc.num,sc.goodsname FROM fhw_shopcar sc,fhw_goods gd WHERE ( sc.gid=gd.id and sc.uid= ) 

[ 2016-06-01T16:20:00+08:00 ] ::1 /fhw/Fanhuawei/index.php/Home/public/links.html
INFO: [ app_init ] --START--
INFO: Run Behavior\BuildLiteBehavior [ RunTime:0.000000s ]
INFO: [ app_init ] --END-- [ RunTime:0.001000s ]
INFO: [ app_begin ] --START--
INFO: Run Behavior\ReadHtmlCacheBehavior [ RunTime:0.001000s ]
INFO: [ app_begin ] --END-- [ RunTime:0.001000s ]
SQL: SHOW COLUMNS FROM `fhw_blogro` [ RunTime:0.0940s ]
SQL: SELECT * FROM `fhw_blogro` WHERE ( state=1 )  [ RunTime:0.0010s ]
INFO: [ app_end ] --START--
INFO: Run Behavior\ShowPageTraceBehavior [ RunTime:0.001000s ]
INFO: [ app_end ] --END-- [ RunTime:0.001000s ]

[ 2016-06-01T16:20:01+08:00 ] ::1 /fhw/Fanhuawei/index.php/Home/public/header.html
INFO: [ app_init ] --START--
INFO: Run Behavior\BuildLiteBehavior [ RunTime:0.000000s ]
INFO: [ app_init ] --END-- [ RunTime:0.001000s ]
INFO: [ app_begin ] --START--
INFO: Run Behavior\ReadHtmlCacheBehavior [ RunTime:0.003000s ]
INFO: [ app_begin ] --END-- [ RunTime:0.003000s ]
SQL: SHOW COLUMNS FROM `fhw_categorys` [ RunTime:0.0040s ]
SQL: SELECT * FROM `fhw_categorys` WHERE `pid` = 0 ORDER BY id  [ RunTime:0.0000s ]
SQL: SELECT * FROM `fhw_categorys` WHERE `path` LIKE '0-10' LIMIT 3   [ RunTime:0.0020s ]
SQL: SELECT * FROM `fhw_categorys` WHERE `path` LIKE '0-15' LIMIT 3   [ RunTime:0.0000s ]
SQL: SELECT * FROM `fhw_categorys` WHERE `path` LIKE '0-19' LIMIT 3   [ RunTime:0.0000s ]
SQL: SELECT * FROM `fhw_categorys` WHERE `path` LIKE '0-23' LIMIT 3   [ RunTime:0.0000s ]
SQL: SELECT * FROM `fhw_categorys` WHERE `path` LIKE '0-30' LIMIT 3   [ RunTime:0.0020s ]
SQL: SELECT * FROM `fhw_categorys` WHERE `path` LIKE '0-35' LIMIT 3   [ RunTime:0.0010s ]
INFO: [ app_end ] --START--
INFO: Run Behavior\ShowPageTraceBehavior [ RunTime:0.001000s ]
INFO: [ app_end ] --END-- [ RunTime:0.001000s ]

[ 2016-06-01T16:20:01+08:00 ] ::1 /fhw/Fanhuawei/index.php/Home/public/login.html
INFO: [ app_init ] --START--
INFO: Run Behavior\BuildLiteBehavior [ RunTime:0.000000s ]
INFO: [ app_init ] --END-- [ RunTime:0.001000s ]
INFO: [ app_begin ] --START--
INFO: Run Behavior\ReadHtmlCacheBehavior [ RunTime:0.001000s ]
INFO: [ app_begin ] --END-- [ RunTime:0.001000s ]
NOTIC: [8] Undefined index: user_info D:\www\fhw\Fanhuawei\Application\Home\Controller\PublicController.class.php 第 60 行.
NOTIC: [8] Undefined variable: user_id D:\www\fhw\Fanhuawei\Application\Home\Controller\PublicController.class.php 第 70 行.
NOTIC: [8] Undefined variable: user_name D:\www\fhw\Fanhuawei\Application\Home\Controller\PublicController.class.php 第 71 行.
INFO: [ app_end ] --START--
INFO: Run Behavior\ShowPageTraceBehavior [ RunTime:0.001000s ]
INFO: [ app_end ] --END-- [ RunTime:0.001000s ]

[ 2016-06-01T16:20:02+08:00 ] ::1 /fhw/Fanhuawei/index.php/Home/public/naver.html
INFO: [ app_init ] --START--
INFO: Run Behavior\BuildLiteBehavior [ RunTime:0.000000s ]
INFO: [ app_init ] --END-- [ RunTime:0.000000s ]
INFO: [ app_begin ] --START--
INFO: Run Behavior\ReadHtmlCacheBehavior [ RunTime:0.001001s ]
INFO: [ app_begin ] --END-- [ RunTime:0.001001s ]
SQL: SHOW COLUMNS FROM `fhw_categorys` [ RunTime:0.0040s ]
SQL: SELECT * FROM `fhw_categorys` WHERE `pid` = 0 ORDER BY id  [ RunTime:0.0010s ]
INFO: [ app_end ] --START--
INFO: Run Behavior\ShowPageTraceBehavior [ RunTime:0.001001s ]
INFO: [ app_end ] --END-- [ RunTime:0.001001s ]

[ 2016-06-01T19:31:02+08:00 ] ::1 /fhw/Fanhuawei/
INFO: [ app_init ] --START--
INFO: Run Behavior\BuildLiteBehavior [ RunTime:0.000000s ]
INFO: [ app_init ] --END-- [ RunTime:0.001000s ]
INFO: [ app_begin ] --START--
INFO: Run Behavior\ReadHtmlCacheBehavior [ RunTime:0.001000s ]
INFO: [ app_begin ] --END-- [ RunTime:0.001000s ]
SQL: SHOW COLUMNS FROM `fhw_goods` [ RunTime:0.0340s ]
SQL: SELECT * FROM `fhw_goods` LIMIT 4   [ RunTime:0.0020s ]
SQL: SHOW COLUMNS FROM `fhw_categorys` [ RunTime:0.0080s ]
SQL: SELECT `id` FROM `fhw_categorys` WHERE ( pid=10 )  [ RunTime:0.0010s ]
NOTIC: [8] Undefined variable: pid D:\www\fhw\Fanhuawei\Application\Home\Controller\IndexController.class.php 第 15 行.
SQL: SELECT * FROM `fhw_goods` WHERE ( cateid in (11,12,13) ) LIMIT 2,6   [ RunTime:0.0020s ]
SQL: SELECT * FROM `fhw_goods` WHERE ( cateid in (11,12,13) ) LIMIT 1   [ RunTime:0.0000s ]
SQL: SELECT `id` FROM `fhw_categorys` WHERE ( pid=15 )  [ RunTime:0.0000s ]
NOTIC: [8] Undefined variable: pdid D:\www\fhw\Fanhuawei\Application\Home\Controller\IndexController.class.php 第 27 行.
SQL: SELECT * FROM `fhw_goods` WHERE ( cateid in (16,17) ) LIMIT 2,6   [ RunTime:0.0010s ]
SQL: SELECT * FROM `fhw_goods` WHERE ( cateid in (16,17) ) LIMIT 1   [ RunTime:0.0000s ]
SQL: SELECT `id` FROM `fhw_categorys` WHERE ( pid=19 )  [ RunTime:0.0000s ]
NOTIC: [8] Undefined variable: jjid D:\www\fhw\Fanhuawei\Application\Home\Controller\IndexController.class.php 第 40 行.
SQL: SELECT * FROM `fhw_goods` WHERE ( cateid in (20,21,22) ) LIMIT 2,6   [ RunTime:0.0010s ]
SQL: SELECT * FROM `fhw_goods` WHERE ( cateid in (20,21,22) ) LIMIT 1   [ RunTime:0.0010s ]
SQL: SELECT `id` FROM `fhw_categorys` WHERE ( pid=23 )  [ RunTime:0.0000s ]
NOTIC: [8] Undefined variable: pjid D:\www\fhw\Fanhuawei\Application\Home\Controller\IndexController.class.php 第 52 行.
SQL: SELECT * FROM `fhw_goods` WHERE ( cateid in (24,26,27) ) LIMIT 2,6   [ RunTime:0.0000s ]
SQL: SELECT * FROM `fhw_goods` WHERE ( cateid in (24,26,27) ) LIMIT 1   [ RunTime:0.0000s ]
SQL: SHOW COLUMNS FROM `fhw_article` [ RunTime:0.0390s ]
SQL: SELECT * FROM `fhw_article` LIMIT 0,5   [ RunTime:0.0090s ]
SQL: SELECT * FROM `fhw_article` LIMIT 6,5   [ RunTime:0.0030s ]
INFO: [ view_parse ] --START--
INFO: [ template_filter ] --START--
INFO: Run Behavior\ContentReplaceBehavior [ RunTime:0.000000s ]
INFO: [ template_filter ] --END-- [ RunTime:0.000000s ]
NOTIC: [8] Use of undefined constant id - assumed 'id' D:\www\fhw\Fanhuawei\Application\Runtime\Cache\Home\2a94b8bda04ff446dcedd42276fc99ee.php 第 416 行.
NOTIC: [8] Use of undefined constant id - assumed 'id' D:\www\fhw\Fanhuawei\Application\Runtime\Cache\Home\2a94b8bda04ff446dcedd42276fc99ee.php 第 416 行.
NOTIC: [8] Use of undefined constant id - assumed 'id' D:\www\fhw\Fanhuawei\Application\Runtime\Cache\Home\2a94b8bda04ff446dcedd42276fc99ee.php 第 416 行.
NOTIC: [8] Use of undefined constant id - assumed 'id' D:\www\fhw\Fanhuawei\Application\Runtime\Cache\Home\2a94b8bda04ff446dcedd42276fc99ee.php 第 416 行.
NOTIC: [8] Use of undefined constant id - assumed 'id' D:\www\fhw\Fanhuawei\Application\Runtime\Cache\Home\2a94b8bda04ff446dcedd42276fc99ee.php 第 416 行.
NOTIC: [8] Use of undefined constant id - assumed 'id' D:\www\fhw\Fanhuawei\Application\Runtime\Cache\Home\2a94b8bda04ff446dcedd42276fc99ee.php 第 419 行.
NOTIC: [8] Use of undefined constant id - assumed 'id' D:\www\fhw\Fanhuawei\Application\Runtime\Cache\Home\2a94b8bda04ff446dcedd42276fc99ee.php 第 419 行.
NOTIC: [8] Use of undefined constant id - assumed 'id' D:\www\fhw\Fanhuawei\Application\Runtime\Cache\Home\2a94b8bda04ff446dcedd42276fc99ee.php 第 419 行.
NOTIC: [8] Use of undefined constant id - assumed 'id' D:\www\fhw\Fanhuawei\Application\Runtime\Cache\Home\2a94b8bda04ff446dcedd42276fc99ee.php 第 419 行.
NOTIC: [8] Use of undefined constant id - assumed 'id' D:\www\fhw\Fanhuawei\Application\Runtime\Cache\Home\2a94b8bda04ff446dcedd42276fc99ee.php 第 419 行.
NOTIC: [8] Undefined index: id D:\www\fhw\Fanhuawei\Application\Runtime\Cache\Home\2a94b8bda04ff446dcedd42276fc99ee.php 第 456 行.
INFO: Run Behavior\ParseTemplateBehavior [ RunTime:0.036002s ]
INFO: [ view_parse ] --END-- [ RunTime:0.036002s ]
INFO: [ view_filter ] --START--
INFO: Run Behavior\WriteHtmlCacheBehavior [ RunTime:0.001000s ]
INFO: [ view_filter ] --END-- [ RunTime:0.001000s ]
INFO: [ app_end ] --START--
INFO: Run Behavior\ShowPageTraceBehavior [ RunTime:0.001000s ]
INFO: [ app_end ] --END-- [ RunTime:0.001000s ]

[ 2016-06-01T19:31:03+08:00 ] ::1 /fhw/Fanhuawei/index.php/Home/public/smallSC.html
INFO: [ app_init ] --START--
INFO: Run Behavior\BuildLiteBehavior [ RunTime:0.001000s ]
INFO: [ app_init ] --END-- [ RunTime:0.001000s ]
INFO: [ app_begin ] --START--
INFO: Run Behavior\ReadHtmlCacheBehavior [ RunTime:0.001000s ]
INFO: [ app_begin ] --END-- [ RunTime:0.001000s ]
NOTIC: [8] Undefined index: user_info D:\www\fhw\Fanhuawei\Application\Home\Controller\PublicController.class.php 第 78 行.
SQL: SHOW COLUMNS FROM `fhw_shopcar` [ RunTime:0.0160s ]
SQL: SHOW COLUMNS FROM `fhw_shopcar` [ RunTime:0.0200s ]
ERR: 1064:You have an error in your SQL syntax; check the manual that corresponds to your MySQL server version for the right syntax to use near ')' at line 1
 [ SQL语句 ] : SELECT gd.id,gd.image1,gd.intro,gd.price,sc.style,sc.subtotal,sc.num,sc.goodsname FROM fhw_shopcar sc,fhw_goods gd WHERE ( sc.gid=gd.id and sc.uid= ) 
ERR: 1064:You have an error in your SQL syntax; check the manual that corresponds to your MySQL server version for the right syntax to use near ')' at line 1
 [ SQL语句 ] : SELECT gd.id,gd.image1,gd.intro,gd.price,sc.style,sc.subtotal,sc.num,sc.goodsname FROM fhw_shopcar sc,fhw_goods gd WHERE ( sc.gid=gd.id and sc.uid= ) 

[ 2016-06-01T19:31:04+08:00 ] ::1 /fhw/Fanhuawei/index.php/Home/public/naver.html
INFO: [ app_init ] --START--
INFO: Run Behavior\BuildLiteBehavior [ RunTime:0.000000s ]
INFO: [ app_init ] --END-- [ RunTime:0.000000s ]
INFO: [ app_begin ] --START--
INFO: Run Behavior\ReadHtmlCacheBehavior [ RunTime:0.000000s ]
INFO: [ app_begin ] --END-- [ RunTime:0.000000s ]
SQL: SHOW COLUMNS FROM `fhw_categorys` [ RunTime:0.0090s ]
SQL: SELECT * FROM `fhw_categorys` WHERE `pid` = 0 ORDER BY id  [ RunTime:0.0010s ]
INFO: [ app_end ] --START--
INFO: Run Behavior\ShowPageTraceBehavior [ RunTime:0.002000s ]
INFO: [ app_end ] --END-- [ RunTime:0.002000s ]

[ 2016-06-01T19:31:05+08:00 ] ::1 /fhw/Fanhuawei/index.php/Home/public/header.html
INFO: [ app_init ] --START--
INFO: Run Behavior\BuildLiteBehavior [ RunTime:0.000000s ]
INFO: [ app_init ] --END-- [ RunTime:0.000000s ]
INFO: [ app_begin ] --START--
INFO: Run Behavior\ReadHtmlCacheBehavior [ RunTime:0.001000s ]
INFO: [ app_begin ] --END-- [ RunTime:0.001000s ]
SQL: SHOW COLUMNS FROM `fhw_categorys` [ RunTime:0.0030s ]
SQL: SELECT * FROM `fhw_categorys` WHERE `pid` = 0 ORDER BY id  [ RunTime:0.0000s ]
SQL: SELECT * FROM `fhw_categorys` WHERE `path` LIKE '0-10' LIMIT 3   [ RunTime:0.0000s ]
SQL: SELECT * FROM `fhw_categorys` WHERE `path` LIKE '0-15' LIMIT 3   [ RunTime:0.0000s ]
SQL: SELECT * FROM `fhw_categorys` WHERE `path` LIKE '0-19' LIMIT 3   [ RunTime:0.0010s ]
SQL: SELECT * FROM `fhw_categorys` WHERE `path` LIKE '0-23' LIMIT 3   [ RunTime:0.0000s ]
SQL: SELECT * FROM `fhw_categorys` WHERE `path` LIKE '0-30' LIMIT 3   [ RunTime:0.0000s ]
SQL: SELECT * FROM `fhw_categorys` WHERE `path` LIKE '0-35' LIMIT 3   [ RunTime:0.0010s ]
INFO: [ app_end ] --START--
INFO: Run Behavior\ShowPageTraceBehavior [ RunTime:0.001000s ]
INFO: [ app_end ] --END-- [ RunTime:0.001000s ]

[ 2016-06-01T19:31:06+08:00 ] ::1 /fhw/Fanhuawei/index.php/Home/public/links.html
INFO: [ app_init ] --START--
INFO: Run Behavior\BuildLiteBehavior [ RunTime:0.000000s ]
INFO: [ app_init ] --END-- [ RunTime:0.001000s ]
INFO: [ app_begin ] --START--
INFO: Run Behavior\ReadHtmlCacheBehavior [ RunTime:0.000000s ]
INFO: [ app_begin ] --END-- [ RunTime:0.000000s ]
SQL: SHOW COLUMNS FROM `fhw_blogro` [ RunTime:0.0210s ]
SQL: SELECT * FROM `fhw_blogro` WHERE ( state=1 )  [ RunTime:0.0010s ]
INFO: [ app_end ] --START--
INFO: Run Behavior\ShowPageTraceBehavior [ RunTime:0.002000s ]
INFO: [ app_end ] --END-- [ RunTime:0.002000s ]

[ 2016-06-01T19:31:06+08:00 ] ::1 /fhw/Fanhuawei/index.php/Home/public/login.html
INFO: [ app_init ] --START--
INFO: Run Behavior\BuildLiteBehavior [ RunTime:0.000000s ]
INFO: [ app_init ] --END-- [ RunTime:0.000000s ]
INFO: [ app_begin ] --START--
INFO: Run Behavior\ReadHtmlCacheBehavior [ RunTime:0.000000s ]
INFO: [ app_begin ] --END-- [ RunTime:0.000000s ]
NOTIC: [8] Undefined index: user_info D:\www\fhw\Fanhuawei\Application\Home\Controller\PublicController.class.php 第 60 行.
NOTIC: [8] Undefined variable: user_id D:\www\fhw\Fanhuawei\Application\Home\Controller\PublicController.class.php 第 70 行.
NOTIC: [8] Undefined variable: user_name D:\www\fhw\Fanhuawei\Application\Home\Controller\PublicController.class.php 第 71 行.
INFO: [ app_end ] --START--
INFO: Run Behavior\ShowPageTraceBehavior [ RunTime:0.001000s ]
INFO: [ app_end ] --END-- [ RunTime:0.001000s ]

[ 2016-06-01T19:31:07+08:00 ] ::1 /fhw/Fanhuawei/index.php/Home/catelist/catelist/cid/15.html
INFO: [ app_init ] --START--
INFO: Run Behavior\BuildLiteBehavior [ RunTime:0.000000s ]
INFO: [ app_init ] --END-- [ RunTime:0.001000s ]
INFO: [ app_begin ] --START--
INFO: Run Behavior\ReadHtmlCacheBehavior [ RunTime:0.000000s ]
INFO: [ app_begin ] --END-- [ RunTime:0.001000s ]
SQL: SHOW COLUMNS FROM `fhw_categorys` [ RunTime:0.0090s ]
SQL: SELECT * FROM `fhw_categorys` WHERE ( id=15 )  [ RunTime:0.0000s ]
SQL: SELECT * FROM `fhw_categorys` WHERE ( pid=15 ) ORDER BY id asc  [ RunTime:0.0000s ]
SQL: SHOW COLUMNS FROM `fhw_goods` [ RunTime:0.0060s ]
SQL: SELECT * FROM `fhw_goods` WHERE `cateid` IN ('16','17') ORDER BY id asc  [ RunTime:0.0010s ]
INFO: [ view_parse ] --START--
INFO: [ template_filter ] --START--
INFO: Run Behavior\ContentReplaceBehavior [ RunTime:0.000000s ]
INFO: [ template_filter ] --END-- [ RunTime:0.000000s ]
INFO: Run Behavior\ParseTemplateBehavior [ RunTime:0.035002s ]
INFO: [ view_parse ] --END-- [ RunTime:0.035002s ]
INFO: [ view_filter ] --START--
INFO: Run Behavior\WriteHtmlCacheBehavior [ RunTime:0.000000s ]
INFO: [ view_filter ] --END-- [ RunTime:0.000000s ]
INFO: [ app_end ] --START--
INFO: Run Behavior\ShowPageTraceBehavior [ RunTime:0.000000s ]
INFO: [ app_end ] --END-- [ RunTime:0.000000s ]

[ 2016-06-01T19:31:08+08:00 ] ::1 /fhw/Fanhuawei/index.php/Home/catelist/catelist/cid/15.html
INFO: [ app_init ] --START--
INFO: Run Behavior\BuildLiteBehavior [ RunTime:0.000000s ]
INFO: [ app_init ] --END-- [ RunTime:0.001000s ]
INFO: [ app_begin ] --START--
INFO: Run Behavior\ReadHtmlCacheBehavior [ RunTime:0.001000s ]
INFO: [ app_begin ] --END-- [ RunTime:0.001000s ]
SQL: SHOW COLUMNS FROM `fhw_categorys` [ RunTime:0.0090s ]
SQL: SELECT * FROM `fhw_categorys` WHERE ( id=15 )  [ RunTime:0.0000s ]
SQL: SELECT * FROM `fhw_categorys` WHERE ( pid=15 ) ORDER BY id asc  [ RunTime:0.0010s ]
SQL: SHOW COLUMNS FROM `fhw_goods` [ RunTime:0.0050s ]
SQL: SELECT * FROM `fhw_goods` WHERE `cateid` IN ('16','17') ORDER BY id asc  [ RunTime:0.0020s ]
INFO: [ view_parse ] --START--
INFO: [ template_filter ] --START--
INFO: Run Behavior\ContentReplaceBehavior [ RunTime:0.000000s ]
INFO: [ template_filter ] --END-- [ RunTime:0.000000s ]
INFO: Run Behavior\ParseTemplateBehavior [ RunTime:0.034001s ]
INFO: [ view_parse ] --END-- [ RunTime:0.035002s ]
INFO: [ view_filter ] --START--
INFO: Run Behavior\WriteHtmlCacheBehavior [ RunTime:0.000000s ]
INFO: [ view_filter ] --END-- [ RunTime:0.000000s ]
INFO: [ app_end ] --START--
INFO: Run Behavior\ShowPageTraceBehavior [ RunTime:0.001000s ]
INFO: [ app_end ] --END-- [ RunTime:0.001000s ]

[ 2016-06-01T19:31:09+08:00 ] ::1 /fhw/Fanhuawei/index.php/Home/public/smallSC.html
INFO: [ app_init ] --START--
INFO: Run Behavior\BuildLiteBehavior [ RunTime:0.000000s ]
INFO: [ app_init ] --END-- [ RunTime:0.001000s ]
INFO: [ app_begin ] --START--
INFO: Run Behavior\ReadHtmlCacheBehavior [ RunTime:0.001000s ]
INFO: [ app_begin ] --END-- [ RunTime:0.001000s ]
NOTIC: [8] Undefined index: user_info D:\www\fhw\Fanhuawei\Application\Home\Controller\PublicController.class.php 第 78 行.
SQL: SHOW COLUMNS FROM `fhw_shopcar` [ RunTime:0.0100s ]
SQL: SHOW COLUMNS FROM `fhw_shopcar` [ RunTime:0.0080s ]
ERR: 1064:You have an error in your SQL syntax; check the manual that corresponds to your MySQL server version for the right syntax to use near ')' at line 1
 [ SQL语句 ] : SELECT gd.id,gd.image1,gd.intro,gd.price,sc.style,sc.subtotal,sc.num,sc.goodsname FROM fhw_shopcar sc,fhw_goods gd WHERE ( sc.gid=gd.id and sc.uid= ) 
ERR: 1064:You have an error in your SQL syntax; check the manual that corresponds to your MySQL server version for the right syntax to use near ')' at line 1
 [ SQL语句 ] : SELECT gd.id,gd.image1,gd.intro,gd.price,sc.style,sc.subtotal,sc.num,sc.goodsname FROM fhw_shopcar sc,fhw_goods gd WHERE ( sc.gid=gd.id and sc.uid= ) 

[ 2016-06-01T19:31:11+08:00 ] ::1 /fhw/Fanhuawei/index.php/Home/public/header.html
INFO: [ app_init ] --START--
INFO: Run Behavior\BuildLiteBehavior [ RunTime:0.000000s ]
INFO: [ app_init ] --END-- [ RunTime:0.001000s ]
INFO: [ app_begin ] --START--
INFO: Run Behavior\ReadHtmlCacheBehavior [ RunTime:0.001000s ]
INFO: [ app_begin ] --END-- [ RunTime:0.001000s ]
SQL: SHOW COLUMNS FROM `fhw_categorys` [ RunTime:0.0100s ]
SQL: SELECT * FROM `fhw_categorys` WHERE `pid` = 0 ORDER BY id  [ RunTime:0.0010s ]
SQL: SELECT * FROM `fhw_categorys` WHERE `path` LIKE '0-10' LIMIT 3   [ RunTime:0.0010s ]
SQL: SELECT * FROM `fhw_categorys` WHERE `path` LIKE '0-15' LIMIT 3   [ RunTime:0.0010s ]
SQL: SELECT * FROM `fhw_categorys` WHERE `path` LIKE '0-19' LIMIT 3   [ RunTime:0.0010s ]
SQL: SELECT * FROM `fhw_categorys` WHERE `path` LIKE '0-23' LIMIT 3   [ RunTime:0.0010s ]
SQL: SELECT * FROM `fhw_categorys` WHERE `path` LIKE '0-30' LIMIT 3   [ RunTime:0.0000s ]
SQL: SELECT * FROM `fhw_categorys` WHERE `path` LIKE '0-35' LIMIT 3   [ RunTime:0.0010s ]
INFO: [ app_end ] --START--
INFO: Run Behavior\ShowPageTraceBehavior [ RunTime:0.003000s ]
INFO: [ app_end ] --END-- [ RunTime:0.003000s ]

[ 2016-06-01T19:31:12+08:00 ] ::1 /fhw/Fanhuawei/index.php/Home/public/naver.html
INFO: [ app_init ] --START--
INFO: Run Behavior\BuildLiteBehavior [ RunTime:0.000000s ]
INFO: [ app_init ] --END-- [ RunTime:0.000000s ]
INFO: [ app_begin ] --START--
INFO: Run Behavior\ReadHtmlCacheBehavior [ RunTime:0.001000s ]
INFO: [ app_begin ] --END-- [ RunTime:0.001000s ]
SQL: SHOW COLUMNS FROM `fhw_categorys` [ RunTime:0.0110s ]
SQL: SELECT * FROM `fhw_categorys` WHERE `pid` = 0 ORDER BY id  [ RunTime:0.0000s ]
INFO: [ app_end ] --START--
INFO: Run Behavior\ShowPageTraceBehavior [ RunTime:0.001001s ]
INFO: [ app_end ] --END-- [ RunTime:0.002001s ]

[ 2016-06-01T19:31:13+08:00 ] ::1 /fhw/Fanhuawei/index.php/Home/public/links.html
INFO: [ app_init ] --START--
INFO: Run Behavior\BuildLiteBehavior [ RunTime:0.001000s ]
INFO: [ app_init ] --END-- [ RunTime:0.001000s ]
INFO: [ app_begin ] --START--
INFO: Run Behavior\ReadHtmlCacheBehavior [ RunTime:0.001000s ]
INFO: [ app_begin ] --END-- [ RunTime:0.001000s ]
SQL: SHOW COLUMNS FROM `fhw_blogro` [ RunTime:0.0030s ]
SQL: SELECT * FROM `fhw_blogro` WHERE ( state=1 )  [ RunTime:0.0000s ]
INFO: [ app_end ] --START--
INFO: Run Behavior\ShowPageTraceBehavior [ RunTime:0.001000s ]
INFO: [ app_end ] --END-- [ RunTime:0.001000s ]

[ 2016-06-01T19:31:13+08:00 ] ::1 /fhw/Fanhuawei/index.php/Home/public/login.html
INFO: [ app_init ] --START--
INFO: Run Behavior\BuildLiteBehavior [ RunTime:0.000000s ]
INFO: [ app_init ] --END-- [ RunTime:0.001000s ]
INFO: [ app_begin ] --START--
INFO: Run Behavior\ReadHtmlCacheBehavior [ RunTime:0.001000s ]
INFO: [ app_begin ] --END-- [ RunTime:0.001000s ]
NOTIC: [8] Undefined index: user_info D:\www\fhw\Fanhuawei\Application\Home\Controller\PublicController.class.php 第 60 行.
NOTIC: [8] Undefined variable: user_id D:\www\fhw\Fanhuawei\Application\Home\Controller\PublicController.class.php 第 70 行.
NOTIC: [8] Undefined variable: user_name D:\www\fhw\Fanhuawei\Application\Home\Controller\PublicController.class.php 第 71 行.
INFO: [ app_end ] --START--
INFO: Run Behavior\ShowPageTraceBehavior [ RunTime:0.001000s ]
INFO: [ app_end ] --END-- [ RunTime:0.001000s ]

[ 2016-06-01T19:31:46+08:00 ] ::1 /fhw/Fanhuawei/index.php/Home/detail/particulars/goods_id/23.html
INFO: [ app_init ] --START--
INFO: Run Behavior\BuildLiteBehavior [ RunTime:0.000000s ]
INFO: [ app_init ] --END-- [ RunTime:0.001000s ]
INFO: [ app_begin ] --START--
INFO: Run Behavior\ReadHtmlCacheBehavior [ RunTime:0.000000s ]
INFO: [ app_begin ] --END-- [ RunTime:0.000000s ]
SQL: SHOW COLUMNS FROM `fhw_goods` [ RunTime:0.0110s ]
ERR: 系统不支持:memcache

[ 2016-06-01T19:31:54+08:00 ] ::1 /fhw/Fanhuawei/index.php/Home/public/smallSC.html
INFO: [ app_init ] --START--
INFO: Run Behavior\BuildLiteBehavior [ RunTime:0.000000s ]
INFO: [ app_init ] --END-- [ RunTime:0.001000s ]
INFO: [ app_begin ] --START--
INFO: Run Behavior\ReadHtmlCacheBehavior [ RunTime:0.001000s ]
INFO: [ app_begin ] --END-- [ RunTime:0.001000s ]
NOTIC: [8] Undefined index: user_info D:\www\fhw\Fanhuawei\Application\Home\Controller\PublicController.class.php 第 78 行.
SQL: SHOW COLUMNS FROM `fhw_shopcar` [ RunTime:0.0120s ]
SQL: SHOW COLUMNS FROM `fhw_shopcar` [ RunTime:0.0040s ]
ERR: 1064:You have an error in your SQL syntax; check the manual that corresponds to your MySQL server version for the right syntax to use near ')' at line 1
 [ SQL语句 ] : SELECT gd.id,gd.image1,gd.intro,gd.price,sc.style,sc.subtotal,sc.num,sc.goodsname FROM fhw_shopcar sc,fhw_goods gd WHERE ( sc.gid=gd.id and sc.uid= ) 
ERR: 1064:You have an error in your SQL syntax; check the manual that corresponds to your MySQL server version for the right syntax to use near ')' at line 1
 [ SQL语句 ] : SELECT gd.id,gd.image1,gd.intro,gd.price,sc.style,sc.subtotal,sc.num,sc.goodsname FROM fhw_shopcar sc,fhw_goods gd WHERE ( sc.gid=gd.id and sc.uid= ) 

[ 2016-06-01T19:31:55+08:00 ] ::1 /fhw/Fanhuawei/index.php/Home/public/naver.html
INFO: [ app_init ] --START--
INFO: Run Behavior\BuildLiteBehavior [ RunTime:0.000000s ]
INFO: [ app_init ] --END-- [ RunTime:0.001000s ]
INFO: [ app_begin ] --START--
INFO: Run Behavior\ReadHtmlCacheBehavior [ RunTime:0.001000s ]
INFO: [ app_begin ] --END-- [ RunTime:0.001000s ]
SQL: SHOW COLUMNS FROM `fhw_categorys` [ RunTime:0.0070s ]
SQL: SELECT * FROM `fhw_categorys` WHERE `pid` = 0 ORDER BY id  [ RunTime:0.0010s ]
INFO: [ app_end ] --START--
INFO: Run Behavior\ShowPageTraceBehavior [ RunTime:0.001000s ]
INFO: [ app_end ] --END-- [ RunTime:0.001000s ]

[ 2016-06-01T19:31:56+08:00 ] ::1 /fhw/Fanhuawei/index.php/Home/public/header.html
INFO: [ app_init ] --START--
INFO: Run Behavior\BuildLiteBehavior [ RunTime:0.000000s ]
INFO: [ app_init ] --END-- [ RunTime:0.000000s ]
INFO: [ app_begin ] --START--
INFO: Run Behavior\ReadHtmlCacheBehavior [ RunTime:0.001000s ]
INFO: [ app_begin ] --END-- [ RunTime:0.001000s ]
SQL: SHOW COLUMNS FROM `fhw_categorys` [ RunTime:0.0050s ]
SQL: SELECT * FROM `fhw_categorys` WHERE `pid` = 0 ORDER BY id  [ RunTime:0.0010s ]
SQL: SELECT * FROM `fhw_categorys` WHERE `path` LIKE '0-10' LIMIT 3   [ RunTime:0.0000s ]
SQL: SELECT * FROM `fhw_categorys` WHERE `path` LIKE '0-15' LIMIT 3   [ RunTime:0.0010s ]
SQL: SELECT * FROM `fhw_categorys` WHERE `path` LIKE '0-19' LIMIT 3   [ RunTime:0.0000s ]
SQL: SELECT * FROM `fhw_categorys` WHERE `path` LIKE '0-23' LIMIT 3   [ RunTime:0.0010s ]
SQL: SELECT * FROM `fhw_categorys` WHERE `path` LIKE '0-30' LIMIT 3   [ RunTime:0.0020s ]
SQL: SELECT * FROM `fhw_categorys` WHERE `path` LIKE '0-35' LIMIT 3   [ RunTime:0.0000s ]
INFO: [ app_end ] --START--
INFO: Run Behavior\ShowPageTraceBehavior [ RunTime:0.001000s ]
INFO: [ app_end ] --END-- [ RunTime:0.001000s ]

[ 2016-06-01T19:31:57+08:00 ] ::1 /fhw/Fanhuawei/index.php/Home/public/links.html
INFO: [ app_init ] --START--
INFO: Run Behavior\BuildLiteBehavior [ RunTime:0.000000s ]
INFO: [ app_init ] --END-- [ RunTime:0.001000s ]
INFO: [ app_begin ] --START--
INFO: Run Behavior\ReadHtmlCacheBehavior [ RunTime:0.001001s ]
INFO: [ app_begin ] --END-- [ RunTime:0.001001s ]
SQL: SHOW COLUMNS FROM `fhw_blogro` [ RunTime:0.0070s ]
SQL: SELECT * FROM `fhw_blogro` WHERE ( state=1 )  [ RunTime:0.0000s ]
INFO: [ app_end ] --START--
INFO: Run Behavior\ShowPageTraceBehavior [ RunTime:0.000000s ]
INFO: [ app_end ] --END-- [ RunTime:0.000000s ]

[ 2016-06-01T19:31:57+08:00 ] ::1 /fhw/Fanhuawei/index.php/Home/public/login.html
INFO: [ app_init ] --START--
INFO: Run Behavior\BuildLiteBehavior [ RunTime:0.000000s ]
INFO: [ app_init ] --END-- [ RunTime:0.000000s ]
INFO: [ app_begin ] --START--
INFO: Run Behavior\ReadHtmlCacheBehavior [ RunTime:0.001000s ]
INFO: [ app_begin ] --END-- [ RunTime:0.001000s ]
NOTIC: [8] Undefined index: user_info D:\www\fhw\Fanhuawei\Application\Home\Controller\PublicController.class.php 第 60 行.
NOTIC: [8] Undefined variable: user_id D:\www\fhw\Fanhuawei\Application\Home\Controller\PublicController.class.php 第 70 行.
NOTIC: [8] Undefined variable: user_name D:\www\fhw\Fanhuawei\Application\Home\Controller\PublicController.class.php 第 71 行.
INFO: [ app_end ] --START--
INFO: Run Behavior\ShowPageTraceBehavior [ RunTime:0.001000s ]
INFO: [ app_end ] --END-- [ RunTime:0.001000s ]

