[ 2016-05-18T16:02:18+08:00 ] ::1 /lamp/Fanhuawei/
INFO: [ app_init ] --START--
INFO: Run Behavior\BuildLiteBehavior [ RunTime:0.000000s ]
INFO: [ app_init ] --END-- [ RunTime:0.001000s ]
INFO: [ app_begin ] --START--
INFO: Run Behavior\ReadHtmlCacheBehavior [ RunTime:0.003001s ]
INFO: [ app_begin ] --END-- [ RunTime:0.003001s ]
INFO: [ view_parse ] --START--
INFO: [ template_filter ] --START--
INFO: Run Behavior\ContentReplaceBehavior [ RunTime:0.003000s ]
INFO: [ template_filter ] --END-- [ RunTime:0.005000s ]
INFO: Run Behavior\ParseTemplateBehavior [ RunTime:0.190011s ]
INFO: [ view_parse ] --END-- [ RunTime:0.190011s ]
INFO: [ view_filter ] --START--
INFO: Run Behavior\WriteHtmlCacheBehavior [ RunTime:0.052003s ]
INFO: [ view_filter ] --END-- [ RunTime:0.052003s ]
INFO: [ app_end ] --START--
INFO: Run Behavior\ShowPageTraceBehavior [ RunTime:0.041002s ]
INFO: [ app_end ] --END-- [ RunTime:0.042002s ]

[ 2016-05-18T16:02:23+08:00 ] ::1 /lamp/Fanhuawei/index.php/Home/public/header.html
INFO: [ app_init ] --START--
INFO: Run Behavior\BuildLiteBehavior [ RunTime:0.001000s ]
INFO: [ app_init ] --END-- [ RunTime:0.001000s ]
INFO: [ app_begin ] --START--
INFO: Run Behavior\ReadHtmlCacheBehavior [ RunTime:0.001000s ]
INFO: [ app_begin ] --END-- [ RunTime:0.001000s ]
SQL: SHOW COLUMNS FROM `fhw_categorys` [ RunTime:0.0040s ]
SQL: SELECT * FROM `fhw_categorys` WHERE `pid` = 0 ORDER BY id  [ RunTime:0.0010s ]
SQL: SELECT * FROM `fhw_categorys` WHERE `path` LIKE '0-10'  [ RunTime:0.0010s ]
SQL: SELECT * FROM `fhw_categorys` WHERE `path` LIKE '0-15'  [ RunTime:0.0020s ]
SQL: SELECT * FROM `fhw_categorys` WHERE `path` LIKE '0-19'  [ RunTime:0.0020s ]
SQL: SELECT * FROM `fhw_categorys` WHERE `path` LIKE '0-23'  [ RunTime:0.0020s ]
SQL: SELECT * FROM `fhw_categorys` WHERE `path` LIKE '0-30'  [ RunTime:0.0010s ]
SQL: SELECT * FROM `fhw_categorys` WHERE `path` LIKE '0-35'  [ RunTime:0.0010s ]
INFO: [ app_end ] --START--
INFO: Run Behavior\ShowPageTraceBehavior [ RunTime:0.001000s ]
INFO: [ app_end ] --END-- [ RunTime:0.001000s ]

[ 2016-05-18T16:02:23+08:00 ] ::1 /lamp/Fanhuawei/index.php/Home/public/naver.html
INFO: [ app_init ] --START--
INFO: Run Behavior\BuildLiteBehavior [ RunTime:0.000000s ]
INFO: [ app_init ] --END-- [ RunTime:0.001000s ]
INFO: [ app_begin ] --START--
INFO: Run Behavior\ReadHtmlCacheBehavior [ RunTime:0.002000s ]
INFO: [ app_begin ] --END-- [ RunTime:0.002000s ]
SQL: SHOW COLUMNS FROM `fhw_categorys` [ RunTime:0.0030s ]
SQL: SELECT * FROM `fhw_categorys` WHERE `pid` = 0 ORDER BY id  [ RunTime:0.0020s ]
INFO: [ app_end ] --START--
INFO: Run Behavior\ShowPageTraceBehavior [ RunTime:0.001000s ]
INFO: [ app_end ] --END-- [ RunTime:0.001000s ]

[ 2016-05-18T16:02:23+08:00 ] ::1 /lamp/Fanhuawei/index.php/Home/public/smallSC.html
INFO: [ app_init ] --START--
INFO: Run Behavior\BuildLiteBehavior [ RunTime:0.000000s ]
INFO: [ app_init ] --END-- [ RunTime:0.001000s ]
INFO: [ app_begin ] --START--
INFO: Run Behavior\ReadHtmlCacheBehavior [ RunTime:0.001000s ]
INFO: [ app_begin ] --END-- [ RunTime:0.001000s ]
SQL: SHOW COLUMNS FROM `fhw_shopcar` [ RunTime:0.0040s ]
SQL: SHOW COLUMNS FROM `fhw_shopcar` [ RunTime:0.0030s ]
SQL: SELECT gd.id,gd.image1,gd.intro,gd.price,sc.style,sc.subtotal,sc.num,sc.goodsname FROM fhw_shopcar sc,fhw_goods gd WHERE ( sc.gid=gd.id and sc.uid=26 )  [ RunTime:0.0020s ]
NOTIC: [8] Undefined variable: totalprice D:\wamp\www\lamp\Fanhuawei\Application\Home\Controller\PublicController.class.php 第 84 行.
INFO: [ app_end ] --START--
INFO: Run Behavior\ShowPageTraceBehavior [ RunTime:0.002001s ]
INFO: [ app_end ] --END-- [ RunTime:0.002001s ]

[ 2016-05-18T16:02:24+08:00 ] ::1 /lamp/Fanhuawei/index.php/Home/public/links.html
INFO: [ app_init ] --START--
INFO: Run Behavior\BuildLiteBehavior [ RunTime:0.000000s ]
INFO: [ app_init ] --END-- [ RunTime:0.001001s ]
INFO: [ app_begin ] --START--
INFO: Run Behavior\ReadHtmlCacheBehavior [ RunTime:0.002000s ]
INFO: [ app_begin ] --END-- [ RunTime:0.002000s ]
SQL: SHOW COLUMNS FROM `fhw_blogro` [ RunTime:0.0040s ]
SQL: SELECT * FROM `fhw_blogro`  [ RunTime:0.0010s ]
INFO: [ app_end ] --START--
INFO: Run Behavior\ShowPageTraceBehavior [ RunTime:0.002001s ]
INFO: [ app_end ] --END-- [ RunTime:0.002001s ]

[ 2016-05-18T16:02:24+08:00 ] ::1 /lamp/Fanhuawei/index.php/Home/public/login.html
INFO: [ app_init ] --START--
INFO: Run Behavior\BuildLiteBehavior [ RunTime:0.000000s ]
INFO: [ app_init ] --END-- [ RunTime:0.001000s ]
INFO: [ app_begin ] --START--
INFO: Run Behavior\ReadHtmlCacheBehavior [ RunTime:0.001000s ]
INFO: [ app_begin ] --END-- [ RunTime:0.001000s ]
INFO: [ app_end ] --START--
INFO: Run Behavior\ShowPageTraceBehavior [ RunTime:0.002000s ]
INFO: [ app_end ] --END-- [ RunTime:0.002000s ]

