[ 2016-05-12T09:15:55+08:00 ] ::1 /lamp/Fanhuawei/
INFO: [ app_init ] --START--
INFO: Run Behavior\BuildLiteBehavior [ RunTime:0.000000s ]
INFO: [ app_init ] --END-- [ RunTime:0.002000s ]
INFO: [ app_begin ] --START--
INFO: Run Behavior\ReadHtmlCacheBehavior [ RunTime:0.001000s ]
INFO: [ app_begin ] --END-- [ RunTime:0.002000s ]
NOTIC: [8] Undefined index: user_info D:\wamp\www\lamp\Fanhuawei\Application\Home\Controller\IndexController.class.php 第 9 行.
SQL: SHOW COLUMNS FROM `fhw_categorys` [ RunTime:0.0030s ]
SQL: SELECT * FROM `fhw_categorys`  [ RunTime:0.0010s ]
INFO: [ view_parse ] --START--
INFO: [ template_filter ] --START--
INFO: Run Behavior\ContentReplaceBehavior [ RunTime:0.000000s ]
INFO: [ template_filter ] --END-- [ RunTime:0.001000s ]
INFO: Run Behavior\ParseTemplateBehavior [ RunTime:0.062003s ]
INFO: [ view_parse ] --END-- [ RunTime:0.062003s ]
INFO: [ view_filter ] --START--
INFO: Run Behavior\WriteHtmlCacheBehavior [ RunTime:0.001000s ]
INFO: [ view_filter ] --END-- [ RunTime:0.001000s ]
INFO: [ app_end ] --START--
INFO: Run Behavior\ShowPageTraceBehavior [ RunTime:0.001000s ]
INFO: [ app_end ] --END-- [ RunTime:0.002000s ]

[ 2016-05-12T09:15:59+08:00 ] ::1 /lamp/Fanhuawei/index.php/home/Detail/particulars/goods_id/5
INFO: [ app_init ] --START--
INFO: Run Behavior\BuildLiteBehavior [ RunTime:0.000000s ]
INFO: [ app_init ] --END-- [ RunTime:0.000000s ]
INFO: [ app_begin ] --START--
INFO: Run Behavior\ReadHtmlCacheBehavior [ RunTime:0.001000s ]
INFO: [ app_begin ] --END-- [ RunTime:0.001000s ]
SQL: SHOW COLUMNS FROM `fhw_goods` [ RunTime:0.0040s ]
SQL: SELECT `id`,`name`,`price`,`intro`,`addtime`,`image1`,`image2`,`image3` FROM `fhw_goods` WHERE `id` = 5  [ RunTime:0.0010s ]
SQL: SHOW COLUMNS FROM `fhw_goodspic` [ RunTime:0.0030s ]
SQL: SELECT `pic1`,`pic2`,`pic3`,`pic4`,`pic5` FROM `fhw_goodspic` WHERE `gid` = 5  [ RunTime:0.0010s ]
SQL: SHOW COLUMNS FROM `fhw_goods` [ RunTime:0.0040s ]
SQL: SELECT `id`,`name`,`cateid`,`intro` FROM `fhw_goods` WHERE `id` = 5  [ RunTime:0.0010s ]
SQL: SHOW COLUMNS FROM `fhw_paraattr` [ RunTime:0.0030s ]
SQL: SELECT `pid` FROM `fhw_paraattr` WHERE `cid` = 12  [ RunTime:0.0010s ]
SQL: SHOW COLUMNS FROM `fhw_paracate` [ RunTime:0.0030s ]
SQL: SELECT * FROM `fhw_paracate` WHERE `id` IN ('1','4','5','6','7','8')  [ RunTime:0.0010s ]
SQL: SELECT `attr` FROM `fhw_paraattr` WHERE `cid` = 12  [ RunTime:0.0010s ]
SQL: SELECT * FROM `fhw_paracate` WHERE `id` IN ('9','10','11','12','13','14','22','23','24','20','21','25','26','28','29')  [ RunTime:0.0040s ]
SQL: SHOW COLUMNS FROM `fhw_parapart` [ RunTime:0.0030s ]
SQL: SELECT * FROM `fhw_parapart` WHERE `goodsid` = 5  [ RunTime:0.0010s ]
INFO: [ view_parse ] --START--
INFO: [ template_filter ] --START--
INFO: Run Behavior\ContentReplaceBehavior [ RunTime:0.001000s ]
INFO: [ template_filter ] --END-- [ RunTime:0.001000s ]
NOTIC: [8] Undefined variable: userinfo D:\wamp\www\lamp\Fanhuawei\Application\Runtime\Cache\Home\d4f47c2eb49470312d544b9f3dc764a1.php 第 45 行.
NOTIC: [8] Undefined variable: data D:\wamp\www\lamp\Fanhuawei\Application\Runtime\Cache\Home\d4f47c2eb49470312d544b9f3dc764a1.php 第 183 行.
INFO: Run Behavior\ParseTemplateBehavior [ RunTime:0.085005s ]
INFO: [ view_parse ] --END-- [ RunTime:0.085005s ]
INFO: [ view_filter ] --START--
INFO: Run Behavior\WriteHtmlCacheBehavior [ RunTime:0.001000s ]
INFO: [ view_filter ] --END-- [ RunTime:0.001000s ]
INFO: [ app_end ] --START--
INFO: Run Behavior\ShowPageTraceBehavior [ RunTime:0.002000s ]
INFO: [ app_end ] --END-- [ RunTime:0.002000s ]

[ 2016-05-12T09:16:16+08:00 ] ::1 /lamp/Fanhuawei/index.php/home/Detail/particulars/goods_id/5
INFO: [ app_init ] --START--
INFO: Run Behavior\BuildLiteBehavior [ RunTime:0.000000s ]
INFO: [ app_init ] --END-- [ RunTime:0.001000s ]
INFO: [ app_begin ] --START--
INFO: Run Behavior\ReadHtmlCacheBehavior [ RunTime:0.001000s ]
INFO: [ app_begin ] --END-- [ RunTime:0.001000s ]
SQL: SHOW COLUMNS FROM `fhw_goods` [ RunTime:0.0030s ]
SQL: SELECT `id`,`name`,`price`,`intro`,`addtime`,`image1`,`image2`,`image3` FROM `fhw_goods` WHERE `id` = 5  [ RunTime:0.0010s ]
SQL: SHOW COLUMNS FROM `fhw_goodspic` [ RunTime:0.0030s ]
SQL: SELECT `pic1`,`pic2`,`pic3`,`pic4`,`pic5` FROM `fhw_goodspic` WHERE `gid` = 5  [ RunTime:0.0010s ]
SQL: SHOW COLUMNS FROM `fhw_goods` [ RunTime:0.0030s ]
SQL: SELECT `id`,`name`,`cateid`,`intro` FROM `fhw_goods` WHERE `id` = 5  [ RunTime:0.0010s ]
SQL: SHOW COLUMNS FROM `fhw_paraattr` [ RunTime:0.0020s ]
SQL: SELECT `pid` FROM `fhw_paraattr` WHERE `cid` = 12  [ RunTime:0.0010s ]
SQL: SHOW COLUMNS FROM `fhw_paracate` [ RunTime:0.0020s ]
SQL: SELECT * FROM `fhw_paracate` WHERE `id` IN ('1','4','5','6','7','8')  [ RunTime:0.0010s ]
SQL: SELECT `attr` FROM `fhw_paraattr` WHERE `cid` = 12  [ RunTime:0.0010s ]
SQL: SELECT * FROM `fhw_paracate` WHERE `id` IN ('9','10','11','12','13','14','22','23','24','20','21','25','26','28','29')  [ RunTime:0.0020s ]
SQL: SHOW COLUMNS FROM `fhw_parapart` [ RunTime:0.0030s ]
SQL: SELECT * FROM `fhw_parapart` WHERE `goodsid` = 5  [ RunTime:0.0020s ]
INFO: [ view_parse ] --START--
INFO: [ template_filter ] --START--
INFO: Run Behavior\ContentReplaceBehavior [ RunTime:0.000000s ]
INFO: [ template_filter ] --END-- [ RunTime:0.000000s ]
NOTIC: [8] Undefined variable: userinfo D:\wamp\www\lamp\Fanhuawei\Application\Runtime\Cache\Home\d4f47c2eb49470312d544b9f3dc764a1.php 第 45 行.
NOTIC: [8] Undefined variable: data D:\wamp\www\lamp\Fanhuawei\Application\Runtime\Cache\Home\d4f47c2eb49470312d544b9f3dc764a1.php 第 183 行.
INFO: Run Behavior\ParseTemplateBehavior [ RunTime:0.054003s ]
INFO: [ view_parse ] --END-- [ RunTime:0.055003s ]
INFO: [ view_filter ] --START--
INFO: Run Behavior\WriteHtmlCacheBehavior [ RunTime:0.000000s ]
INFO: [ view_filter ] --END-- [ RunTime:0.000000s ]
INFO: [ app_end ] --START--
INFO: Run Behavior\ShowPageTraceBehavior [ RunTime:0.001000s ]
INFO: [ app_end ] --END-- [ RunTime:0.001000s ]

[ 2016-05-12T09:16:47+08:00 ] ::1 /lamp/Fanhuawei/index.php/home/Detail/particulars/goods_id/5
INFO: [ app_init ] --START--
INFO: Run Behavior\BuildLiteBehavior [ RunTime:0.000000s ]
INFO: [ app_init ] --END-- [ RunTime:0.001000s ]
INFO: [ app_begin ] --START--
INFO: Run Behavior\ReadHtmlCacheBehavior [ RunTime:0.002000s ]
INFO: [ app_begin ] --END-- [ RunTime:0.002000s ]
SQL: SHOW COLUMNS FROM `fhw_goods` [ RunTime:0.0030s ]
SQL: SELECT `id`,`name`,`price`,`intro`,`addtime`,`image1`,`image2`,`image3` FROM `fhw_goods` WHERE `id` = 5  [ RunTime:0.0010s ]
SQL: SHOW COLUMNS FROM `fhw_goodspic` [ RunTime:0.0030s ]
SQL: SELECT `pic1`,`pic2`,`pic3`,`pic4`,`pic5` FROM `fhw_goodspic` WHERE `gid` = 5  [ RunTime:0.0010s ]
SQL: SHOW COLUMNS FROM `fhw_goods` [ RunTime:0.0020s ]
SQL: SELECT `id`,`name`,`cateid`,`intro` FROM `fhw_goods` WHERE `id` = 5  [ RunTime:0.0010s ]
SQL: SHOW COLUMNS FROM `fhw_paraattr` [ RunTime:0.0020s ]
SQL: SELECT `pid` FROM `fhw_paraattr` WHERE `cid` = 12  [ RunTime:0.0010s ]
SQL: SHOW COLUMNS FROM `fhw_paracate` [ RunTime:0.0020s ]
SQL: SELECT * FROM `fhw_paracate` WHERE `id` IN ('1','4','5','6','7','8')  [ RunTime:0.0010s ]
SQL: SELECT `attr` FROM `fhw_paraattr` WHERE `cid` = 12  [ RunTime:0.0010s ]
SQL: SELECT * FROM `fhw_paracate` WHERE `id` IN ('9','10','11','12','13','14','22','23','24','20','21','25','26','28','29')  [ RunTime:0.0010s ]
SQL: SHOW COLUMNS FROM `fhw_parapart` [ RunTime:0.0020s ]
SQL: SELECT * FROM `fhw_parapart` WHERE `goodsid` = 5  [ RunTime:0.0010s ]
INFO: [ view_parse ] --START--
INFO: [ template_filter ] --START--
INFO: Run Behavior\ContentReplaceBehavior [ RunTime:0.000000s ]
INFO: [ template_filter ] --END-- [ RunTime:0.001000s ]
NOTIC: [8] Undefined variable: userinfo D:\wamp\www\lamp\Fanhuawei\Application\Runtime\Cache\Home\d4f47c2eb49470312d544b9f3dc764a1.php 第 45 行.
NOTIC: [8] Undefined variable: data D:\wamp\www\lamp\Fanhuawei\Application\Runtime\Cache\Home\d4f47c2eb49470312d544b9f3dc764a1.php 第 183 行.
INFO: Run Behavior\ParseTemplateBehavior [ RunTime:0.051003s ]
INFO: [ view_parse ] --END-- [ RunTime:0.051003s ]
INFO: [ view_filter ] --START--
INFO: Run Behavior\WriteHtmlCacheBehavior [ RunTime:0.001000s ]
INFO: [ view_filter ] --END-- [ RunTime:0.001000s ]
INFO: [ app_end ] --START--
INFO: Run Behavior\ShowPageTraceBehavior [ RunTime:0.001000s ]
INFO: [ app_end ] --END-- [ RunTime:0.001000s ]

